Notify: search current JDK in Windows registry at (SOFTWARE\Wow6432Node\JavaSoft\Java Development Kit)	[MsgId: MMSG-22196]	[MsgId: MMSG-22986]
Notify: search current JDK in Windows registry at(SOFTWARE\JavaSoft\Java Development Kit)	[MsgId: MMSG-22198]	[MsgId: MMSG-22986]
Notify: search in JAVA_HOME	[MsgId: MMSG-22195]	[MsgId: MMSG-22986]
Notify: JDK found at C:/Program Files/Java/jdk8u265-full	[MsgId: MMSG-22192]	[MsgId: MMSG-22986]
Notify: JVMArgs.log is created here: C:\Users\User\Documents\VuGen\Scripts\SoapAction	[MsgId: MMSG-22986]
Start auto log messages stack - Iteration 1160.	[MsgId: MMSG-10545]
Start auto log messages stack - Iteration 17996.	[MsgId: MMSG-10545]
Start auto log messages stack - Iteration 3264.	[MsgId: MMSG-10545]
Start auto log messages stack - Iteration 10754.	[MsgId: MMSG-10545]
Start auto log messages stack - Iteration 8084.	[MsgId: MMSG-10545]
Actions.java(22): Notify: Next row for parameter middlename = 7384 [table  = middlename].	[MsgId: MMSG-13876]
Actions.java(22): Notify: Parameter Substitution: parameter "middlename" =  "Earlene"	[MsgId: MMSG-13992]
Actions.java(22): Notify: Next row for parameter lastname = 7384 [table  = lastname].	[MsgId: MMSG-13876]
Actions.java(22): Notify: Parameter Substitution: parameter "lastname" =  "Stanton"	[MsgId: MMSG-13992]
Actions.java(22): Notify: Next row for parameter addressreg = 7384 [table  = addressreg].	[MsgId: MMSG-13876]
Actions.java(22): Notify: Next row for parameter middlename = 7951 [table  = middlename].	[MsgId: MMSG-13876]
Actions.java(22): Notify: Parameter Substitution: parameter "middlename" =  "Balistreri"	[MsgId: MMSG-13992]
Actions.java(22): Notify: Next row for parameter middlename = 7097 [table  = middlename].	[MsgId: MMSG-13876]
Actions.java(22): Notify: Next row for parameter lastname = 7951 [table  = lastname].	[MsgId: MMSG-13876]
Actions.java(22): Notify: Parameter Substitution: parameter "addressreg" =  "14 Harewood Avenue, Eastburn"	[MsgId: MMSG-13992]
Actions.java(22): Notify: Parameter Substitution: parameter "randamount" =  "9268"	[MsgId: MMSG-13992]
Actions.java(22): Notify: Parameter Substitution: parameter "lastname" =  "Mr.Sean"	[MsgId: MMSG-13992]
Actions.java(22): Notify: Parameter Substitution: parameter "middlename" =  "Proctor"	[MsgId: MMSG-13992]
web_reg_save_param started  	[MsgId: MMSG-26355]
Registering web_reg_save_param was successful  	[MsgId: MMSG-26390]
Actions.java(22): Notify: Next row for parameter addressreg = 7951 [table  = addressreg].	[MsgId: MMSG-13876]
Actions.java(22): Notify: Next row for parameter lastname = 7097 [table  = lastname].	[MsgId: MMSG-13876]
Actions.java(22): Notify: Transaction "Transfer" started.	[MsgId: MMSG-16999]
Actions.java(22): Notify: Parameter Substitution: parameter "url" =  "http://localhost:8080/WebApp/AppServlet"	[MsgId: MMSG-13992]
Actions.java(22): Notify: Parameter Substitution: parameter "lastname" =  "Gerard"	[MsgId: MMSG-13992]
Actions.java(22): Notify: Next row for parameter middlename = 5615 [table  = middlename].	[MsgId: MMSG-13876]
web_custom_request("post_query.exe") started  	[MsgId: MMSG-26355]
t=45950ms: Connecting [0] to host 127.0.0.1:8080  	[MsgId: MMSG-26000]
Actions.java(22): Notify: Next row for parameter addressreg = 7097 [table  = addressreg].	[MsgId: MMSG-13876]
Actions.java(22): Notify: Parameter Substitution: parameter "middlename" =  "Crystel"	[MsgId: MMSG-13992]
Actions.java(22): Notify: Next row for parameter middlename = 4694 [table  = middlename].	[MsgId: MMSG-13876]
Error -27792: Failed to connect to server "localhost:8080": [10048] Address already in use
Try changing the registry value 
HKEY_LOCAL_MACHINE\System\CurrentControlSet\Services\tcpip\Parameters\TcpTimedWaitDelay to 30
and HKEY_LOCAL_MACHINE\System\CurrentControlSet\Services\tcpip\Parameters\MaxUserPort to 65534
and rebooting the machine
See the readme.doc file for more information  	[MsgId: MERR-27792]
Actions.java(22): Notify: Next row for parameter lastname = 5615 [table  = lastname].	[MsgId: MMSG-13876]
Actions.java(22): Notify: Parameter Substitution: parameter "middlename" =  "Mrs.Ashtyn"	[MsgId: MMSG-13992]
Actions.java(22): Notify: Parameter Substitution: parameter "lastname" =  "Proctor"	[MsgId: MMSG-13992]
Actions.java(22): Notify: Next row for parameter lastname = 4694 [table  = lastname].	[MsgId: MMSG-13876]
Actions.java(22): Notify: Parameter Substitution: parameter "addressreg" =  "85 Oxton Road, Birkenhead"	[MsgId: MMSG-13992]
End auto log messages stack.	[MsgId: MMSG-10544]
Actions.java(22): Notify: Next row for parameter addressreg = 5615 [table  = addressreg].	[MsgId: MMSG-13876]


Actions.java(22): Notify: Parameter Substitution: parameter "randamount" =  "60203"	[MsgId: MMSG-13992]
Actions.java(22): Notify: Parameter Substitution: parameter "lastname" =  "Crystel"	[MsgId: MMSG-13992]
web_reg_save_param started  	[MsgId: MMSG-26355]
Registering web_reg_save_param was successful  	[MsgId: MMSG-26390]
Actions.java(22): Notify: Next row for parameter addressreg = 4694 [table  = addressreg].	[MsgId: MMSG-13876]
Actions.java(22): Notify: Parameter Substitution: parameter "addressreg" =  "27 Brushfield Road, Birmingham"	[MsgId: MMSG-13992]
Actions.java(22): Notify: Transaction "Transfer" started.	[MsgId: MMSG-16999]
Actions.java(22): Notify: Parameter Substitution: parameter "randamount" =  "43220"	[MsgId: MMSG-13992]
web_reg_save_param started  	[MsgId: MMSG-26355]
Actions.java(22): Notify: Parameter Substitution: parameter "url" =  "http://localhost:8080/WebApp/AppServlet"	[MsgId: MMSG-13992]
Actions.java(22): Notify: Parameter Substitution: parameter "addressreg" =  "Second Floor Flat, 7 Well Road, London"	[MsgId: MMSG-13992]
Registering web_reg_save_param was successful  	[MsgId: MMSG-26390]
web_custom_request("post_query.exe") started  	[MsgId: MMSG-26355]
Actions.java(22): Notify: Parameter Substitution: parameter "randamount" =  "67823"	[MsgId: MMSG-13992]
Actions.java(22): Notify: Transaction "Transfer" started.	[MsgId: MMSG-16999]
t=45950ms: Connecting [0] to host 127.0.0.1:8080  	[MsgId: MMSG-26000]
web_reg_save_param started  	[MsgId: MMSG-26355]
Actions.java(22): Notify: Parameter Substitution: parameter "url" =  "http://localhost:8080/WebApp/AppServlet"	[MsgId: MMSG-13992]
Error -27792: Failed to connect to server "localhost:8080": [10048] Address already in use
Try changing the registry value 
HKEY_LOCAL_MACHINE\System\CurrentControlSet\Services\tcpip\Parameters\TcpTimedWaitDelay to 30
and HKEY_LOCAL_MACHINE\System\CurrentControlSet\Services\tcpip\Parameters\MaxUserPort to 65534
and rebooting the machine
See the readme.doc file for more information  	[MsgId: MERR-27792]
Registering web_reg_save_param was successful  	[MsgId: MMSG-26390]
web_custom_request("post_query.exe") started  	[MsgId: MMSG-26355]
Actions.java(22): Notify: Transaction "Transfer" started.	[MsgId: MMSG-16999]
Actions.java(22): Notify: Parameter Substitution: parameter "addressreg" =  "44 Old Hall Lane, Elton"	[MsgId: MMSG-13992]
t=45950ms: Connecting [0] to host 127.0.0.1:8080  	[MsgId: MMSG-26000]
End auto log messages stack.	[MsgId: MMSG-10544]
Actions.java(22): Notify: Parameter Substitution: parameter "randamount" =  "53840"	[MsgId: MMSG-13992]
Actions.java(22): Notify: Parameter Substitution: parameter "url" =  "http://localhost:8080/WebApp/AppServlet"	[MsgId: MMSG-13992]
Error -27792: Failed to connect to server "localhost:8080": [10048] Address already in use
Try changing the registry value 
HKEY_LOCAL_MACHINE\System\CurrentControlSet\Services\tcpip\Parameters\TcpTimedWaitDelay to 30
and HKEY_LOCAL_MACHINE\System\CurrentControlSet\Services\tcpip\Parameters\MaxUserPort to 65534
and rebooting the machine
See the readme.doc file for more information  	[MsgId: MERR-27792]


web_reg_save_param started  	[MsgId: MMSG-26355]
web_custom_request("post_query.exe") started  	[MsgId: MMSG-26355]
Registering web_reg_save_param was successful  	[MsgId: MMSG-26390]
t=45950ms: Connecting [0] to host 127.0.0.1:8080  	[MsgId: MMSG-26000]
Error -27792: Failed to connect to server "localhost:8080": [10048] Address already in use
Try changing the registry value 
HKEY_LOCAL_MACHINE\System\CurrentControlSet\Services\tcpip\Parameters\TcpTimedWaitDelay to 30
and HKEY_LOCAL_MACHINE\System\CurrentControlSet\Services\tcpip\Parameters\MaxUserPort to 65534
and rebooting the machine
See the readme.doc file for more information  	[MsgId: MERR-27792]
Actions.java(22): Notify: Transaction "Transfer" started.	[MsgId: MMSG-16999]
End auto log messages stack.	[MsgId: MMSG-10544]


Actions.java(22): Notify: Parameter Substitution: parameter "url" =  "http://localhost:8080/WebApp/AppServlet"	[MsgId: MMSG-13992]
web_custom_request("post_query.exe") started  	[MsgId: MMSG-26355]
End auto log messages stack.	[MsgId: MMSG-10544]
t=45950ms: Connecting [0] to host 127.0.0.1:8080  	[MsgId: MMSG-26000]


Error -27792: Failed to connect to server "localhost:8080": [10048] Address already in use
Try changing the registry value 
HKEY_LOCAL_MACHINE\System\CurrentControlSet\Services\tcpip\Parameters\TcpTimedWaitDelay to 30
and HKEY_LOCAL_MACHINE\System\CurrentControlSet\Services\tcpip\Parameters\MaxUserPort to 65534
and rebooting the machine
See the readme.doc file for more information  	[MsgId: MERR-27792]
End auto log messages stack.	[MsgId: MMSG-10544]


Start auto log messages stack - Iteration 5581.	[MsgId: MMSG-10545]
Actions.java(22): Notify: Next row for parameter middlename = 6257 [table  = middlename].	[MsgId: MMSG-13876]
Actions.java(22): Notify: Parameter Substitution: parameter "middlename" =  "Kieran"	[MsgId: MMSG-13992]
Actions.java(22): Notify: Next row for parameter lastname = 6257 [table  = lastname].	[MsgId: MMSG-13876]
Actions.java(22): Notify: Parameter Substitution: parameter "lastname" =  "Dr.Euna"	[MsgId: MMSG-13992]
Actions.java(22): Notify: Next row for parameter addressreg = 6257 [table  = addressreg].	[MsgId: MMSG-13876]
Actions.java(22): Notify: Parameter Substitution: parameter "addressreg" =  "6 Thorkhill Road, Thames Ditton"	[MsgId: MMSG-13992]
Actions.java(22): Notify: Parameter Substitution: parameter "randamount" =  "92341"	[MsgId: MMSG-13992]
web_reg_save_param started  	[MsgId: MMSG-26355]
Registering web_reg_save_param was successful  	[MsgId: MMSG-26390]
Actions.java(22): Notify: Transaction "Transfer" started.	[MsgId: MMSG-16999]
Actions.java(22): Notify: Parameter Substitution: parameter "url" =  "http://localhost:8080/WebApp/AppServlet"	[MsgId: MMSG-13992]
web_custom_request("post_query.exe") started  	[MsgId: MMSG-26355]
t=45978ms: Connecting [0] to host 127.0.0.1:8080  	[MsgId: MMSG-26000]
Error -27792: Failed to connect to server "localhost:8080": [10048] Address already in use
Try changing the registry value 
HKEY_LOCAL_MACHINE\System\CurrentControlSet\Services\tcpip\Parameters\TcpTimedWaitDelay to 30
and HKEY_LOCAL_MACHINE\System\CurrentControlSet\Services\tcpip\Parameters\MaxUserPort to 65534
and rebooting the machine
See the readme.doc file for more information  	[MsgId: MERR-27792]
End auto log messages stack.	[MsgId: MMSG-10544]


Start auto log messages stack - Iteration 14091.	[MsgId: MMSG-10545]
Actions.java(22): Notify: Next row for parameter middlename = 5262 [table  = middlename].	[MsgId: MMSG-13876]
Actions.java(22): Notify: Parameter Substitution: parameter "middlename" =  "Kertzmann"	[MsgId: MMSG-13992]
Actions.java(22): Notify: Next row for parameter lastname = 5262 [table  = lastname].	[MsgId: MMSG-13876]
Actions.java(22): Notify: Parameter Substitution: parameter "lastname" =  "Kohler"	[MsgId: MMSG-13992]
Actions.java(22): Notify: Next row for parameter addressreg = 5262 [table  = addressreg].	[MsgId: MMSG-13876]
Actions.java(22): Notify: Parameter Substitution: parameter "addressreg" =  "26 Goldsmith Avenue, Southsea"	[MsgId: MMSG-13992]
Actions.java(22): Notify: Parameter Substitution: parameter "randamount" =  "82698"	[MsgId: MMSG-13992]
Start auto log messages stack - Iteration 19131.	[MsgId: MMSG-10545]
web_reg_save_param started  	[MsgId: MMSG-26355]
Registering web_reg_save_param was successful  	[MsgId: MMSG-26390]
Actions.java(22): Notify: Transaction "Transfer" started.	[MsgId: MMSG-16999]
Actions.java(22): Notify: Parameter Substitution: parameter "url" =  "http://localhost:8080/WebApp/AppServlet"	[MsgId: MMSG-13992]
web_custom_request("post_query.exe") started  	[MsgId: MMSG-26355]
t=45978ms: Connecting [0] to host 127.0.0.1:8080  	[MsgId: MMSG-26000]
Error -27792: Failed to connect to server "localhost:8080": [10048] Address already in use
Try changing the registry value 
HKEY_LOCAL_MACHINE\System\CurrentControlSet\Services\tcpip\Parameters\TcpTimedWaitDelay to 30
and HKEY_LOCAL_MACHINE\System\CurrentControlSet\Services\tcpip\Parameters\MaxUserPort to 65534
and rebooting the machine
See the readme.doc file for more information  	[MsgId: MERR-27792]
End auto log messages stack.	[MsgId: MMSG-10544]


Actions.java(22): Notify: Next row for parameter middlename = 638 [table  = middlename].	[MsgId: MMSG-13876]
Start auto log messages stack - Iteration 5581.	[MsgId: MMSG-10545]
Start auto log messages stack - Iteration 17996.	[MsgId: MMSG-10545]
Start auto log messages stack - Iteration 10754.	[MsgId: MMSG-10545]
Start auto log messages stack - Iteration 14091.	[MsgId: MMSG-10545]
t=45990ms: Closed connection [0] to localhost:8080 after completing 0 request(s)  	[MsgId: MMSG-26000]
Actions.java(22): Notify: Parameter Substitution: parameter "middlename" =  "Graham"	[MsgId: MMSG-13992]
t=45980ms: Closed connection [0] to localhost:8080 after completing 0 request(s)  	[MsgId: MMSG-26000]
t=45981ms: Closed connection [0] to localhost:8080 after completing 0 request(s)  	[MsgId: MMSG-26000]
t=45994ms: Closed connection [0] to localhost:8080 after completing 0 request(s)  	[MsgId: MMSG-26000]
Error -26377: No match found for the requested parameter "Final". Either the specified boundaries were not found in the response or the matched text is longer than current max html parameter size of 256 bytes. The total length of the response is 0 bytes. You can use "web_set_max_html_param_len" to increase the max parameter size.  	[MsgId: MERR-26377]
Start auto log messages stack - Iteration 1160.	[MsgId: MMSG-10545]
Start auto log messages stack - Iteration 8084.	[MsgId: MMSG-10545]
Error -26377: No match found for the requested parameter "Final". Either the specified boundaries were not found in the response or the matched text is longer than current max html parameter size of 256 bytes. The total length of the response is 0 bytes. You can use "web_set_max_html_param_len" to increase the max parameter size.  	[MsgId: MERR-26377]
Actions.java(22): Notify: Next row for parameter lastname = 638 [table  = lastname].	[MsgId: MMSG-13876]
Error -26377: No match found for the requested parameter "Final". Either the specified boundaries were not found in the response or the matched text is longer than current max html parameter size of 256 bytes. The total length of the response is 0 bytes. You can use "web_set_max_html_param_len" to increase the max parameter size.  	[MsgId: MERR-26377]
t=45981ms: Closed connection [0] to localhost:8080 after completing 0 request(s)  	[MsgId: MMSG-26000]
t=45980ms: Closed connection [0] to localhost:8080 after completing 0 request(s)  	[MsgId: MMSG-26000]
Error -26377: No match found for the requested parameter "Final". Either the specified boundaries were not found in the response or the matched text is longer than current max html parameter size of 256 bytes. The total length of the response is 0 bytes. You can use "web_set_max_html_param_len" to increase the max parameter size.  	[MsgId: MERR-26377]
Error -26377: No match found for the requested parameter "Final". Either the specified boundaries were not found in the response or the matched text is longer than current max html parameter size of 256 bytes. The total length of the response is 0 bytes. You can use "web_set_max_html_param_len" to increase the max parameter size.  	[MsgId: MERR-26377]
End auto log messages stack.	[MsgId: MMSG-10544]
Error -26377: No match found for the requested parameter "Final". Either the specified boundaries were not found in the response or the matched text is longer than current max html parameter size of 256 bytes. The total length of the response is 0 bytes. You can use "web_set_max_html_param_len" to increase the max parameter size.  	[MsgId: MERR-26377]
End auto log messages stack.	[MsgId: MMSG-10544]


End auto log messages stack.	[MsgId: MMSG-10544]
End auto log messages stack.	[MsgId: MMSG-10544]
End auto log messages stack.	[MsgId: MMSG-10544]




Start auto log messages stack - Iteration 5581.	[MsgId: MMSG-10545]


Actions.java(22): Notify: Parameter Substitution: parameter "lastname" =  "II"	[MsgId: MMSG-13992]
End auto log messages stack.	[MsgId: MMSG-10544]
Start auto log messages stack - Iteration 8084.	[MsgId: MMSG-10545]
Actions.java(22): Notify: Saving Parameter "Final = ".	[MsgId: MMSG-13798]
Start auto log messages stack - Iteration 1160.	[MsgId: MMSG-10545]




Error -26374: The above "not found" error(s) may be explained by header and body byte counts being 0 and 0, respectively.  	[MsgId: MERR-26374]
Start auto log messages stack - Iteration 10754.	[MsgId: MMSG-10545]
Actions.java(22): Notify: Saving Parameter "Final = ".	[MsgId: MMSG-13798]
Actions.java(22): Notify: Next row for parameter addressreg = 638 [table  = addressreg].	[MsgId: MMSG-13876]
Actions.java(22): Notify: Saving Parameter "Final = ".	[MsgId: MMSG-13798]
Start auto log messages stack - Iteration 17996.	[MsgId: MMSG-10545]
Error -26374: The above "not found" error(s) may be explained by header and body byte counts being 0 and 0, respectively.  	[MsgId: MERR-26374]
Actions.java(22): Notify: Saving Parameter "Final = ".	[MsgId: MMSG-13798]
Error -26374: The above "not found" error(s) may be explained by header and body byte counts being 0 and 0, respectively.  	[MsgId: MERR-26374]
Start auto log messages stack - Iteration 14091.	[MsgId: MMSG-10545]
Error -26374: The above "not found" error(s) may be explained by header and body byte counts being 0 and 0, respectively.  	[MsgId: MERR-26374]
End auto log messages stack.	[MsgId: MMSG-10544]
Actions.java(22): Notify: Saving Parameter "Final = ".	[MsgId: MMSG-13798]


Actions.java(22): Notify: Saving Parameter "Final = ".	[MsgId: MMSG-13798]
Error -26374: The above "not found" error(s) may be explained by header and body byte counts being 0 and 0, respectively.  	[MsgId: MERR-26374]
End auto log messages stack.	[MsgId: MMSG-10544]
End auto log messages stack.	[MsgId: MMSG-10544]
Error -26374: The above "not found" error(s) may be explained by header and body byte counts being 0 and 0, respectively.  	[MsgId: MERR-26374]




End auto log messages stack.	[MsgId: MMSG-10544]
Start auto log messages stack - Iteration 3264.	[MsgId: MMSG-10545]


End auto log messages stack.	[MsgId: MMSG-10544]
t=45981ms: Closed connection [0] to localhost:8080 after completing 0 request(s)  	[MsgId: MMSG-26000]
End auto log messages stack.	[MsgId: MMSG-10544]


Error -26377: No match found for the requested parameter "Final". Either the specified boundaries were not found in the response or the matched text is longer than current max html parameter size of 256 bytes. The total length of the response is 0 bytes. You can use "web_set_max_html_param_len" to increase the max parameter size.  	[MsgId: MERR-26377]


End auto log messages stack.	[MsgId: MMSG-10544]


Start auto log messages stack - Iteration 3264.	[MsgId: MMSG-10545]
Actions.java(22): Notify: Saving Parameter "Final = ".	[MsgId: MMSG-13798]
Error -26374: The above "not found" error(s) may be explained by header and body byte counts being 0 and 0, respectively.  	[MsgId: MERR-26374]
End auto log messages stack.	[MsgId: MMSG-10544]


Actions.java(22): Notify: Parameter Substitution: parameter "addressreg" =  "14 Glebe Court, Church Road, Hanwell"	[MsgId: MMSG-13992]
Actions.java(22): Notify: Parameter Substitution: parameter "randamount" =  "32410"	[MsgId: MMSG-13992]
web_reg_save_param started  	[MsgId: MMSG-26355]
Registering web_reg_save_param was successful  	[MsgId: MMSG-26390]
Actions.java(22): Notify: Transaction "Transfer" started.	[MsgId: MMSG-16999]
Actions.java(22): Notify: Parameter Substitution: parameter "url" =  "http://localhost:8080/WebApp/AppServlet"	[MsgId: MMSG-13992]
web_custom_request("post_query.exe") started  	[MsgId: MMSG-26355]
t=45978ms: Connecting [0] to host 127.0.0.1:8080  	[MsgId: MMSG-26000]
Error -27792: Failed to connect to server "localhost:8080": [10048] Address already in use
Try changing the registry value 
HKEY_LOCAL_MACHINE\System\CurrentControlSet\Services\tcpip\Parameters\TcpTimedWaitDelay to 30
and HKEY_LOCAL_MACHINE\System\CurrentControlSet\Services\tcpip\Parameters\MaxUserPort to 65534
and rebooting the machine
See the readme.doc file for more information  	[MsgId: MERR-27792]
End auto log messages stack.	[MsgId: MMSG-10544]


Start auto log messages stack - Iteration 19131.	[MsgId: MMSG-10545]
t=45995ms: Closed connection [0] to localhost:8080 after completing 0 request(s)  	[MsgId: MMSG-26000]
Error -26377: No match found for the requested parameter "Final". Either the specified boundaries were not found in the response or the matched text is longer than current max html parameter size of 256 bytes. The total length of the response is 0 bytes. You can use "web_set_max_html_param_len" to increase the max parameter size.  	[MsgId: MERR-26377]
End auto log messages stack.	[MsgId: MMSG-10544]


Start auto log messages stack - Iteration 19131.	[MsgId: MMSG-10545]
Actions.java(22): Notify: Saving Parameter "Final = ".	[MsgId: MMSG-13798]
Error -26374: The above "not found" error(s) may be explained by header and body byte counts being 0 and 0, respectively.  	[MsgId: MERR-26374]
End auto log messages stack.	[MsgId: MMSG-10544]


