Notify: search current JDK in Windows registry at (SOFTWARE\Wow6432Node\JavaSoft\Java Development Kit)	[MsgId: MMSG-22196]	[MsgId: MMSG-22986]
Notify: search current JDK in Windows registry at(SOFTWARE\JavaSoft\Java Development Kit)	[MsgId: MMSG-22198]	[MsgId: MMSG-22986]
Notify: search in JAVA_HOME	[MsgId: MMSG-22195]	[MsgId: MMSG-22986]
Notify: JDK found at C:/Program Files/Java/jdk8u265-full	[MsgId: MMSG-22192]	[MsgId: MMSG-22986]
Notify: JVMArgs.log is created here: C:\Users\User\Documents\VuGen\Scripts\SoapAction	[MsgId: MMSG-22986]
Start auto log messages stack - Iteration 13164.	[MsgId: MMSG-10545]
Actions.java(22): Notify: Next row for parameter middlename = 5599 [table  = middlename].	[MsgId: MMSG-13876]
Actions.java(22): Notify: Parameter Substitution: parameter "middlename" =  "Wiley"	[MsgId: MMSG-13992]
Actions.java(22): Notify: Next row for parameter lastname = 5599 [table  = lastname].	[MsgId: MMSG-13876]
Actions.java(22): Notify: Parameter Substitution: parameter "lastname" =  "Sanford"	[MsgId: MMSG-13992]
Actions.java(22): Notify: Next row for parameter addressreg = 5599 [table  = addressreg].	[MsgId: MMSG-13876]
Actions.java(22): Notify: Parameter Substitution: parameter "addressreg" =  "1A The Banks, Bingham"	[MsgId: MMSG-13992]
Actions.java(22): Notify: Parameter Substitution: parameter "randamount" =  "16645"	[MsgId: MMSG-13992]
web_reg_save_param started  	[MsgId: MMSG-26355]
Registering web_reg_save_param was successful  	[MsgId: MMSG-26390]
Actions.java(22): Notify: Transaction "Transfer" started.	[MsgId: MMSG-16999]
Actions.java(22): Notify: Parameter Substitution: parameter "url" =  "http://localhost:8080/WebApp/AppServlet"	[MsgId: MMSG-13992]
web_custom_request("post_query.exe") started  	[MsgId: MMSG-26355]
t=32880ms: Connecting [0] to host 127.0.0.1:8080  	[MsgId: MMSG-26000]
Error -27792: Failed to connect to server "localhost:8080": [10048] Address already in use
Try changing the registry value 
HKEY_LOCAL_MACHINE\System\CurrentControlSet\Services\tcpip\Parameters\TcpTimedWaitDelay to 30
and HKEY_LOCAL_MACHINE\System\CurrentControlSet\Services\tcpip\Parameters\MaxUserPort to 65534
and rebooting the machine
See the readme.doc file for more information  	[MsgId: MERR-27792]
End auto log messages stack.	[MsgId: MMSG-10544]


Start auto log messages stack - Iteration 13164.	[MsgId: MMSG-10545]
t=32899ms: Closed connection [0] to localhost:8080 after completing 0 request(s)  	[MsgId: MMSG-26000]
Error -26377: No match found for the requested parameter "Final". Either the specified boundaries were not found in the response or the matched text is longer than current max html parameter size of 256 bytes. The total length of the response is 0 bytes. You can use "web_set_max_html_param_len" to increase the max parameter size.  	[MsgId: MERR-26377]
End auto log messages stack.	[MsgId: MMSG-10544]


Start auto log messages stack - Iteration 13164.	[MsgId: MMSG-10545]
Actions.java(22): Notify: Saving Parameter "Final = ".	[MsgId: MMSG-13798]
Error -26374: The above "not found" error(s) may be explained by header and body byte counts being 0 and 0, respectively.  	[MsgId: MERR-26374]
End auto log messages stack.	[MsgId: MMSG-10544]


Start auto log messages stack - Iteration 11794.	[MsgId: MMSG-10545]
Start auto log messages stack - Iteration 13801.	[MsgId: MMSG-10545]
Actions.java(22): Notify: Next row for parameter middlename = 3876 [table  = middlename].	[MsgId: MMSG-13876]
Actions.java(22): Notify: Next row for parameter middlename = 5241 [table  = middlename].	[MsgId: MMSG-13876]
Actions.java(22): Notify: Parameter Substitution: parameter "middlename" =  "Francis"	[MsgId: MMSG-13992]
Actions.java(22): Notify: Parameter Substitution: parameter "middlename" =  "Kohler"	[MsgId: MMSG-13992]
Actions.java(22): Notify: Next row for parameter lastname = 3876 [table  = lastname].	[MsgId: MMSG-13876]
Actions.java(22): Notify: Parameter Substitution: parameter "lastname" =  "Johnston"	[MsgId: MMSG-13992]
Actions.java(22): Notify: Next row for parameter lastname = 5241 [table  = lastname].	[MsgId: MMSG-13876]
Actions.java(22): Notify: Next row for parameter addressreg = 3876 [table  = addressreg].	[MsgId: MMSG-13876]
Actions.java(22): Notify: Parameter Substitution: parameter "lastname" =  "Hettie"	[MsgId: MMSG-13992]
Actions.java(22): Notify: Next row for parameter addressreg = 5241 [table  = addressreg].	[MsgId: MMSG-13876]
Actions.java(22): Notify: Parameter Substitution: parameter "addressreg" =  "38 Porth Bean Road, Newquay"	[MsgId: MMSG-13992]
Actions.java(22): Notify: Parameter Substitution: parameter "randamount" =  "1227"	[MsgId: MMSG-13992]
web_reg_save_param started  	[MsgId: MMSG-26355]
Registering web_reg_save_param was successful  	[MsgId: MMSG-26390]
Actions.java(22): Notify: Transaction "Transfer" started.	[MsgId: MMSG-16999]
Actions.java(22): Notify: Parameter Substitution: parameter "addressreg" =  "214 Lansdowne Road, Cardiff"	[MsgId: MMSG-13992]
Actions.java(22): Notify: Parameter Substitution: parameter "url" =  "http://localhost:8080/WebApp/AppServlet"	[MsgId: MMSG-13992]
Actions.java(22): Notify: Parameter Substitution: parameter "randamount" =  "9746"	[MsgId: MMSG-13992]
web_custom_request("post_query.exe") started  	[MsgId: MMSG-26355]
web_reg_save_param started  	[MsgId: MMSG-26355]
Registering web_reg_save_param was successful  	[MsgId: MMSG-26390]
t=33052ms: Connecting [0] to host 127.0.0.1:8080  	[MsgId: MMSG-26000]
Actions.java(22): Notify: Transaction "Transfer" started.	[MsgId: MMSG-16999]
Error -27792: Failed to connect to server "localhost:8080": [10048] Address already in use
Try changing the registry value 
HKEY_LOCAL_MACHINE\System\CurrentControlSet\Services\tcpip\Parameters\TcpTimedWaitDelay to 30
and HKEY_LOCAL_MACHINE\System\CurrentControlSet\Services\tcpip\Parameters\MaxUserPort to 65534
and rebooting the machine
See the readme.doc file for more information  	[MsgId: MERR-27792]
Actions.java(22): Notify: Parameter Substitution: parameter "url" =  "http://localhost:8080/WebApp/AppServlet"	[MsgId: MMSG-13992]
web_custom_request("post_query.exe") started  	[MsgId: MMSG-26355]
t=33052ms: Connecting [0] to host 127.0.0.1:8080  	[MsgId: MMSG-26000]
Error -27792: Failed to connect to server "localhost:8080": [10048] Address already in use
Try changing the registry value 
HKEY_LOCAL_MACHINE\System\CurrentControlSet\Services\tcpip\Parameters\TcpTimedWaitDelay to 30
and HKEY_LOCAL_MACHINE\System\CurrentControlSet\Services\tcpip\Parameters\MaxUserPort to 65534
and rebooting the machine
See the readme.doc file for more information  	[MsgId: MERR-27792]
End auto log messages stack.	[MsgId: MMSG-10544]


End auto log messages stack.	[MsgId: MMSG-10544]


Start auto log messages stack - Iteration 13801.	[MsgId: MMSG-10545]
Start auto log messages stack - Iteration 12873.	[MsgId: MMSG-10545]
Start auto log messages stack - Iteration 13574.	[MsgId: MMSG-10545]
Start auto log messages stack - Iteration 11794.	[MsgId: MMSG-10545]
t=33072ms: Closed connection [0] to localhost:8080 after completing 0 request(s)  	[MsgId: MMSG-26000]
Error -26377: No match found for the requested parameter "Final". Either the specified boundaries were not found in the response or the matched text is longer than current max html parameter size of 256 bytes. The total length of the response is 0 bytes. You can use "web_set_max_html_param_len" to increase the max parameter size.  	[MsgId: MERR-26377]
t=33072ms: Closed connection [0] to localhost:8080 after completing 0 request(s)  	[MsgId: MMSG-26000]
Error -26377: No match found for the requested parameter "Final". Either the specified boundaries were not found in the response or the matched text is longer than current max html parameter size of 256 bytes. The total length of the response is 0 bytes. You can use "web_set_max_html_param_len" to increase the max parameter size.  	[MsgId: MERR-26377]
End auto log messages stack.	[MsgId: MMSG-10544]


Start auto log messages stack - Iteration 13801.	[MsgId: MMSG-10545]
End auto log messages stack.	[MsgId: MMSG-10544]
Actions.java(22): Notify: Saving Parameter "Final = ".	[MsgId: MMSG-13798]


Error -26374: The above "not found" error(s) may be explained by header and body byte counts being 0 and 0, respectively.  	[MsgId: MERR-26374]
Start auto log messages stack - Iteration 11794.	[MsgId: MMSG-10545]
End auto log messages stack.	[MsgId: MMSG-10544]
Actions.java(22): Notify: Saving Parameter "Final = ".	[MsgId: MMSG-13798]


Error -26374: The above "not found" error(s) may be explained by header and body byte counts being 0 and 0, respectively.  	[MsgId: MERR-26374]
End auto log messages stack.	[MsgId: MMSG-10544]


Actions.java(22): Notify: Next row for parameter middlename = 6070 [table  = middlename].	[MsgId: MMSG-13876]
Actions.java(22): Notify: Next row for parameter middlename = 8103 [table  = middlename].	[MsgId: MMSG-13876]
Actions.java(22): Notify: Parameter Substitution: parameter "middlename" =  "Karen"	[MsgId: MMSG-13992]
Actions.java(22): Notify: Parameter Substitution: parameter "middlename" =  "Karianne"	[MsgId: MMSG-13992]
Actions.java(22): Notify: Next row for parameter lastname = 6070 [table  = lastname].	[MsgId: MMSG-13876]
Actions.java(22): Notify: Next row for parameter lastname = 8103 [table  = lastname].	[MsgId: MMSG-13876]
Actions.java(22): Notify: Parameter Substitution: parameter "lastname" =  "Bode"	[MsgId: MMSG-13992]
Actions.java(22): Notify: Parameter Substitution: parameter "lastname" =  "Monahan"	[MsgId: MMSG-13992]
Actions.java(22): Notify: Next row for parameter addressreg = 6070 [table  = addressreg].	[MsgId: MMSG-13876]
Actions.java(22): Notify: Next row for parameter addressreg = 8103 [table  = addressreg].	[MsgId: MMSG-13876]
Actions.java(22): Notify: Parameter Substitution: parameter "addressreg" =  "70 Middlethorpe Grove, York"	[MsgId: MMSG-13992]
Actions.java(22): Notify: Parameter Substitution: parameter "addressreg" =  "10 Bacon Road, Barham"	[MsgId: MMSG-13992]
Actions.java(22): Notify: Parameter Substitution: parameter "randamount" =  "49331"	[MsgId: MMSG-13992]
Actions.java(22): Notify: Parameter Substitution: parameter "randamount" =  "85425"	[MsgId: MMSG-13992]
web_reg_save_param started  	[MsgId: MMSG-26355]
web_reg_save_param started  	[MsgId: MMSG-26355]
Registering web_reg_save_param was successful  	[MsgId: MMSG-26390]
Registering web_reg_save_param was successful  	[MsgId: MMSG-26390]
Actions.java(22): Notify: Transaction "Transfer" started.	[MsgId: MMSG-16999]
Actions.java(22): Notify: Transaction "Transfer" started.	[MsgId: MMSG-16999]
Actions.java(22): Notify: Parameter Substitution: parameter "url" =  "http://localhost:8080/WebApp/AppServlet"	[MsgId: MMSG-13992]
Actions.java(22): Notify: Parameter Substitution: parameter "url" =  "http://localhost:8080/WebApp/AppServlet"	[MsgId: MMSG-13992]
web_custom_request("post_query.exe") started  	[MsgId: MMSG-26355]
web_custom_request("post_query.exe") started  	[MsgId: MMSG-26355]
t=33066ms: Connecting [0] to host 127.0.0.1:8080  	[MsgId: MMSG-26000]
t=33066ms: Connecting [0] to host 127.0.0.1:8080  	[MsgId: MMSG-26000]
Error -27792: Failed to connect to server "localhost:8080": [10048] Address already in use
Try changing the registry value 
HKEY_LOCAL_MACHINE\System\CurrentControlSet\Services\tcpip\Parameters\TcpTimedWaitDelay to 30
and HKEY_LOCAL_MACHINE\System\CurrentControlSet\Services\tcpip\Parameters\MaxUserPort to 65534
and rebooting the machine
See the readme.doc file for more information  	[MsgId: MERR-27792]
Error -27792: Failed to connect to server "localhost:8080": [10048] Address already in use
Try changing the registry value 
HKEY_LOCAL_MACHINE\System\CurrentControlSet\Services\tcpip\Parameters\TcpTimedWaitDelay to 30
and HKEY_LOCAL_MACHINE\System\CurrentControlSet\Services\tcpip\Parameters\MaxUserPort to 65534
and rebooting the machine
See the readme.doc file for more information  	[MsgId: MERR-27792]
End auto log messages stack.	[MsgId: MMSG-10544]
End auto log messages stack.	[MsgId: MMSG-10544]




Start auto log messages stack - Iteration 12873.	[MsgId: MMSG-10545]
t=33089ms: Closed connection [0] to localhost:8080 after completing 0 request(s)  	[MsgId: MMSG-26000]
Start auto log messages stack - Iteration 13574.	[MsgId: MMSG-10545]
Error -26377: No match found for the requested parameter "Final". Either the specified boundaries were not found in the response or the matched text is longer than current max html parameter size of 256 bytes. The total length of the response is 0 bytes. You can use "web_set_max_html_param_len" to increase the max parameter size.  	[MsgId: MERR-26377]
t=33089ms: Closed connection [0] to localhost:8080 after completing 0 request(s)  	[MsgId: MMSG-26000]
Error -26377: No match found for the requested parameter "Final". Either the specified boundaries were not found in the response or the matched text is longer than current max html parameter size of 256 bytes. The total length of the response is 0 bytes. You can use "web_set_max_html_param_len" to increase the max parameter size.  	[MsgId: MERR-26377]
End auto log messages stack.	[MsgId: MMSG-10544]


End auto log messages stack.	[MsgId: MMSG-10544]


Start auto log messages stack - Iteration 12873.	[MsgId: MMSG-10545]
Actions.java(22): Notify: Saving Parameter "Final = ".	[MsgId: MMSG-13798]
Start auto log messages stack - Iteration 13574.	[MsgId: MMSG-10545]
Error -26374: The above "not found" error(s) may be explained by header and body byte counts being 0 and 0, respectively.  	[MsgId: MERR-26374]
Actions.java(22): Notify: Saving Parameter "Final = ".	[MsgId: MMSG-13798]
Error -26374: The above "not found" error(s) may be explained by header and body byte counts being 0 and 0, respectively.  	[MsgId: MERR-26374]
End auto log messages stack.	[MsgId: MMSG-10544]


End auto log messages stack.	[MsgId: MMSG-10544]


