Notify: search current JDK in Windows registry at (SOFTWARE\Wow6432Node\JavaSoft\Java Development Kit)	[MsgId: MMSG-22196]	[MsgId: MMSG-22986]
Notify: search current JDK in Windows registry at(SOFTWARE\JavaSoft\Java Development Kit)	[MsgId: MMSG-22198]	[MsgId: MMSG-22986]
Notify: search in JAVA_HOME	[MsgId: MMSG-22195]	[MsgId: MMSG-22986]
Notify: JDK found at C:/Program Files/Java/jdk8u265-full	[MsgId: MMSG-22192]	[MsgId: MMSG-22986]
Notify: JVMArgs.log is created here: C:\Users\User\Documents\VuGen\Scripts\SoapAction	[MsgId: MMSG-22986]
Start auto log messages stack - Iteration 15299.	[MsgId: MMSG-10545]
Actions.java(22): Notify: Next row for parameter middlename = 5668 [table  = middlename].	[MsgId: MMSG-13876]
Actions.java(22): Notify: Parameter Substitution: parameter "middlename" =  "Ward"	[MsgId: MMSG-13992]
Actions.java(22): Notify: Next row for parameter lastname = 5668 [table  = lastname].	[MsgId: MMSG-13876]
Actions.java(22): Notify: Parameter Substitution: parameter "lastname" =  "Boyle"	[MsgId: MMSG-13992]
Actions.java(22): Notify: Next row for parameter addressreg = 5668 [table  = addressreg].	[MsgId: MMSG-13876]
Actions.java(22): Notify: Parameter Substitution: parameter "addressreg" =  "106 Myddleton Lane, Winwick"	[MsgId: MMSG-13992]
Actions.java(22): Notify: Parameter Substitution: parameter "randamount" =  "14965"	[MsgId: MMSG-13992]
web_reg_save_param started  	[MsgId: MMSG-26355]
Registering web_reg_save_param was successful  	[MsgId: MMSG-26390]
Actions.java(22): Notify: Transaction "Transfer" started.	[MsgId: MMSG-16999]
Actions.java(22): Notify: Parameter Substitution: parameter "url" =  "http://localhost:8080/WebApp/AppServlet"	[MsgId: MMSG-13992]
web_custom_request("post_query.exe") started  	[MsgId: MMSG-26355]
t=230963ms: Connecting [0] to host 127.0.0.1:8080  	[MsgId: MMSG-26000]
Error -27792: Failed to connect to server "localhost:8080": [10048] Address already in use
Try changing the registry value 
HKEY_LOCAL_MACHINE\System\CurrentControlSet\Services\tcpip\Parameters\TcpTimedWaitDelay to 30
and HKEY_LOCAL_MACHINE\System\CurrentControlSet\Services\tcpip\Parameters\MaxUserPort to 65534
and rebooting the machine
See the readme.doc file for more information  	[MsgId: MERR-27792]
End auto log messages stack.	[MsgId: MMSG-10544]


Start auto log messages stack - Iteration 36660.	[MsgId: MMSG-10545]
Actions.java(22): Notify: Next row for parameter middlename = 7569 [table  = middlename].	[MsgId: MMSG-13876]
Actions.java(22): Notify: Parameter Substitution: parameter "middlename" =  "Destini"	[MsgId: MMSG-13992]
Actions.java(22): Notify: Next row for parameter lastname = 7569 [table  = lastname].	[MsgId: MMSG-13876]
Actions.java(22): Notify: Parameter Substitution: parameter "lastname" =  "Bennie"	[MsgId: MMSG-13992]
Actions.java(22): Notify: Next row for parameter addressreg = 7569 [table  = addressreg].	[MsgId: MMSG-13876]
Actions.java(22): Notify: Parameter Substitution: parameter "addressreg" =  "15 Barley Bank Meadow, Leegomery"	[MsgId: MMSG-13992]
Actions.java(22): Notify: Parameter Substitution: parameter "randamount" =  "55362"	[MsgId: MMSG-13992]
web_reg_save_param started  	[MsgId: MMSG-26355]
Registering web_reg_save_param was successful  	[MsgId: MMSG-26390]
Actions.java(22): Notify: Transaction "Transfer" started.	[MsgId: MMSG-16999]
Actions.java(22): Notify: Parameter Substitution: parameter "url" =  "http://localhost:8080/WebApp/AppServlet"	[MsgId: MMSG-13992]
web_custom_request("post_query.exe") started  	[MsgId: MMSG-26355]
t=230963ms: Connecting [0] to host 127.0.0.1:8080  	[MsgId: MMSG-26000]
Error -27792: Failed to connect to server "localhost:8080": [10048] Address already in use
Try changing the registry value 
HKEY_LOCAL_MACHINE\System\CurrentControlSet\Services\tcpip\Parameters\TcpTimedWaitDelay to 30
and HKEY_LOCAL_MACHINE\System\CurrentControlSet\Services\tcpip\Parameters\MaxUserPort to 65534
and rebooting the machine
See the readme.doc file for more information  	[MsgId: MERR-27792]
End auto log messages stack.	[MsgId: MMSG-10544]


Start auto log messages stack - Iteration 19723.	[MsgId: MMSG-10545]
Actions.java(22): Notify: Next row for parameter middlename = 9898 [table  = middlename].	[MsgId: MMSG-13876]
Actions.java(22): Notify: Parameter Substitution: parameter "middlename" =  "Wade"	[MsgId: MMSG-13992]
Actions.java(22): Notify: Next row for parameter lastname = 9898 [table  = lastname].	[MsgId: MMSG-13876]
Actions.java(22): Notify: Parameter Substitution: parameter "lastname" =  "Maximus"	[MsgId: MMSG-13992]
Actions.java(22): Notify: Next row for parameter addressreg = 9898 [table  = addressreg].	[MsgId: MMSG-13876]
Actions.java(22): Notify: Parameter Substitution: parameter "addressreg" =  "10 Thornton Road, London"	[MsgId: MMSG-13992]
Actions.java(22): Notify: Parameter Substitution: parameter "randamount" =  "32279"	[MsgId: MMSG-13992]
web_reg_save_param started  	[MsgId: MMSG-26355]
Registering web_reg_save_param was successful  	[MsgId: MMSG-26390]
Actions.java(22): Notify: Transaction "Transfer" started.	[MsgId: MMSG-16999]
Actions.java(22): Notify: Parameter Substitution: parameter "url" =  "http://localhost:8080/WebApp/AppServlet"	[MsgId: MMSG-13992]
web_custom_request("post_query.exe") started  	[MsgId: MMSG-26355]
t=230963ms: Connecting [0] to host 127.0.0.1:8080  	[MsgId: MMSG-26000]
Error -27792: Failed to connect to server "localhost:8080": [10048] Address already in use
Try changing the registry value 
HKEY_LOCAL_MACHINE\System\CurrentControlSet\Services\tcpip\Parameters\TcpTimedWaitDelay to 30
and HKEY_LOCAL_MACHINE\System\CurrentControlSet\Services\tcpip\Parameters\MaxUserPort to 65534
and rebooting the machine
See the readme.doc file for more information  	[MsgId: MERR-27792]
End auto log messages stack.	[MsgId: MMSG-10544]


Start auto log messages stack - Iteration 44559.	[MsgId: MMSG-10545]
Actions.java(22): Notify: Next row for parameter middlename = 9334 [table  = middlename].	[MsgId: MMSG-13876]
Actions.java(22): Notify: Parameter Substitution: parameter "middlename" =  "Effertz"	[MsgId: MMSG-13992]
Actions.java(22): Notify: Next row for parameter lastname = 9334 [table  = lastname].	[MsgId: MMSG-13876]
Actions.java(22): Notify: Parameter Substitution: parameter "lastname" =  "Botsford"	[MsgId: MMSG-13992]
Actions.java(22): Notify: Next row for parameter addressreg = 9334 [table  = addressreg].	[MsgId: MMSG-13876]
Actions.java(22): Notify: Parameter Substitution: parameter "addressreg" =  "Haymit, Worcester Road, Clows Top"	[MsgId: MMSG-13992]
Actions.java(22): Notify: Parameter Substitution: parameter "randamount" =  "52274"	[MsgId: MMSG-13992]
web_reg_save_param started  	[MsgId: MMSG-26355]
Registering web_reg_save_param was successful  	[MsgId: MMSG-26390]
Actions.java(22): Notify: Transaction "Transfer" started.	[MsgId: MMSG-16999]
Actions.java(22): Notify: Parameter Substitution: parameter "url" =  "http://localhost:8080/WebApp/AppServlet"	[MsgId: MMSG-13992]
web_custom_request("post_query.exe") started  	[MsgId: MMSG-26355]
t=230978ms: Connecting [0] to host 127.0.0.1:8080  	[MsgId: MMSG-26000]
Error -27792: Failed to connect to server "localhost:8080": [10048] Address already in use
Try changing the registry value 
HKEY_LOCAL_MACHINE\System\CurrentControlSet\Services\tcpip\Parameters\TcpTimedWaitDelay to 30
and HKEY_LOCAL_MACHINE\System\CurrentControlSet\Services\tcpip\Parameters\MaxUserPort to 65534
and rebooting the machine
See the readme.doc file for more information  	[MsgId: MERR-27792]
End auto log messages stack.	[MsgId: MMSG-10544]


Start auto log messages stack - Iteration 22611.	[MsgId: MMSG-10545]
Actions.java(22): Notify: Next row for parameter middlename = 2530 [table  = middlename].	[MsgId: MMSG-13876]
Actions.java(22): Notify: Parameter Substitution: parameter "middlename" =  "Dr.Euna"	[MsgId: MMSG-13992]
Actions.java(22): Notify: Next row for parameter lastname = 2530 [table  = lastname].	[MsgId: MMSG-13876]
Actions.java(22): Notify: Parameter Substitution: parameter "lastname" =  "Mrs.Ashtyn"	[MsgId: MMSG-13992]
Actions.java(22): Notify: Next row for parameter addressreg = 2530 [table  = addressreg].	[MsgId: MMSG-13876]
Start auto log messages stack - Iteration 7499.	[MsgId: MMSG-10545]
Actions.java(22): Notify: Next row for parameter middlename = 9168 [table  = middlename].	[MsgId: MMSG-13876]
Actions.java(22): Notify: Parameter Substitution: parameter "middlename" =  "Leannon"	[MsgId: MMSG-13992]
Actions.java(22): Notify: Next row for parameter lastname = 9168 [table  = lastname].	[MsgId: MMSG-13876]
Actions.java(22): Notify: Parameter Substitution: parameter "lastname" =  "Hettie"	[MsgId: MMSG-13992]
Actions.java(22): Notify: Next row for parameter addressreg = 9168 [table  = addressreg].	[MsgId: MMSG-13876]
Start auto log messages stack - Iteration 15299.	[MsgId: MMSG-10545]
t=230979ms: Closed connection [0] to localhost:8080 after completing 0 request(s)  	[MsgId: MMSG-26000]
Error -26377: No match found for the requested parameter "Final". Either the specified boundaries were not found in the response or the matched text is longer than current max html parameter size of 256 bytes. The total length of the response is 0 bytes. You can use "web_set_max_html_param_len" to increase the max parameter size.  	[MsgId: MERR-26377]
End auto log messages stack.	[MsgId: MMSG-10544]


Start auto log messages stack - Iteration 13137.	[MsgId: MMSG-10545]
Start auto log messages stack - Iteration 15299.	[MsgId: MMSG-10545]
Actions.java(22): Notify: Saving Parameter "Final = ".	[MsgId: MMSG-13798]
Error -26374: The above "not found" error(s) may be explained by header and body byte counts being 0 and 0, respectively.  	[MsgId: MERR-26374]
End auto log messages stack.	[MsgId: MMSG-10544]


Actions.java(22): Notify: Next row for parameter middlename = 497 [table  = middlename].	[MsgId: MMSG-13876]
Actions.java(22): Notify: Parameter Substitution: parameter "middlename" =  "Aurore"	[MsgId: MMSG-13992]
Actions.java(22): Notify: Next row for parameter lastname = 497 [table  = lastname].	[MsgId: MMSG-13876]
Actions.java(22): Notify: Parameter Substitution: parameter "lastname" =  "Anderson"	[MsgId: MMSG-13992]
Actions.java(22): Notify: Next row for parameter addressreg = 497 [table  = addressreg].	[MsgId: MMSG-13876]
Start auto log messages stack - Iteration 27386.	[MsgId: MMSG-10545]
Start auto log messages stack - Iteration 1358.	[MsgId: MMSG-10545]
Actions.java(22): Notify: Parameter Substitution: parameter "addressreg" =  "25 Links Avenue, Failsworth"	[MsgId: MMSG-13992]
Actions.java(22): Notify: Parameter Substitution: parameter "addressreg" =  "15 Mulberry Close, Watford"	[MsgId: MMSG-13992]
Actions.java(22): Notify: Parameter Substitution: parameter "randamount" =  "98028"	[MsgId: MMSG-13992]
Actions.java(22): Notify: Parameter Substitution: parameter "randamount" =  "70973"	[MsgId: MMSG-13992]
web_reg_save_param started  	[MsgId: MMSG-26355]
web_reg_save_param started  	[MsgId: MMSG-26355]
Registering web_reg_save_param was successful  	[MsgId: MMSG-26390]
Registering web_reg_save_param was successful  	[MsgId: MMSG-26390]
Actions.java(22): Notify: Transaction "Transfer" started.	[MsgId: MMSG-16999]
Actions.java(22): Notify: Transaction "Transfer" started.	[MsgId: MMSG-16999]
Actions.java(22): Notify: Parameter Substitution: parameter "url" =  "http://localhost:8080/WebApp/AppServlet"	[MsgId: MMSG-13992]
Actions.java(22): Notify: Parameter Substitution: parameter "url" =  "http://localhost:8080/WebApp/AppServlet"	[MsgId: MMSG-13992]
Actions.java(22): Notify: Parameter Substitution: parameter "addressreg" =  "3 Church Mews, Mosborough"	[MsgId: MMSG-13992]
web_custom_request("post_query.exe") started  	[MsgId: MMSG-26355]
web_custom_request("post_query.exe") started  	[MsgId: MMSG-26355]
t=230998ms: Connecting [0] to host 127.0.0.1:8080  	[MsgId: MMSG-26000]
Actions.java(22): Notify: Parameter Substitution: parameter "randamount" =  "7065"	[MsgId: MMSG-13992]
t=230998ms: Connecting [0] to host 127.0.0.1:8080  	[MsgId: MMSG-26000]
Error -27792: Failed to connect to server "localhost:8080": [10048] Address already in use
Try changing the registry value 
HKEY_LOCAL_MACHINE\System\CurrentControlSet\Services\tcpip\Parameters\TcpTimedWaitDelay to 30
and HKEY_LOCAL_MACHINE\System\CurrentControlSet\Services\tcpip\Parameters\MaxUserPort to 65534
and rebooting the machine
See the readme.doc file for more information  	[MsgId: MERR-27792]
web_reg_save_param started  	[MsgId: MMSG-26355]
Error -27792: Failed to connect to server "localhost:8080": [10048] Address already in use
Try changing the registry value 
HKEY_LOCAL_MACHINE\System\CurrentControlSet\Services\tcpip\Parameters\TcpTimedWaitDelay to 30
and HKEY_LOCAL_MACHINE\System\CurrentControlSet\Services\tcpip\Parameters\MaxUserPort to 65534
and rebooting the machine
See the readme.doc file for more information  	[MsgId: MERR-27792]
Registering web_reg_save_param was successful  	[MsgId: MMSG-26390]
Actions.java(22): Notify: Transaction "Transfer" started.	[MsgId: MMSG-16999]
End auto log messages stack.	[MsgId: MMSG-10544]
Actions.java(22): Notify: Parameter Substitution: parameter "url" =  "http://localhost:8080/WebApp/AppServlet"	[MsgId: MMSG-13992]


End auto log messages stack.	[MsgId: MMSG-10544]
web_custom_request("post_query.exe") started  	[MsgId: MMSG-26355]


t=230999ms: Connecting [0] to host 127.0.0.1:8080  	[MsgId: MMSG-26000]
Error -27792: Failed to connect to server "localhost:8080": [10048] Address already in use
Try changing the registry value 
HKEY_LOCAL_MACHINE\System\CurrentControlSet\Services\tcpip\Parameters\TcpTimedWaitDelay to 30
and HKEY_LOCAL_MACHINE\System\CurrentControlSet\Services\tcpip\Parameters\MaxUserPort to 65534
and rebooting the machine
See the readme.doc file for more information  	[MsgId: MERR-27792]
End auto log messages stack.	[MsgId: MMSG-10544]


Actions.java(22): Notify: Next row for parameter middlename = 9336 [table  = middlename].	[MsgId: MMSG-13876]
Actions.java(22): Notify: Parameter Substitution: parameter "middlename" =  "Pratt"	[MsgId: MMSG-13992]
Actions.java(22): Notify: Next row for parameter lastname = 9336 [table  = lastname].	[MsgId: MMSG-13876]
Start auto log messages stack - Iteration 36660.	[MsgId: MMSG-10545]
t=230982ms: Closed connection [0] to localhost:8080 after completing 0 request(s)  	[MsgId: MMSG-26000]
Error -26377: No match found for the requested parameter "Final". Either the specified boundaries were not found in the response or the matched text is longer than current max html parameter size of 256 bytes. The total length of the response is 0 bytes. You can use "web_set_max_html_param_len" to increase the max parameter size.  	[MsgId: MERR-26377]
End auto log messages stack.	[MsgId: MMSG-10544]


Start auto log messages stack - Iteration 36660.	[MsgId: MMSG-10545]
Actions.java(22): Notify: Saving Parameter "Final = ".	[MsgId: MMSG-13798]
Error -26374: The above "not found" error(s) may be explained by header and body byte counts being 0 and 0, respectively.  	[MsgId: MERR-26374]
End auto log messages stack.	[MsgId: MMSG-10544]


Actions.java(22): Notify: Next row for parameter middlename = 2713 [table  = middlename].	[MsgId: MMSG-13876]
Actions.java(22): Notify: Parameter Substitution: parameter "middlename" =  "Agnes"	[MsgId: MMSG-13992]
Actions.java(22): Notify: Next row for parameter lastname = 2713 [table  = lastname].	[MsgId: MMSG-13876]
Actions.java(22): Notify: Parameter Substitution: parameter "lastname" =  "Elisha"	[MsgId: MMSG-13992]
Actions.java(22): Notify: Next row for parameter addressreg = 2713 [table  = addressreg].	[MsgId: MMSG-13876]
Start auto log messages stack - Iteration 30842.	[MsgId: MMSG-10545]
Actions.java(22): Notify: Parameter Substitution: parameter "lastname" =  "Raquel"	[MsgId: MMSG-13992]
Actions.java(22): Notify: Next row for parameter addressreg = 9336 [table  = addressreg].	[MsgId: MMSG-13876]
Actions.java(22): Notify: Parameter Substitution: parameter "addressreg" =  "1 Rochester Court, Worthing"	[MsgId: MMSG-13992]
Actions.java(22): Notify: Parameter Substitution: parameter "randamount" =  "38241"	[MsgId: MMSG-13992]
web_reg_save_param started  	[MsgId: MMSG-26355]
Registering web_reg_save_param was successful  	[MsgId: MMSG-26390]
Actions.java(22): Notify: Transaction "Transfer" started.	[MsgId: MMSG-16999]
Actions.java(22): Notify: Next row for parameter middlename = 6462 [table  = middlename].	[MsgId: MMSG-13876]
Actions.java(22): Notify: Parameter Substitution: parameter "url" =  "http://localhost:8080/WebApp/AppServlet"	[MsgId: MMSG-13992]
web_custom_request("post_query.exe") started  	[MsgId: MMSG-26355]
t=230999ms: Connecting [0] to host 127.0.0.1:8080  	[MsgId: MMSG-26000]
Actions.java(22): Notify: Parameter Substitution: parameter "middlename" =  "Rosalia"	[MsgId: MMSG-13992]
Error -27792: Failed to connect to server "localhost:8080": [10048] Address already in use
Try changing the registry value 
HKEY_LOCAL_MACHINE\System\CurrentControlSet\Services\tcpip\Parameters\TcpTimedWaitDelay to 30
and HKEY_LOCAL_MACHINE\System\CurrentControlSet\Services\tcpip\Parameters\MaxUserPort to 65534
and rebooting the machine
See the readme.doc file for more information  	[MsgId: MERR-27792]
Actions.java(22): Notify: Next row for parameter lastname = 6462 [table  = lastname].	[MsgId: MMSG-13876]
End auto log messages stack.	[MsgId: MMSG-10544]


Start auto log messages stack - Iteration 13137.	[MsgId: MMSG-10545]
Actions.java(22): Notify: Parameter Substitution: parameter "lastname" =  "Lonny"	[MsgId: MMSG-13992]
Start auto log messages stack - Iteration 22611.	[MsgId: MMSG-10545]
t=231028ms: Closed connection [0] to localhost:8080 after completing 0 request(s)  	[MsgId: MMSG-26000]
t=231028ms: Closed connection [0] to localhost:8080 after completing 0 request(s)  	[MsgId: MMSG-26000]
Error -26377: No match found for the requested parameter "Final". Either the specified boundaries were not found in the response or the matched text is longer than current max html parameter size of 256 bytes. The total length of the response is 0 bytes. You can use "web_set_max_html_param_len" to increase the max parameter size.  	[MsgId: MERR-26377]
Start auto log messages stack - Iteration 1358.	[MsgId: MMSG-10545]
Error -26377: No match found for the requested parameter "Final". Either the specified boundaries were not found in the response or the matched text is longer than current max html parameter size of 256 bytes. The total length of the response is 0 bytes. You can use "web_set_max_html_param_len" to increase the max parameter size.  	[MsgId: MERR-26377]
t=231031ms: Closed connection [0] to localhost:8080 after completing 0 request(s)  	[MsgId: MMSG-26000]
Start auto log messages stack - Iteration 7499.	[MsgId: MMSG-10545]
Actions.java(22): Notify: Next row for parameter addressreg = 6462 [table  = addressreg].	[MsgId: MMSG-13876]
t=231028ms: Closed connection [0] to localhost:8080 after completing 0 request(s)  	[MsgId: MMSG-26000]
Error -26377: No match found for the requested parameter "Final". Either the specified boundaries were not found in the response or the matched text is longer than current max html parameter size of 256 bytes. The total length of the response is 0 bytes. You can use "web_set_max_html_param_len" to increase the max parameter size.  	[MsgId: MERR-26377]
End auto log messages stack.	[MsgId: MMSG-10544]
End auto log messages stack.	[MsgId: MMSG-10544]
Error -26377: No match found for the requested parameter "Final". Either the specified boundaries were not found in the response or the matched text is longer than current max html parameter size of 256 bytes. The total length of the response is 0 bytes. You can use "web_set_max_html_param_len" to increase the max parameter size.  	[MsgId: MERR-26377]




End auto log messages stack.	[MsgId: MMSG-10544]
Start auto log messages stack - Iteration 13137.	[MsgId: MMSG-10545]
Start auto log messages stack - Iteration 22611.	[MsgId: MMSG-10545]
End auto log messages stack.	[MsgId: MMSG-10544]


Actions.java(22): Notify: Parameter Substitution: parameter "addressreg" =  "13 Chancery Walk, Chadderton"	[MsgId: MMSG-13992]
Actions.java(22): Notify: Saving Parameter "Final = ".	[MsgId: MMSG-13798]
Actions.java(22): Notify: Parameter Substitution: parameter "randamount" =  "940"	[MsgId: MMSG-13992]
Error -26374: The above "not found" error(s) may be explained by header and body byte counts being 0 and 0, respectively.  	[MsgId: MERR-26374]
Start auto log messages stack - Iteration 1358.	[MsgId: MMSG-10545]
web_reg_save_param started  	[MsgId: MMSG-26355]
Actions.java(22): Notify: Saving Parameter "Final = ".	[MsgId: MMSG-13798]
Registering web_reg_save_param was successful  	[MsgId: MMSG-26390]
End auto log messages stack.	[MsgId: MMSG-10544]
Error -26374: The above "not found" error(s) may be explained by header and body byte counts being 0 and 0, respectively.  	[MsgId: MERR-26374]


Actions.java(22): Notify: Transaction "Transfer" started.	[MsgId: MMSG-16999]
Actions.java(22): Notify: Parameter Substitution: parameter "url" =  "http://localhost:8080/WebApp/AppServlet"	[MsgId: MMSG-13992]
web_custom_request("post_query.exe") started  	[MsgId: MMSG-26355]
End auto log messages stack.	[MsgId: MMSG-10544]
t=230999ms: Connecting [0] to host 127.0.0.1:8080  	[MsgId: MMSG-26000]


Error -27792: Failed to connect to server "localhost:8080": [10048] Address already in use
Try changing the registry value 
HKEY_LOCAL_MACHINE\System\CurrentControlSet\Services\tcpip\Parameters\TcpTimedWaitDelay to 30
and HKEY_LOCAL_MACHINE\System\CurrentControlSet\Services\tcpip\Parameters\MaxUserPort to 65534
and rebooting the machine
See the readme.doc file for more information  	[MsgId: MERR-27792]
End auto log messages stack.	[MsgId: MMSG-10544]


Start auto log messages stack - Iteration 27386.	[MsgId: MMSG-10545]
t=231032ms: Closed connection [0] to localhost:8080 after completing 0 request(s)  	[MsgId: MMSG-26000]
Error -26377: No match found for the requested parameter "Final". Either the specified boundaries were not found in the response or the matched text is longer than current max html parameter size of 256 bytes. The total length of the response is 0 bytes. You can use "web_set_max_html_param_len" to increase the max parameter size.  	[MsgId: MERR-26377]
Actions.java(22): Notify: Saving Parameter "Final = ".	[MsgId: MMSG-13798]
Error -26374: The above "not found" error(s) may be explained by header and body byte counts being 0 and 0, respectively.  	[MsgId: MERR-26374]
End auto log messages stack.	[MsgId: MMSG-10544]
Actions.java(22): Notify: Parameter Substitution: parameter "addressreg" =  "163 Canon Cockin Street, Sunderland"	[MsgId: MMSG-13992]
End auto log messages stack.	[MsgId: MMSG-10544]
Actions.java(22): Notify: Parameter Substitution: parameter "randamount" =  "14927"	[MsgId: MMSG-13992]




web_reg_save_param started  	[MsgId: MMSG-26355]
Registering web_reg_save_param was successful  	[MsgId: MMSG-26390]
Start auto log messages stack - Iteration 7499.	[MsgId: MMSG-10545]
Actions.java(22): Notify: Transaction "Transfer" started.	[MsgId: MMSG-16999]
Actions.java(22): Notify: Saving Parameter "Final = ".	[MsgId: MMSG-13798]


Error -26374: The above "not found" error(s) may be explained by header and body byte counts being 0 and 0, respectively.  	[MsgId: MERR-26374]
Actions.java(22): Notify: Parameter Substitution: parameter "url" =  "http://localhost:8080/WebApp/AppServlet"	[MsgId: MMSG-13992]
End auto log messages stack.	[MsgId: MMSG-10544]
web_custom_request("post_query.exe") started  	[MsgId: MMSG-26355]
Start auto log messages stack - Iteration 27386.	[MsgId: MMSG-10545]


t=230999ms: Connecting [0] to host 127.0.0.1:8080  	[MsgId: MMSG-26000]
Actions.java(22): Notify: Saving Parameter "Final = ".	[MsgId: MMSG-13798]
Error -27792: Failed to connect to server "localhost:8080": [10048] Address already in use
Try changing the registry value 
HKEY_LOCAL_MACHINE\System\CurrentControlSet\Services\tcpip\Parameters\TcpTimedWaitDelay to 30
and HKEY_LOCAL_MACHINE\System\CurrentControlSet\Services\tcpip\Parameters\MaxUserPort to 65534
and rebooting the machine
See the readme.doc file for more information  	[MsgId: MERR-27792]
Error -26374: The above "not found" error(s) may be explained by header and body byte counts being 0 and 0, respectively.  	[MsgId: MERR-26374]
End auto log messages stack.	[MsgId: MMSG-10544]


End auto log messages stack.	[MsgId: MMSG-10544]


Start auto log messages stack - Iteration 30842.	[MsgId: MMSG-10545]
t=231034ms: Closed connection [0] to localhost:8080 after completing 0 request(s)  	[MsgId: MMSG-26000]
Error -26377: No match found for the requested parameter "Final". Either the specified boundaries were not found in the response or the matched text is longer than current max html parameter size of 256 bytes. The total length of the response is 0 bytes. You can use "web_set_max_html_param_len" to increase the max parameter size.  	[MsgId: MERR-26377]
End auto log messages stack.	[MsgId: MMSG-10544]


Start auto log messages stack - Iteration 30842.	[MsgId: MMSG-10545]
Actions.java(22): Notify: Saving Parameter "Final = ".	[MsgId: MMSG-13798]
Error -26374: The above "not found" error(s) may be explained by header and body byte counts being 0 and 0, respectively.  	[MsgId: MERR-26374]
Start auto log messages stack - Iteration 44559.	[MsgId: MMSG-10545]
t=230999ms: Closed connection [0] to localhost:8080 after completing 0 request(s)  	[MsgId: MMSG-26000]
Error -26377: No match found for the requested parameter "Final". Either the specified boundaries were not found in the response or the matched text is longer than current max html parameter size of 256 bytes. The total length of the response is 0 bytes. You can use "web_set_max_html_param_len" to increase the max parameter size.  	[MsgId: MERR-26377]
End auto log messages stack.	[MsgId: MMSG-10544]


End auto log messages stack.	[MsgId: MMSG-10544]


Start auto log messages stack - Iteration 44559.	[MsgId: MMSG-10545]
Actions.java(22): Notify: Saving Parameter "Final = ".	[MsgId: MMSG-13798]
Error -26374: The above "not found" error(s) may be explained by header and body byte counts being 0 and 0, respectively.  	[MsgId: MERR-26374]
End auto log messages stack.	[MsgId: MMSG-10544]


Start auto log messages stack - Iteration 19723.	[MsgId: MMSG-10545]
t=230990ms: Closed connection [0] to localhost:8080 after completing 0 request(s)  	[MsgId: MMSG-26000]
Error -26377: No match found for the requested parameter "Final". Either the specified boundaries were not found in the response or the matched text is longer than current max html parameter size of 256 bytes. The total length of the response is 0 bytes. You can use "web_set_max_html_param_len" to increase the max parameter size.  	[MsgId: MERR-26377]
End auto log messages stack.	[MsgId: MMSG-10544]


Start auto log messages stack - Iteration 19723.	[MsgId: MMSG-10545]
Actions.java(22): Notify: Saving Parameter "Final = ".	[MsgId: MMSG-13798]
Error -26374: The above "not found" error(s) may be explained by header and body byte counts being 0 and 0, respectively.  	[MsgId: MERR-26374]
End auto log messages stack.	[MsgId: MMSG-10544]


Start auto log messages stack - Iteration 11523.	[MsgId: MMSG-10545]
Actions.java(22): Notify: Next row for parameter middlename = 9795 [table  = middlename].	[MsgId: MMSG-13876]
Actions.java(22): Notify: Parameter Substitution: parameter "middlename" =  "Heidenreich"	[MsgId: MMSG-13992]
Actions.java(22): Notify: Next row for parameter lastname = 9795 [table  = lastname].	[MsgId: MMSG-13876]
Actions.java(22): Notify: Parameter Substitution: parameter "lastname" =  "Jailyn"	[MsgId: MMSG-13992]
Actions.java(22): Notify: Next row for parameter addressreg = 9795 [table  = addressreg].	[MsgId: MMSG-13876]
Actions.java(22): Notify: Parameter Substitution: parameter "addressreg" =  "22 Shakespeare Road, Stowmarket"	[MsgId: MMSG-13992]
Actions.java(22): Notify: Parameter Substitution: parameter "randamount" =  "94226"	[MsgId: MMSG-13992]
web_reg_save_param started  	[MsgId: MMSG-26355]
Registering web_reg_save_param was successful  	[MsgId: MMSG-26390]
Actions.java(22): Notify: Transaction "Transfer" started.	[MsgId: MMSG-16999]
Actions.java(22): Notify: Parameter Substitution: parameter "url" =  "http://localhost:8080/WebApp/AppServlet"	[MsgId: MMSG-13992]
web_custom_request("post_query.exe") started  	[MsgId: MMSG-26355]
t=266892ms: Connecting [0] to host 127.0.0.1:8080  	[MsgId: MMSG-26000]
Error -27792: Failed to connect to server "localhost:8080": [10048] Address already in use
Try changing the registry value 
HKEY_LOCAL_MACHINE\System\CurrentControlSet\Services\tcpip\Parameters\TcpTimedWaitDelay to 30
and HKEY_LOCAL_MACHINE\System\CurrentControlSet\Services\tcpip\Parameters\MaxUserPort to 65534
and rebooting the machine
See the readme.doc file for more information  	[MsgId: MERR-27792]
End auto log messages stack.	[MsgId: MMSG-10544]


Start auto log messages stack - Iteration 33426.	[MsgId: MMSG-10545]
Actions.java(22): Notify: Next row for parameter middlename = 4220 [table  = middlename].	[MsgId: MMSG-13876]
Actions.java(22): Notify: Parameter Substitution: parameter "middlename" =  "Sean"	[MsgId: MMSG-13992]
Actions.java(22): Notify: Next row for parameter lastname = 4220 [table  = lastname].	[MsgId: MMSG-13876]
Actions.java(22): Notify: Parameter Substitution: parameter "lastname" =  "Edwina"	[MsgId: MMSG-13992]
Actions.java(22): Notify: Next row for parameter addressreg = 4220 [table  = addressreg].	[MsgId: MMSG-13876]
Actions.java(22): Notify: Parameter Substitution: parameter "addressreg" =  "9 Langbar Close, Leeds"	[MsgId: MMSG-13992]
Actions.java(22): Notify: Parameter Substitution: parameter "randamount" =  "49772"	[MsgId: MMSG-13992]
web_reg_save_param started  	[MsgId: MMSG-26355]
Registering web_reg_save_param was successful  	[MsgId: MMSG-26390]
Actions.java(22): Notify: Transaction "Transfer" started.	[MsgId: MMSG-16999]
Actions.java(22): Notify: Parameter Substitution: parameter "url" =  "http://localhost:8080/WebApp/AppServlet"	[MsgId: MMSG-13992]
web_custom_request("post_query.exe") started  	[MsgId: MMSG-26355]
t=266892ms: Connecting [0] to host 127.0.0.1:8080  	[MsgId: MMSG-26000]
Error -27792: Failed to connect to server "localhost:8080": [10048] Address already in use
Try changing the registry value 
HKEY_LOCAL_MACHINE\System\CurrentControlSet\Services\tcpip\Parameters\TcpTimedWaitDelay to 30
and HKEY_LOCAL_MACHINE\System\CurrentControlSet\Services\tcpip\Parameters\MaxUserPort to 65534
and rebooting the machine
See the readme.doc file for more information  	[MsgId: MERR-27792]
End auto log messages stack.	[MsgId: MMSG-10544]


Start auto log messages stack - Iteration 1783.	[MsgId: MMSG-10545]
Actions.java(22): Notify: Next row for parameter middlename = 128 [table  = middlename].	[MsgId: MMSG-13876]
Actions.java(22): Notify: Parameter Substitution: parameter "middlename" =  "Viola"	[MsgId: MMSG-13992]
Actions.java(22): Notify: Next row for parameter lastname = 128 [table  = lastname].	[MsgId: MMSG-13876]
Actions.java(22): Notify: Parameter Substitution: parameter "lastname" =  "Bennie"	[MsgId: MMSG-13992]
Actions.java(22): Notify: Next row for parameter addressreg = 128 [table  = addressreg].	[MsgId: MMSG-13876]
Actions.java(22): Notify: Parameter Substitution: parameter "addressreg" =  "22 Wigton Place, Worcester"	[MsgId: MMSG-13992]
Actions.java(22): Notify: Parameter Substitution: parameter "randamount" =  "16465"	[MsgId: MMSG-13992]
web_reg_save_param started  	[MsgId: MMSG-26355]
Registering web_reg_save_param was successful  	[MsgId: MMSG-26390]
Actions.java(22): Notify: Transaction "Transfer" started.	[MsgId: MMSG-16999]
Actions.java(22): Notify: Parameter Substitution: parameter "url" =  "http://localhost:8080/WebApp/AppServlet"	[MsgId: MMSG-13992]
web_custom_request("post_query.exe") started  	[MsgId: MMSG-26355]
t=266907ms: Connecting [0] to host 127.0.0.1:8080  	[MsgId: MMSG-26000]
Error -27792: Failed to connect to server "localhost:8080": [10048] Address already in use
Try changing the registry value 
HKEY_LOCAL_MACHINE\System\CurrentControlSet\Services\tcpip\Parameters\TcpTimedWaitDelay to 30
and HKEY_LOCAL_MACHINE\System\CurrentControlSet\Services\tcpip\Parameters\MaxUserPort to 65534
and rebooting the machine
See the readme.doc file for more information  	[MsgId: MERR-27792]
End auto log messages stack.	[MsgId: MMSG-10544]


Start auto log messages stack - Iteration 16374.	[MsgId: MMSG-10545]
Actions.java(22): Notify: Next row for parameter middlename = 594 [table  = middlename].	[MsgId: MMSG-13876]
Actions.java(22): Notify: Parameter Substitution: parameter "middlename" =  "Josephine"	[MsgId: MMSG-13992]
Actions.java(22): Notify: Next row for parameter lastname = 594 [table  = lastname].	[MsgId: MMSG-13876]
Actions.java(22): Notify: Parameter Substitution: parameter "lastname" =  "Weissnat"	[MsgId: MMSG-13992]
Actions.java(22): Notify: Next row for parameter addressreg = 594 [table  = addressreg].	[MsgId: MMSG-13876]
Actions.java(22): Notify: Parameter Substitution: parameter "addressreg" =  "6 Gracechurch Street, London"	[MsgId: MMSG-13992]
Actions.java(22): Notify: Parameter Substitution: parameter "randamount" =  "41009"	[MsgId: MMSG-13992]
web_reg_save_param started  	[MsgId: MMSG-26355]
Registering web_reg_save_param was successful  	[MsgId: MMSG-26390]
Actions.java(22): Notify: Transaction "Transfer" started.	[MsgId: MMSG-16999]
Actions.java(22): Notify: Parameter Substitution: parameter "url" =  "http://localhost:8080/WebApp/AppServlet"	[MsgId: MMSG-13992]
web_custom_request("post_query.exe") started  	[MsgId: MMSG-26355]
t=266920ms: Connecting [0] to host 127.0.0.1:8080  	[MsgId: MMSG-26000]
Error -27792: Failed to connect to server "localhost:8080": [10048] Address already in use
Try changing the registry value 
HKEY_LOCAL_MACHINE\System\CurrentControlSet\Services\tcpip\Parameters\TcpTimedWaitDelay to 30
and HKEY_LOCAL_MACHINE\System\CurrentControlSet\Services\tcpip\Parameters\MaxUserPort to 65534
and rebooting the machine
See the readme.doc file for more information  	[MsgId: MERR-27792]
End auto log messages stack.	[MsgId: MMSG-10544]


Start auto log messages stack - Iteration 52536.	[MsgId: MMSG-10545]
Actions.java(22): Notify: Next row for parameter middlename = 5392 [table  = middlename].	[MsgId: MMSG-13876]
Actions.java(22): Notify: Parameter Substitution: parameter "middlename" =  "Buchanan"	[MsgId: MMSG-13992]
Actions.java(22): Notify: Next row for parameter lastname = 5392 [table  = lastname].	[MsgId: MMSG-13876]
Actions.java(22): Notify: Parameter Substitution: parameter "lastname" =  "Sonny"	[MsgId: MMSG-13992]
Actions.java(22): Notify: Next row for parameter addressreg = 5392 [table  = addressreg].	[MsgId: MMSG-13876]
Actions.java(22): Notify: Parameter Substitution: parameter "addressreg" =  "30 Taff Road, Caldicot"	[MsgId: MMSG-13992]
Actions.java(22): Notify: Parameter Substitution: parameter "randamount" =  "42563"	[MsgId: MMSG-13992]
web_reg_save_param started  	[MsgId: MMSG-26355]
Registering web_reg_save_param was successful  	[MsgId: MMSG-26390]
Actions.java(22): Notify: Transaction "Transfer" started.	[MsgId: MMSG-16999]
Actions.java(22): Notify: Parameter Substitution: parameter "url" =  "http://localhost:8080/WebApp/AppServlet"	[MsgId: MMSG-13992]
web_custom_request("post_query.exe") started  	[MsgId: MMSG-26355]
t=266934ms: Connecting [0] to host 127.0.0.1:8080  	[MsgId: MMSG-26000]
Error -27792: Failed to connect to server "localhost:8080": [10048] Address already in use
Try changing the registry value 
HKEY_LOCAL_MACHINE\System\CurrentControlSet\Services\tcpip\Parameters\TcpTimedWaitDelay to 30
and HKEY_LOCAL_MACHINE\System\CurrentControlSet\Services\tcpip\Parameters\MaxUserPort to 65534
and rebooting the machine
See the readme.doc file for more information  	[MsgId: MERR-27792]
End auto log messages stack.	[MsgId: MMSG-10544]


Start auto log messages stack - Iteration 10083.	[MsgId: MMSG-10545]
Actions.java(22): Notify: Next row for parameter middlename = 4545 [table  = middlename].	[MsgId: MMSG-13876]
Actions.java(22): Notify: Parameter Substitution: parameter "middlename" =  "DDS"	[MsgId: MMSG-13992]
Actions.java(22): Notify: Next row for parameter lastname = 4545 [table  = lastname].	[MsgId: MMSG-13876]
Actions.java(22): Notify: Parameter Substitution: parameter "lastname" =  "Parisian"	[MsgId: MMSG-13992]
Actions.java(22): Notify: Next row for parameter addressreg = 4545 [table  = addressreg].	[MsgId: MMSG-13876]
Actions.java(22): Notify: Parameter Substitution: parameter "addressreg" =  "The Studio, The Village, Alciston"	[MsgId: MMSG-13992]
Actions.java(22): Notify: Parameter Substitution: parameter "randamount" =  "36286"	[MsgId: MMSG-13992]
web_reg_save_param started  	[MsgId: MMSG-26355]
Registering web_reg_save_param was successful  	[MsgId: MMSG-26390]
Actions.java(22): Notify: Transaction "Transfer" started.	[MsgId: MMSG-16999]
Actions.java(22): Notify: Parameter Substitution: parameter "url" =  "http://localhost:8080/WebApp/AppServlet"	[MsgId: MMSG-13992]
web_custom_request("post_query.exe") started  	[MsgId: MMSG-26355]
t=266951ms: Connecting [0] to host 127.0.0.1:8080  	[MsgId: MMSG-26000]
Error -27792: Failed to connect to server "localhost:8080": [10048] Address already in use
Try changing the registry value 
HKEY_LOCAL_MACHINE\System\CurrentControlSet\Services\tcpip\Parameters\TcpTimedWaitDelay to 30
and HKEY_LOCAL_MACHINE\System\CurrentControlSet\Services\tcpip\Parameters\MaxUserPort to 65534
and rebooting the machine
See the readme.doc file for more information  	[MsgId: MERR-27792]
End auto log messages stack.	[MsgId: MMSG-10544]


Start auto log messages stack - Iteration 4379.	[MsgId: MMSG-10545]
Actions.java(22): Notify: Next row for parameter middlename = 4560 [table  = middlename].	[MsgId: MMSG-13876]
Actions.java(22): Notify: Parameter Substitution: parameter "middlename" =  "Oscar"	[MsgId: MMSG-13992]
Actions.java(22): Notify: Next row for parameter lastname = 4560 [table  = lastname].	[MsgId: MMSG-13876]
Actions.java(22): Notify: Parameter Substitution: parameter "lastname" =  "Kristin"	[MsgId: MMSG-13992]
Actions.java(22): Notify: Next row for parameter addressreg = 4560 [table  = addressreg].	[MsgId: MMSG-13876]
Actions.java(22): Notify: Parameter Substitution: parameter "addressreg" =  "14 The Meadows, Great Longstone"	[MsgId: MMSG-13992]
Actions.java(22): Notify: Parameter Substitution: parameter "randamount" =  "45792"	[MsgId: MMSG-13992]
web_reg_save_param started  	[MsgId: MMSG-26355]
Registering web_reg_save_param was successful  	[MsgId: MMSG-26390]
Actions.java(22): Notify: Transaction "Transfer" started.	[MsgId: MMSG-16999]
Actions.java(22): Notify: Parameter Substitution: parameter "url" =  "http://localhost:8080/WebApp/AppServlet"	[MsgId: MMSG-13992]
web_custom_request("post_query.exe") started  	[MsgId: MMSG-26355]
t=266968ms: Connecting [0] to host 127.0.0.1:8080  	[MsgId: MMSG-26000]
Error -27792: Failed to connect to server "localhost:8080": [10048] Address already in use
Try changing the registry value 
HKEY_LOCAL_MACHINE\System\CurrentControlSet\Services\tcpip\Parameters\TcpTimedWaitDelay to 30
and HKEY_LOCAL_MACHINE\System\CurrentControlSet\Services\tcpip\Parameters\MaxUserPort to 65534
and rebooting the machine
See the readme.doc file for more information  	[MsgId: MERR-27792]
End auto log messages stack.	[MsgId: MMSG-10544]


Start auto log messages stack - Iteration 47381.	[MsgId: MMSG-10545]
Actions.java(22): Notify: Next row for parameter middlename = 3427 [table  = middlename].	[MsgId: MMSG-13876]
Actions.java(22): Notify: Parameter Substitution: parameter "middlename" =  "Earlene"	[MsgId: MMSG-13992]
Actions.java(22): Notify: Next row for parameter lastname = 3427 [table  = lastname].	[MsgId: MMSG-13876]
Actions.java(22): Notify: Parameter Substitution: parameter "lastname" =  "Wiza"	[MsgId: MMSG-13992]
Actions.java(22): Notify: Next row for parameter addressreg = 3427 [table  = addressreg].	[MsgId: MMSG-13876]
Actions.java(22): Notify: Parameter Substitution: parameter "addressreg" =  "10 Priory Walk, Portbury"	[MsgId: MMSG-13992]
Actions.java(22): Notify: Parameter Substitution: parameter "randamount" =  "93739"	[MsgId: MMSG-13992]
web_reg_save_param started  	[MsgId: MMSG-26355]
Registering web_reg_save_param was successful  	[MsgId: MMSG-26390]
Actions.java(22): Notify: Transaction "Transfer" started.	[MsgId: MMSG-16999]
Actions.java(22): Notify: Parameter Substitution: parameter "url" =  "http://localhost:8080/WebApp/AppServlet"	[MsgId: MMSG-13992]
web_custom_request("post_query.exe") started  	[MsgId: MMSG-26355]
t=266981ms: Connecting [0] to host 127.0.0.1:8080  	[MsgId: MMSG-26000]
Error -27792: Failed to connect to server "localhost:8080": [10048] Address already in use
Try changing the registry value 
HKEY_LOCAL_MACHINE\System\CurrentControlSet\Services\tcpip\Parameters\TcpTimedWaitDelay to 30
and HKEY_LOCAL_MACHINE\System\CurrentControlSet\Services\tcpip\Parameters\MaxUserPort to 65534
and rebooting the machine
See the readme.doc file for more information  	[MsgId: MERR-27792]
End auto log messages stack.	[MsgId: MMSG-10544]


Start auto log messages stack - Iteration 24426.	[MsgId: MMSG-10545]
Actions.java(22): Notify: Next row for parameter middlename = 563 [table  = middlename].	[MsgId: MMSG-13876]
Actions.java(22): Notify: Parameter Substitution: parameter "middlename" =  "Dr.Opal"	[MsgId: MMSG-13992]
Actions.java(22): Notify: Next row for parameter lastname = 563 [table  = lastname].	[MsgId: MMSG-13876]
Actions.java(22): Notify: Parameter Substitution: parameter "lastname" =  "Gage"	[MsgId: MMSG-13992]
Actions.java(22): Notify: Next row for parameter addressreg = 563 [table  = addressreg].	[MsgId: MMSG-13876]
Actions.java(22): Notify: Parameter Substitution: parameter "addressreg" =  "18 Conway Road, Pontypool"	[MsgId: MMSG-13992]
Actions.java(22): Notify: Parameter Substitution: parameter "randamount" =  "93946"	[MsgId: MMSG-13992]
web_reg_save_param started  	[MsgId: MMSG-26355]
Registering web_reg_save_param was successful  	[MsgId: MMSG-26390]
Actions.java(22): Notify: Transaction "Transfer" started.	[MsgId: MMSG-16999]
Actions.java(22): Notify: Parameter Substitution: parameter "url" =  "http://localhost:8080/WebApp/AppServlet"	[MsgId: MMSG-13992]
web_custom_request("post_query.exe") started  	[MsgId: MMSG-26355]
t=266994ms: Connecting [0] to host 127.0.0.1:8080  	[MsgId: MMSG-26000]
Error -27792: Failed to connect to server "localhost:8080": [10048] Address already in use
Try changing the registry value 
HKEY_LOCAL_MACHINE\System\CurrentControlSet\Services\tcpip\Parameters\TcpTimedWaitDelay to 30
and HKEY_LOCAL_MACHINE\System\CurrentControlSet\Services\tcpip\Parameters\MaxUserPort to 65534
and rebooting the machine
See the readme.doc file for more information  	[MsgId: MERR-27792]
End auto log messages stack.	[MsgId: MMSG-10544]


Start auto log messages stack - Iteration 18259.	[MsgId: MMSG-10545]
Actions.java(22): Notify: Next row for parameter middlename = 3321 [table  = middlename].	[MsgId: MMSG-13876]
Actions.java(22): Notify: Parameter Substitution: parameter "middlename" =  "Flowers"	[MsgId: MMSG-13992]
Actions.java(22): Notify: Next row for parameter lastname = 3321 [table  = lastname].	[MsgId: MMSG-13876]
Actions.java(22): Notify: Parameter Substitution: parameter "lastname" =  "Durham"	[MsgId: MMSG-13992]
Actions.java(22): Notify: Next row for parameter addressreg = 3321 [table  = addressreg].	[MsgId: MMSG-13876]
Actions.java(22): Notify: Parameter Substitution: parameter "addressreg" =  "1 Queensland Avenue, London"	[MsgId: MMSG-13992]
Actions.java(22): Notify: Parameter Substitution: parameter "randamount" =  "88767"	[MsgId: MMSG-13992]
web_reg_save_param started  	[MsgId: MMSG-26355]
Registering web_reg_save_param was successful  	[MsgId: MMSG-26390]
Actions.java(22): Notify: Transaction "Transfer" started.	[MsgId: MMSG-16999]
Actions.java(22): Notify: Parameter Substitution: parameter "url" =  "http://localhost:8080/WebApp/AppServlet"	[MsgId: MMSG-13992]
web_custom_request("post_query.exe") started  	[MsgId: MMSG-26355]
t=267008ms: Connecting [0] to host 127.0.0.1:8080  	[MsgId: MMSG-26000]
Error -27792: Failed to connect to server "localhost:8080": [10048] Address already in use
Try changing the registry value 
HKEY_LOCAL_MACHINE\System\CurrentControlSet\Services\tcpip\Parameters\TcpTimedWaitDelay to 30
and HKEY_LOCAL_MACHINE\System\CurrentControlSet\Services\tcpip\Parameters\MaxUserPort to 65534
and rebooting the machine
See the readme.doc file for more information  	[MsgId: MERR-27792]
End auto log messages stack.	[MsgId: MMSG-10544]


Start auto log messages stack - Iteration 16374.	[MsgId: MMSG-10545]
Start auto log messages stack - Iteration 11523.	[MsgId: MMSG-10545]
Start auto log messages stack - Iteration 1783.	[MsgId: MMSG-10545]
Start auto log messages stack - Iteration 47381.	[MsgId: MMSG-10545]
t=266935ms: Closed connection [0] to localhost:8080 after completing 0 request(s)  	[MsgId: MMSG-26000]
t=266952ms: Closed connection [0] to localhost:8080 after completing 0 request(s)  	[MsgId: MMSG-26000]
Error -26377: No match found for the requested parameter "Final". Either the specified boundaries were not found in the response or the matched text is longer than current max html parameter size of 256 bytes. The total length of the response is 0 bytes. You can use "web_set_max_html_param_len" to increase the max parameter size.  	[MsgId: MERR-26377]
t=267009ms: Closed connection [0] to localhost:8080 after completing 0 request(s)  	[MsgId: MMSG-26000]
Error -26377: No match found for the requested parameter "Final". Either the specified boundaries were not found in the response or the matched text is longer than current max html parameter size of 256 bytes. The total length of the response is 0 bytes. You can use "web_set_max_html_param_len" to increase the max parameter size.  	[MsgId: MERR-26377]
Start auto log messages stack - Iteration 33426.	[MsgId: MMSG-10545]
Error -26377: No match found for the requested parameter "Final". Either the specified boundaries were not found in the response or the matched text is longer than current max html parameter size of 256 bytes. The total length of the response is 0 bytes. You can use "web_set_max_html_param_len" to increase the max parameter size.  	[MsgId: MERR-26377]
Start auto log messages stack - Iteration 52536.	[MsgId: MMSG-10545]
End auto log messages stack.	[MsgId: MMSG-10544]
End auto log messages stack.	[MsgId: MMSG-10544]
t=266921ms: Closed connection [0] to localhost:8080 after completing 0 request(s)  	[MsgId: MMSG-26000]
t=266969ms: Closed connection [0] to localhost:8080 after completing 0 request(s)  	[MsgId: MMSG-26000]




Error -26377: No match found for the requested parameter "Final". Either the specified boundaries were not found in the response or the matched text is longer than current max html parameter size of 256 bytes. The total length of the response is 0 bytes. You can use "web_set_max_html_param_len" to increase the max parameter size.  	[MsgId: MERR-26377]
Error -26377: No match found for the requested parameter "Final". Either the specified boundaries were not found in the response or the matched text is longer than current max html parameter size of 256 bytes. The total length of the response is 0 bytes. You can use "web_set_max_html_param_len" to increase the max parameter size.  	[MsgId: MERR-26377]
End auto log messages stack.	[MsgId: MMSG-10544]
Start auto log messages stack - Iteration 16374.	[MsgId: MMSG-10545]
Start auto log messages stack - Iteration 1783.	[MsgId: MMSG-10545]
End auto log messages stack.	[MsgId: MMSG-10544]


End auto log messages stack.	[MsgId: MMSG-10544]
Actions.java(22): Notify: Saving Parameter "Final = ".	[MsgId: MMSG-13798]
Actions.java(22): Notify: Saving Parameter "Final = ".	[MsgId: MMSG-13798]


Start auto log messages stack - Iteration 18259.	[MsgId: MMSG-10545]


Error -26374: The above "not found" error(s) may be explained by header and body byte counts being 0 and 0, respectively.  	[MsgId: MERR-26374]
Error -26374: The above "not found" error(s) may be explained by header and body byte counts being 0 and 0, respectively.  	[MsgId: MERR-26374]
t=267035ms: Closed connection [0] to localhost:8080 after completing 0 request(s)  	[MsgId: MMSG-26000]
Start auto log messages stack - Iteration 33426.	[MsgId: MMSG-10545]
Start auto log messages stack - Iteration 52536.	[MsgId: MMSG-10545]
Error -26377: No match found for the requested parameter "Final". Either the specified boundaries were not found in the response or the matched text is longer than current max html parameter size of 256 bytes. The total length of the response is 0 bytes. You can use "web_set_max_html_param_len" to increase the max parameter size.  	[MsgId: MERR-26377]
Actions.java(22): Notify: Saving Parameter "Final = ".	[MsgId: MMSG-13798]
Actions.java(22): Notify: Saving Parameter "Final = ".	[MsgId: MMSG-13798]
End auto log messages stack.	[MsgId: MMSG-10544]
Error -26374: The above "not found" error(s) may be explained by header and body byte counts being 0 and 0, respectively.  	[MsgId: MERR-26374]
End auto log messages stack.	[MsgId: MMSG-10544]
Error -26374: The above "not found" error(s) may be explained by header and body byte counts being 0 and 0, respectively.  	[MsgId: MERR-26374]


End auto log messages stack.	[MsgId: MMSG-10544]




End auto log messages stack.	[MsgId: MMSG-10544]
End auto log messages stack.	[MsgId: MMSG-10544]
Start auto log messages stack - Iteration 18259.	[MsgId: MMSG-10545]




Actions.java(22): Notify: Saving Parameter "Final = ".	[MsgId: MMSG-13798]
Error -26374: The above "not found" error(s) may be explained by header and body byte counts being 0 and 0, respectively.  	[MsgId: MERR-26374]
End auto log messages stack.	[MsgId: MMSG-10544]


Start auto log messages stack - Iteration 24426.	[MsgId: MMSG-10545]
Start auto log messages stack - Iteration 4379.	[MsgId: MMSG-10545]
Start auto log messages stack - Iteration 47381.	[MsgId: MMSG-10545]
t=266914ms: Closed connection [0] to localhost:8080 after completing 0 request(s)  	[MsgId: MMSG-26000]
t=267022ms: Closed connection [0] to localhost:8080 after completing 0 request(s)  	[MsgId: MMSG-26000]
t=266995ms: Closed connection [0] to localhost:8080 after completing 0 request(s)  	[MsgId: MMSG-26000]
Actions.java(22): Notify: Saving Parameter "Final = ".	[MsgId: MMSG-13798]
Error -26377: No match found for the requested parameter "Final". Either the specified boundaries were not found in the response or the matched text is longer than current max html parameter size of 256 bytes. The total length of the response is 0 bytes. You can use "web_set_max_html_param_len" to increase the max parameter size.  	[MsgId: MERR-26377]
Error -26377: No match found for the requested parameter "Final". Either the specified boundaries were not found in the response or the matched text is longer than current max html parameter size of 256 bytes. The total length of the response is 0 bytes. You can use "web_set_max_html_param_len" to increase the max parameter size.  	[MsgId: MERR-26377]
Error -26374: The above "not found" error(s) may be explained by header and body byte counts being 0 and 0, respectively.  	[MsgId: MERR-26374]
End auto log messages stack.	[MsgId: MMSG-10544]
End auto log messages stack.	[MsgId: MMSG-10544]




End auto log messages stack.	[MsgId: MMSG-10544]


Error -26377: No match found for the requested parameter "Final". Either the specified boundaries were not found in the response or the matched text is longer than current max html parameter size of 256 bytes. The total length of the response is 0 bytes. You can use "web_set_max_html_param_len" to increase the max parameter size.  	[MsgId: MERR-26377]
Start auto log messages stack - Iteration 24426.	[MsgId: MMSG-10545]
Start auto log messages stack - Iteration 4379.	[MsgId: MMSG-10545]
Actions.java(22): Notify: Saving Parameter "Final = ".	[MsgId: MMSG-13798]
Actions.java(22): Notify: Saving Parameter "Final = ".	[MsgId: MMSG-13798]
Error -26374: The above "not found" error(s) may be explained by header and body byte counts being 0 and 0, respectively.  	[MsgId: MERR-26374]
Error -26374: The above "not found" error(s) may be explained by header and body byte counts being 0 and 0, respectively.  	[MsgId: MERR-26374]
End auto log messages stack.	[MsgId: MMSG-10544]
End auto log messages stack.	[MsgId: MMSG-10544]
End auto log messages stack.	[MsgId: MMSG-10544]






Start auto log messages stack - Iteration 11523.	[MsgId: MMSG-10545]
Actions.java(22): Notify: Saving Parameter "Final = ".	[MsgId: MMSG-13798]
Error -26374: The above "not found" error(s) may be explained by header and body byte counts being 0 and 0, respectively.  	[MsgId: MERR-26374]
End auto log messages stack.	[MsgId: MMSG-10544]


Start auto log messages stack - Iteration 10083.	[MsgId: MMSG-10545]
t=266982ms: Closed connection [0] to localhost:8080 after completing 0 request(s)  	[MsgId: MMSG-26000]
Error -26377: No match found for the requested parameter "Final". Either the specified boundaries were not found in the response or the matched text is longer than current max html parameter size of 256 bytes. The total length of the response is 0 bytes. You can use "web_set_max_html_param_len" to increase the max parameter size.  	[MsgId: MERR-26377]
End auto log messages stack.	[MsgId: MMSG-10544]


Start auto log messages stack - Iteration 10083.	[MsgId: MMSG-10545]
Actions.java(22): Notify: Saving Parameter "Final = ".	[MsgId: MMSG-13798]
Error -26374: The above "not found" error(s) may be explained by header and body byte counts being 0 and 0, respectively.  	[MsgId: MERR-26374]
End auto log messages stack.	[MsgId: MMSG-10544]


Start auto log messages stack - Iteration 14377.	[MsgId: MMSG-10545]
Actions.java(22): Notify: Next row for parameter middlename = 6382 [table  = middlename].	[MsgId: MMSG-13876]
Actions.java(22): Notify: Parameter Substitution: parameter "middlename" =  "DDS"	[MsgId: MMSG-13992]
Actions.java(22): Notify: Next row for parameter lastname = 6382 [table  = lastname].	[MsgId: MMSG-13876]
Actions.java(22): Notify: Parameter Substitution: parameter "lastname" =  "II"	[MsgId: MMSG-13992]
Actions.java(22): Notify: Next row for parameter addressreg = 6382 [table  = addressreg].	[MsgId: MMSG-13876]
Start auto log messages stack - Iteration 22989.	[MsgId: MMSG-10545]
Actions.java(22): Notify: Next row for parameter middlename = 1880 [table  = middlename].	[MsgId: MMSG-13876]
Actions.java(22): Notify: Parameter Substitution: parameter "middlename" =  "Zavala"	[MsgId: MMSG-13992]
Actions.java(22): Notify: Next row for parameter lastname = 1880 [table  = lastname].	[MsgId: MMSG-13876]
Actions.java(22): Notify: Parameter Substitution: parameter "lastname" =  "Botsford"	[MsgId: MMSG-13992]
Actions.java(22): Notify: Next row for parameter addressreg = 1880 [table  = addressreg].	[MsgId: MMSG-13876]
Actions.java(22): Notify: Parameter Substitution: parameter "addressreg" =  "52 Victoria Road, Polegate"	[MsgId: MMSG-13992]
Actions.java(22): Notify: Parameter Substitution: parameter "randamount" =  "83365"	[MsgId: MMSG-13992]
Actions.java(22): Notify: Parameter Substitution: parameter "addressreg" =  "23A Crook Log, Bexleyheath"	[MsgId: MMSG-13992]
web_reg_save_param started  	[MsgId: MMSG-26355]
Registering web_reg_save_param was successful  	[MsgId: MMSG-26390]
Actions.java(22): Notify: Parameter Substitution: parameter "randamount" =  "22188"	[MsgId: MMSG-13992]
Actions.java(22): Notify: Transaction "Transfer" started.	[MsgId: MMSG-16999]
web_reg_save_param started  	[MsgId: MMSG-26355]
Actions.java(22): Notify: Parameter Substitution: parameter "url" =  "http://localhost:8080/WebApp/AppServlet"	[MsgId: MMSG-13992]
Registering web_reg_save_param was successful  	[MsgId: MMSG-26390]
web_custom_request("post_query.exe") started  	[MsgId: MMSG-26355]
Actions.java(22): Notify: Transaction "Transfer" started.	[MsgId: MMSG-16999]
t=340779ms: Connecting [0] to host 127.0.0.1:8080  	[MsgId: MMSG-26000]
Error -27792: Failed to connect to server "localhost:8080": [10048] Address already in use
Try changing the registry value 
HKEY_LOCAL_MACHINE\System\CurrentControlSet\Services\tcpip\Parameters\TcpTimedWaitDelay to 30
and HKEY_LOCAL_MACHINE\System\CurrentControlSet\Services\tcpip\Parameters\MaxUserPort to 65534
and rebooting the machine
See the readme.doc file for more information  	[MsgId: MERR-27792]
Actions.java(22): Notify: Parameter Substitution: parameter "url" =  "http://localhost:8080/WebApp/AppServlet"	[MsgId: MMSG-13992]
web_custom_request("post_query.exe") started  	[MsgId: MMSG-26355]
t=340793ms: Connecting [0] to host 127.0.0.1:8080  	[MsgId: MMSG-26000]
Error -27792: Failed to connect to server "localhost:8080": [10048] Address already in use
Try changing the registry value 
HKEY_LOCAL_MACHINE\System\CurrentControlSet\Services\tcpip\Parameters\TcpTimedWaitDelay to 30
and HKEY_LOCAL_MACHINE\System\CurrentControlSet\Services\tcpip\Parameters\MaxUserPort to 65534
and rebooting the machine
See the readme.doc file for more information  	[MsgId: MERR-27792]
End auto log messages stack.	[MsgId: MMSG-10544]


End auto log messages stack.	[MsgId: MMSG-10544]


Start auto log messages stack - Iteration 6178.	[MsgId: MMSG-10545]
Start auto log messages stack - Iteration 19276.	[MsgId: MMSG-10545]
Actions.java(22): Notify: Next row for parameter middlename = 6167 [table  = middlename].	[MsgId: MMSG-13876]
Actions.java(22): Notify: Parameter Substitution: parameter "middlename" =  "Cross"	[MsgId: MMSG-13992]
Actions.java(22): Notify: Next row for parameter lastname = 6167 [table  = lastname].	[MsgId: MMSG-13876]
Actions.java(22): Notify: Parameter Substitution: parameter "lastname" =  "Nolan"	[MsgId: MMSG-13992]
Actions.java(22): Notify: Next row for parameter addressreg = 6167 [table  = addressreg].	[MsgId: MMSG-13876]
Start auto log messages stack - Iteration 6109.	[MsgId: MMSG-10545]
Actions.java(22): Notify: Next row for parameter middlename = 862 [table  = middlename].	[MsgId: MMSG-13876]
Actions.java(22): Notify: Parameter Substitution: parameter "middlename" =  "Viola"	[MsgId: MMSG-13992]
Actions.java(22): Notify: Next row for parameter lastname = 862 [table  = lastname].	[MsgId: MMSG-13876]
Actions.java(22): Notify: Parameter Substitution: parameter "lastname" =  "Boyle"	[MsgId: MMSG-13992]
Actions.java(22): Notify: Next row for parameter addressreg = 862 [table  = addressreg].	[MsgId: MMSG-13876]
Actions.java(22): Notify: Next row for parameter middlename = 5200 [table  = middlename].	[MsgId: MMSG-13876]
Actions.java(22): Notify: Parameter Substitution: parameter "middlename" =  "Jones"	[MsgId: MMSG-13992]
Actions.java(22): Notify: Next row for parameter lastname = 5200 [table  = lastname].	[MsgId: MMSG-13876]
Start auto log messages stack - Iteration 10040.	[MsgId: MMSG-10545]
Actions.java(22): Notify: Parameter Substitution: parameter "lastname" =  "Jacobson"	[MsgId: MMSG-13992]
Actions.java(22): Notify: Next row for parameter addressreg = 5200 [table  = addressreg].	[MsgId: MMSG-13876]
Actions.java(22): Notify: Parameter Substitution: parameter "addressreg" =  "149 Cherry Orchard Road, Handsworth Wood"	[MsgId: MMSG-13992]
Actions.java(22): Notify: Parameter Substitution: parameter "randamount" =  "2571"	[MsgId: MMSG-13992]
web_reg_save_param started  	[MsgId: MMSG-26355]
Registering web_reg_save_param was successful  	[MsgId: MMSG-26390]
Actions.java(22): Notify: Transaction "Transfer" started.	[MsgId: MMSG-16999]
Actions.java(22): Notify: Parameter Substitution: parameter "url" =  "http://localhost:8080/WebApp/AppServlet"	[MsgId: MMSG-13992]
web_custom_request("post_query.exe") started  	[MsgId: MMSG-26355]
t=340793ms: Connecting [0] to host 127.0.0.1:8080  	[MsgId: MMSG-26000]
Error -27792: Failed to connect to server "localhost:8080": [10048] Address already in use
Try changing the registry value 
HKEY_LOCAL_MACHINE\System\CurrentControlSet\Services\tcpip\Parameters\TcpTimedWaitDelay to 30
and HKEY_LOCAL_MACHINE\System\CurrentControlSet\Services\tcpip\Parameters\MaxUserPort to 65534
and rebooting the machine
See the readme.doc file for more information  	[MsgId: MERR-27792]
End auto log messages stack.	[MsgId: MMSG-10544]


Start auto log messages stack - Iteration 36488.	[MsgId: MMSG-10545]
Actions.java(22): Notify: Parameter Substitution: parameter "addressreg" =  "Brock Cottage, Raft Yard, Whitby"	[MsgId: MMSG-13992]
Actions.java(22): Notify: Parameter Substitution: parameter "randamount" =  "54058"	[MsgId: MMSG-13992]
web_reg_save_param started  	[MsgId: MMSG-26355]
Registering web_reg_save_param was successful  	[MsgId: MMSG-26390]
Actions.java(22): Notify: Transaction "Transfer" started.	[MsgId: MMSG-16999]
Actions.java(22): Notify: Parameter Substitution: parameter "url" =  "http://localhost:8080/WebApp/AppServlet"	[MsgId: MMSG-13992]
web_custom_request("post_query.exe") started  	[MsgId: MMSG-26355]
t=340793ms: Connecting [0] to host 127.0.0.1:8080  	[MsgId: MMSG-26000]
Error -27792: Failed to connect to server "localhost:8080": [10048] Address already in use
Try changing the registry value 
HKEY_LOCAL_MACHINE\System\CurrentControlSet\Services\tcpip\Parameters\TcpTimedWaitDelay to 30
and HKEY_LOCAL_MACHINE\System\CurrentControlSet\Services\tcpip\Parameters\MaxUserPort to 65534
and rebooting the machine
See the readme.doc file for more information  	[MsgId: MERR-27792]
End auto log messages stack.	[MsgId: MMSG-10544]


Actions.java(22): Notify: Parameter Substitution: parameter "addressreg" =  "17 Stretton Road, Much Wenlock"	[MsgId: MMSG-13992]
Actions.java(22): Notify: Parameter Substitution: parameter "randamount" =  "72558"	[MsgId: MMSG-13992]
web_reg_save_param started  	[MsgId: MMSG-26355]
Registering web_reg_save_param was successful  	[MsgId: MMSG-26390]
Actions.java(22): Notify: Transaction "Transfer" started.	[MsgId: MMSG-16999]
Actions.java(22): Notify: Parameter Substitution: parameter "url" =  "http://localhost:8080/WebApp/AppServlet"	[MsgId: MMSG-13992]
web_custom_request("post_query.exe") started  	[MsgId: MMSG-26355]
t=340793ms: Connecting [0] to host 127.0.0.1:8080  	[MsgId: MMSG-26000]
Error -27792: Failed to connect to server "localhost:8080": [10048] Address already in use
Try changing the registry value 
HKEY_LOCAL_MACHINE\System\CurrentControlSet\Services\tcpip\Parameters\TcpTimedWaitDelay to 30
and HKEY_LOCAL_MACHINE\System\CurrentControlSet\Services\tcpip\Parameters\MaxUserPort to 65534
and rebooting the machine
See the readme.doc file for more information  	[MsgId: MERR-27792]
End auto log messages stack.	[MsgId: MMSG-10544]


Actions.java(22): Notify: Next row for parameter middlename = 706 [table  = middlename].	[MsgId: MMSG-13876]
Actions.java(22): Notify: Parameter Substitution: parameter "middlename" =  "Hung"	[MsgId: MMSG-13992]
Actions.java(22): Notify: Next row for parameter lastname = 706 [table  = lastname].	[MsgId: MMSG-13876]
Start auto log messages stack - Iteration 495.	[MsgId: MMSG-10545]
Actions.java(22): Notify: Parameter Substitution: parameter "lastname" =  "Witting"	[MsgId: MMSG-13992]
Actions.java(22): Notify: Next row for parameter addressreg = 706 [table  = addressreg].	[MsgId: MMSG-13876]
Actions.java(22): Notify: Parameter Substitution: parameter "middlename" =  "Sr.Noah"	[MsgId: MMSG-13992]
Actions.java(22): Notify: Parameter Substitution: parameter "addressreg" =  "1 Barrack Cottages, Barham Green"	[MsgId: MMSG-13992]
Actions.java(22): Notify: Next row for parameter middlename = 3901 [table  = middlename].	[MsgId: MMSG-13876]
Actions.java(22): Notify: Parameter Substitution: parameter "randamount" =  "25513"	[MsgId: MMSG-13992]
web_reg_save_param started  	[MsgId: MMSG-26355]
Actions.java(22): Notify: Parameter Substitution: parameter "middlename" =  "Ernestina"	[MsgId: MMSG-13992]
Registering web_reg_save_param was successful  	[MsgId: MMSG-26390]
Actions.java(22): Notify: Next row for parameter lastname = 3901 [table  = lastname].	[MsgId: MMSG-13876]
Actions.java(22): Notify: Transaction "Transfer" started.	[MsgId: MMSG-16999]
Actions.java(22): Notify: Parameter Substitution: parameter "lastname" =  "Effertz"	[MsgId: MMSG-13992]
Actions.java(22): Notify: Parameter Substitution: parameter "url" =  "http://localhost:8080/WebApp/AppServlet"	[MsgId: MMSG-13992]
Actions.java(22): Notify: Next row for parameter addressreg = 3901 [table  = addressreg].	[MsgId: MMSG-13876]
web_custom_request("post_query.exe") started  	[MsgId: MMSG-26355]
t=340794ms: Connecting [0] to host 127.0.0.1:8080  	[MsgId: MMSG-26000]
Actions.java(22): Notify: Parameter Substitution: parameter "addressreg" =  "43 Goodall Street, Walsall"	[MsgId: MMSG-13992]
Error -27792: Failed to connect to server "localhost:8080": [10048] Address already in use
Try changing the registry value 
HKEY_LOCAL_MACHINE\System\CurrentControlSet\Services\tcpip\Parameters\TcpTimedWaitDelay to 30
and HKEY_LOCAL_MACHINE\System\CurrentControlSet\Services\tcpip\Parameters\MaxUserPort to 65534
and rebooting the machine
See the readme.doc file for more information  	[MsgId: MERR-27792]
Actions.java(22): Notify: Parameter Substitution: parameter "randamount" =  "91030"	[MsgId: MMSG-13992]
web_reg_save_param started  	[MsgId: MMSG-26355]
Registering web_reg_save_param was successful  	[MsgId: MMSG-26390]
Actions.java(22): Notify: Transaction "Transfer" started.	[MsgId: MMSG-16999]
End auto log messages stack.	[MsgId: MMSG-10544]
Actions.java(22): Notify: Parameter Substitution: parameter "url" =  "http://localhost:8080/WebApp/AppServlet"	[MsgId: MMSG-13992]


web_custom_request("post_query.exe") started  	[MsgId: MMSG-26355]
t=340793ms: Connecting [0] to host 127.0.0.1:8080  	[MsgId: MMSG-26000]
Error -27792: Failed to connect to server "localhost:8080": [10048] Address already in use
Try changing the registry value 
HKEY_LOCAL_MACHINE\System\CurrentControlSet\Services\tcpip\Parameters\TcpTimedWaitDelay to 30
and HKEY_LOCAL_MACHINE\System\CurrentControlSet\Services\tcpip\Parameters\MaxUserPort to 65534
and rebooting the machine
See the readme.doc file for more information  	[MsgId: MERR-27792]
End auto log messages stack.	[MsgId: MMSG-10544]
Actions.java(22): Notify: Next row for parameter lastname = 9216 [table  = lastname].	[MsgId: MMSG-13876]


Actions.java(22): Notify: Parameter Substitution: parameter "lastname" =  "Wade"	[MsgId: MMSG-13992]
Actions.java(22): Notify: Next row for parameter addressreg = 9216 [table  = addressreg].	[MsgId: MMSG-13876]
Actions.java(22): Notify: Parameter Substitution: parameter "addressreg" =  "4 The Quintet, Churchfield Road, Walton-On-Thames"	[MsgId: MMSG-13992]
Actions.java(22): Notify: Parameter Substitution: parameter "randamount" =  "65709"	[MsgId: MMSG-13992]
web_reg_save_param started  	[MsgId: MMSG-26355]
Registering web_reg_save_param was successful  	[MsgId: MMSG-26390]
Actions.java(22): Notify: Transaction "Transfer" started.	[MsgId: MMSG-16999]
Actions.java(22): Notify: Parameter Substitution: parameter "url" =  "http://localhost:8080/WebApp/AppServlet"	[MsgId: MMSG-13992]
web_custom_request("post_query.exe") started  	[MsgId: MMSG-26355]
t=340793ms: Connecting [0] to host 127.0.0.1:8080  	[MsgId: MMSG-26000]
Error -27792: Failed to connect to server "localhost:8080": [10048] Address already in use
Try changing the registry value 
HKEY_LOCAL_MACHINE\System\CurrentControlSet\Services\tcpip\Parameters\TcpTimedWaitDelay to 30
and HKEY_LOCAL_MACHINE\System\CurrentControlSet\Services\tcpip\Parameters\MaxUserPort to 65534
and rebooting the machine
See the readme.doc file for more information  	[MsgId: MERR-27792]
End auto log messages stack.	[MsgId: MMSG-10544]


Start auto log messages stack - Iteration 318.	[MsgId: MMSG-10545]
Actions.java(22): Notify: Next row for parameter middlename = 7996 [table  = middlename].	[MsgId: MMSG-13876]
Actions.java(22): Notify: Parameter Substitution: parameter "middlename" =  "Monahan"	[MsgId: MMSG-13992]
Actions.java(22): Notify: Next row for parameter lastname = 7996 [table  = lastname].	[MsgId: MMSG-13876]
Actions.java(22): Notify: Parameter Substitution: parameter "lastname" =  "Sonny"	[MsgId: MMSG-13992]
Actions.java(22): Notify: Next row for parameter addressreg = 7996 [table  = addressreg].	[MsgId: MMSG-13876]
Actions.java(22): Notify: Parameter Substitution: parameter "addressreg" =  "19 Wentworth Close, Ash Vale"	[MsgId: MMSG-13992]
Actions.java(22): Notify: Parameter Substitution: parameter "randamount" =  "8330"	[MsgId: MMSG-13992]
web_reg_save_param started  	[MsgId: MMSG-26355]
Registering web_reg_save_param was successful  	[MsgId: MMSG-26390]
Actions.java(22): Notify: Transaction "Transfer" started.	[MsgId: MMSG-16999]
Actions.java(22): Notify: Parameter Substitution: parameter "url" =  "http://localhost:8080/WebApp/AppServlet"	[MsgId: MMSG-13992]
web_custom_request("post_query.exe") started  	[MsgId: MMSG-26355]
t=340794ms: Connecting [0] to host 127.0.0.1:8080  	[MsgId: MMSG-26000]
Error -27792: Failed to connect to server "localhost:8080": [10048] Address already in use
Try changing the registry value 
HKEY_LOCAL_MACHINE\System\CurrentControlSet\Services\tcpip\Parameters\TcpTimedWaitDelay to 30
and HKEY_LOCAL_MACHINE\System\CurrentControlSet\Services\tcpip\Parameters\MaxUserPort to 65534
and rebooting the machine
See the readme.doc file for more information  	[MsgId: MERR-27792]
End auto log messages stack.	[MsgId: MMSG-10544]


Start auto log messages stack - Iteration 2898.	[MsgId: MMSG-10545]
Start auto log messages stack - Iteration 27674.	[MsgId: MMSG-10545]
Actions.java(22): Notify: Next row for parameter middlename = 1525 [table  = middlename].	[MsgId: MMSG-13876]
Actions.java(22): Notify: Parameter Substitution: parameter "middlename" =  "Cormier"	[MsgId: MMSG-13992]
Actions.java(22): Notify: Parameter Substitution: parameter "middlename" =  "Wilkinson"	[MsgId: MMSG-13992]
Actions.java(22): Notify: Next row for parameter lastname = 6922 [table  = lastname].	[MsgId: MMSG-13876]
Actions.java(22): Notify: Next row for parameter lastname = 1525 [table  = lastname].	[MsgId: MMSG-13876]
Actions.java(22): Notify: Parameter Substitution: parameter "lastname" =  "Anabel"	[MsgId: MMSG-13992]
Actions.java(22): Notify: Next row for parameter addressreg = 6922 [table  = addressreg].	[MsgId: MMSG-13876]
Actions.java(22): Notify: Parameter Substitution: parameter "lastname" =  "DDS"	[MsgId: MMSG-13992]
Actions.java(22): Notify: Parameter Substitution: parameter "addressreg" =  "Unit 32, Xscape, Marlborough Gate, Milton Keynes"	[MsgId: MMSG-13992]
Actions.java(22): Notify: Next row for parameter addressreg = 1525 [table  = addressreg].	[MsgId: MMSG-13876]
Actions.java(22): Notify: Parameter Substitution: parameter "randamount" =  "45195"	[MsgId: MMSG-13992]
Actions.java(22): Notify: Parameter Substitution: parameter "addressreg" =  "21A The Avenue, Fareham"	[MsgId: MMSG-13992]
web_reg_save_param started  	[MsgId: MMSG-26355]
Actions.java(22): Notify: Parameter Substitution: parameter "randamount" =  "33578"	[MsgId: MMSG-13992]
web_reg_save_param started  	[MsgId: MMSG-26355]
Registering web_reg_save_param was successful  	[MsgId: MMSG-26390]
Registering web_reg_save_param was successful  	[MsgId: MMSG-26390]
Actions.java(22): Notify: Transaction "Transfer" started.	[MsgId: MMSG-16999]
Actions.java(22): Notify: Transaction "Transfer" started.	[MsgId: MMSG-16999]
Actions.java(22): Notify: Parameter Substitution: parameter "url" =  "http://localhost:8080/WebApp/AppServlet"	[MsgId: MMSG-13992]
Actions.java(22): Notify: Parameter Substitution: parameter "url" =  "http://localhost:8080/WebApp/AppServlet"	[MsgId: MMSG-13992]
web_custom_request("post_query.exe") started  	[MsgId: MMSG-26355]
web_custom_request("post_query.exe") started  	[MsgId: MMSG-26355]
t=340794ms: Connecting [0] to host 127.0.0.1:8080  	[MsgId: MMSG-26000]
t=340809ms: Connecting [0] to host 127.0.0.1:8080  	[MsgId: MMSG-26000]
Error -27792: Failed to connect to server "localhost:8080": [10048] Address already in use
Try changing the registry value 
HKEY_LOCAL_MACHINE\System\CurrentControlSet\Services\tcpip\Parameters\TcpTimedWaitDelay to 30
and HKEY_LOCAL_MACHINE\System\CurrentControlSet\Services\tcpip\Parameters\MaxUserPort to 65534
and rebooting the machine
See the readme.doc file for more information  	[MsgId: MERR-27792]
Error -27792: Failed to connect to server "localhost:8080": [10048] Address already in use
Try changing the registry value 
HKEY_LOCAL_MACHINE\System\CurrentControlSet\Services\tcpip\Parameters\TcpTimedWaitDelay to 30
and HKEY_LOCAL_MACHINE\System\CurrentControlSet\Services\tcpip\Parameters\MaxUserPort to 65534
and rebooting the machine
See the readme.doc file for more information  	[MsgId: MERR-27792]
End auto log messages stack.	[MsgId: MMSG-10544]
End auto log messages stack.	[MsgId: MMSG-10544]


Start auto log messages stack - Iteration 14377.	[MsgId: MMSG-10545]
Start auto log messages stack - Iteration 6178.	[MsgId: MMSG-10545]
Start auto log messages stack - Iteration 6109.	[MsgId: MMSG-10545]
Start auto log messages stack - Iteration 27674.	[MsgId: MMSG-10545]
Start auto log messages stack - Iteration 36488.	[MsgId: MMSG-10545]
Start auto log messages stack - Iteration 318.	[MsgId: MMSG-10545]
Start auto log messages stack - Iteration 22989.	[MsgId: MMSG-10545]
t=340828ms: Closed connection [0] to localhost:8080 after completing 0 request(s)  	[MsgId: MMSG-26000]
t=340813ms: Closed connection [0] to localhost:8080 after completing 0 request(s)  	[MsgId: MMSG-26000]
t=340812ms: Closed connection [0] to localhost:8080 after completing 0 request(s)  	[MsgId: MMSG-26000]
t=340810ms: Closed connection [0] to localhost:8080 after completing 0 request(s)  	[MsgId: MMSG-26000]
t=340824ms: Closed connection [0] to localhost:8080 after completing 0 request(s)  	[MsgId: MMSG-26000]
Error -26377: No match found for the requested parameter "Final". Either the specified boundaries were not found in the response or the matched text is longer than current max html parameter size of 256 bytes. The total length of the response is 0 bytes. You can use "web_set_max_html_param_len" to increase the max parameter size.  	[MsgId: MERR-26377]
Error -26377: No match found for the requested parameter "Final". Either the specified boundaries were not found in the response or the matched text is longer than current max html parameter size of 256 bytes. The total length of the response is 0 bytes. You can use "web_set_max_html_param_len" to increase the max parameter size.  	[MsgId: MERR-26377]
t=340811ms: Closed connection [0] to localhost:8080 after completing 0 request(s)  	[MsgId: MMSG-26000]
t=340815ms: Closed connection [0] to localhost:8080 after completing 0 request(s)  	[MsgId: MMSG-26000]
Error -26377: No match found for the requested parameter "Final". Either the specified boundaries were not found in the response or the matched text is longer than current max html parameter size of 256 bytes. The total length of the response is 0 bytes. You can use "web_set_max_html_param_len" to increase the max parameter size.  	[MsgId: MERR-26377]
Error -26377: No match found for the requested parameter "Final". Either the specified boundaries were not found in the response or the matched text is longer than current max html parameter size of 256 bytes. The total length of the response is 0 bytes. You can use "web_set_max_html_param_len" to increase the max parameter size.  	[MsgId: MERR-26377]
Error -26377: No match found for the requested parameter "Final". Either the specified boundaries were not found in the response or the matched text is longer than current max html parameter size of 256 bytes. The total length of the response is 0 bytes. You can use "web_set_max_html_param_len" to increase the max parameter size.  	[MsgId: MERR-26377]
Start auto log messages stack - Iteration 10040.	[MsgId: MMSG-10545]
Error -26377: No match found for the requested parameter "Final". Either the specified boundaries were not found in the response or the matched text is longer than current max html parameter size of 256 bytes. The total length of the response is 0 bytes. You can use "web_set_max_html_param_len" to increase the max parameter size.  	[MsgId: MERR-26377]
Error -26377: No match found for the requested parameter "Final". Either the specified boundaries were not found in the response or the matched text is longer than current max html parameter size of 256 bytes. The total length of the response is 0 bytes. You can use "web_set_max_html_param_len" to increase the max parameter size.  	[MsgId: MERR-26377]
End auto log messages stack.	[MsgId: MMSG-10544]
End auto log messages stack.	[MsgId: MMSG-10544]
t=340817ms: Closed connection [0] to localhost:8080 after completing 0 request(s)  	[MsgId: MMSG-26000]
End auto log messages stack.	[MsgId: MMSG-10544]
End auto log messages stack.	[MsgId: MMSG-10544]




Error -26377: No match found for the requested parameter "Final". Either the specified boundaries were not found in the response or the matched text is longer than current max html parameter size of 256 bytes. The total length of the response is 0 bytes. You can use "web_set_max_html_param_len" to increase the max parameter size.  	[MsgId: MERR-26377]


End auto log messages stack.	[MsgId: MMSG-10544]


End auto log messages stack.	[MsgId: MMSG-10544]
End auto log messages stack.	[MsgId: MMSG-10544]


Start auto log messages stack - Iteration 27674.	[MsgId: MMSG-10545]
Start auto log messages stack - Iteration 6178.	[MsgId: MMSG-10545]
Start auto log messages stack - Iteration 14377.	[MsgId: MMSG-10545]
Start auto log messages stack - Iteration 6109.	[MsgId: MMSG-10545]




Actions.java(22): Notify: Saving Parameter "Final = ".	[MsgId: MMSG-13798]
Actions.java(22): Notify: Saving Parameter "Final = ".	[MsgId: MMSG-13798]
Actions.java(22): Notify: Saving Parameter "Final = ".	[MsgId: MMSG-13798]
Actions.java(22): Notify: Saving Parameter "Final = ".	[MsgId: MMSG-13798]
Start auto log messages stack - Iteration 3229.	[MsgId: MMSG-10545]
Start auto log messages stack - Iteration 36488.	[MsgId: MMSG-10545]
Error -26374: The above "not found" error(s) may be explained by header and body byte counts being 0 and 0, respectively.  	[MsgId: MERR-26374]
Error -26374: The above "not found" error(s) may be explained by header and body byte counts being 0 and 0, respectively.  	[MsgId: MERR-26374]
Start auto log messages stack - Iteration 318.	[MsgId: MMSG-10545]
Error -26374: The above "not found" error(s) may be explained by header and body byte counts being 0 and 0, respectively.  	[MsgId: MERR-26374]
Actions.java(22): Notify: Saving Parameter "Final = ".	[MsgId: MMSG-13798]
Start auto log messages stack - Iteration 22989.	[MsgId: MMSG-10545]
Error -26374: The above "not found" error(s) may be explained by header and body byte counts being 0 and 0, respectively.  	[MsgId: MERR-26374]
Actions.java(22): Notify: Saving Parameter "Final = ".	[MsgId: MMSG-13798]
Error -26374: The above "not found" error(s) may be explained by header and body byte counts being 0 and 0, respectively.  	[MsgId: MERR-26374]
Actions.java(22): Notify: Saving Parameter "Final = ".	[MsgId: MMSG-13798]
End auto log messages stack.	[MsgId: MMSG-10544]
Error -26374: The above "not found" error(s) may be explained by header and body byte counts being 0 and 0, respectively.  	[MsgId: MERR-26374]
End auto log messages stack.	[MsgId: MMSG-10544]
End auto log messages stack.	[MsgId: MMSG-10544]
Error -26374: The above "not found" error(s) may be explained by header and body byte counts being 0 and 0, respectively.  	[MsgId: MERR-26374]






End auto log messages stack.	[MsgId: MMSG-10544]
End auto log messages stack.	[MsgId: MMSG-10544]




End auto log messages stack.	[MsgId: MMSG-10544]
End auto log messages stack.	[MsgId: MMSG-10544]




Actions.java(22): Notify: Next row for parameter middlename = 301 [table  = middlename].	[MsgId: MMSG-13876]
Actions.java(22): Notify: Parameter Substitution: parameter "middlename" =  "Toney"	[MsgId: MMSG-13992]
Actions.java(22): Notify: Next row for parameter lastname = 301 [table  = lastname].	[MsgId: MMSG-13876]
Actions.java(22): Notify: Parameter Substitution: parameter "lastname" =  "Anabel"	[MsgId: MMSG-13992]
Actions.java(22): Notify: Next row for parameter addressreg = 301 [table  = addressreg].	[MsgId: MMSG-13876]
Actions.java(22): Notify: Parameter Substitution: parameter "addressreg" =  "3 Larch Close, Poynton"	[MsgId: MMSG-13992]
Actions.java(22): Notify: Parameter Substitution: parameter "randamount" =  "24327"	[MsgId: MMSG-13992]
web_reg_save_param started  	[MsgId: MMSG-26355]
Registering web_reg_save_param was successful  	[MsgId: MMSG-26390]
Actions.java(22): Notify: Transaction "Transfer" started.	[MsgId: MMSG-16999]
Actions.java(22): Notify: Parameter Substitution: parameter "url" =  "http://localhost:8080/WebApp/AppServlet"	[MsgId: MMSG-13992]
web_custom_request("post_query.exe") started  	[MsgId: MMSG-26355]
t=340809ms: Connecting [0] to host 127.0.0.1:8080  	[MsgId: MMSG-26000]


End auto log messages stack.	[MsgId: MMSG-10544]


Start auto log messages stack - Iteration 495.	[MsgId: MMSG-10545]
Start auto log messages stack - Iteration 19276.	[MsgId: MMSG-10545]
t=340816ms: Closed connection [0] to localhost:8080 after completing 0 request(s)  	[MsgId: MMSG-26000]
t=340814ms: Closed connection [0] to localhost:8080 after completing 0 request(s)  	[MsgId: MMSG-26000]
Start auto log messages stack - Iteration 10040.	[MsgId: MMSG-10545]
Error -26377: No match found for the requested parameter "Final". Either the specified boundaries were not found in the response or the matched text is longer than current max html parameter size of 256 bytes. The total length of the response is 0 bytes. You can use "web_set_max_html_param_len" to increase the max parameter size.  	[MsgId: MERR-26377]
Start auto log messages stack - Iteration 2898.	[MsgId: MMSG-10545]
Error -26377: No match found for the requested parameter "Final". Either the specified boundaries were not found in the response or the matched text is longer than current max html parameter size of 256 bytes. The total length of the response is 0 bytes. You can use "web_set_max_html_param_len" to increase the max parameter size.  	[MsgId: MERR-26377]
Actions.java(22): Notify: Saving Parameter "Final = ".	[MsgId: MMSG-13798]
t=340828ms: Closed connection [0] to localhost:8080 after completing 0 request(s)  	[MsgId: MMSG-26000]
Error -26374: The above "not found" error(s) may be explained by header and body byte counts being 0 and 0, respectively.  	[MsgId: MERR-26374]
Error -26377: No match found for the requested parameter "Final". Either the specified boundaries were not found in the response or the matched text is longer than current max html parameter size of 256 bytes. The total length of the response is 0 bytes. You can use "web_set_max_html_param_len" to increase the max parameter size.  	[MsgId: MERR-26377]
End auto log messages stack.	[MsgId: MMSG-10544]
End auto log messages stack.	[MsgId: MMSG-10544]




Error -27792: Failed to connect to server "localhost:8080": [10048] Address already in use
Try changing the registry value 
HKEY_LOCAL_MACHINE\System\CurrentControlSet\Services\tcpip\Parameters\TcpTimedWaitDelay to 30
and HKEY_LOCAL_MACHINE\System\CurrentControlSet\Services\tcpip\Parameters\MaxUserPort to 65534
and rebooting the machine
See the readme.doc file for more information  	[MsgId: MERR-27792]
End auto log messages stack.	[MsgId: MMSG-10544]
End auto log messages stack.	[MsgId: MMSG-10544]
Start auto log messages stack - Iteration 495.	[MsgId: MMSG-10545]




Start auto log messages stack - Iteration 19276.	[MsgId: MMSG-10545]
Actions.java(22): Notify: Saving Parameter "Final = ".	[MsgId: MMSG-13798]
Error -26374: The above "not found" error(s) may be explained by header and body byte counts being 0 and 0, respectively.  	[MsgId: MERR-26374]
Start auto log messages stack - Iteration 2898.	[MsgId: MMSG-10545]
Actions.java(22): Notify: Saving Parameter "Final = ".	[MsgId: MMSG-13798]
End auto log messages stack.	[MsgId: MMSG-10544]
Error -26374: The above "not found" error(s) may be explained by header and body byte counts being 0 and 0, respectively.  	[MsgId: MERR-26374]
Actions.java(22): Notify: Saving Parameter "Final = ".	[MsgId: MMSG-13798]


Error -26374: The above "not found" error(s) may be explained by header and body byte counts being 0 and 0, respectively.  	[MsgId: MERR-26374]
End auto log messages stack.	[MsgId: MMSG-10544]


End auto log messages stack.	[MsgId: MMSG-10544]
End auto log messages stack.	[MsgId: MMSG-10544]
Start auto log messages stack - Iteration 3229.	[MsgId: MMSG-10545]




t=340830ms: Closed connection [0] to localhost:8080 after completing 0 request(s)  	[MsgId: MMSG-26000]
Error -26377: No match found for the requested parameter "Final". Either the specified boundaries were not found in the response or the matched text is longer than current max html parameter size of 256 bytes. The total length of the response is 0 bytes. You can use "web_set_max_html_param_len" to increase the max parameter size.  	[MsgId: MERR-26377]
End auto log messages stack.	[MsgId: MMSG-10544]


Start auto log messages stack - Iteration 3229.	[MsgId: MMSG-10545]
Actions.java(22): Notify: Saving Parameter "Final = ".	[MsgId: MMSG-13798]
Error -26374: The above "not found" error(s) may be explained by header and body byte counts being 0 and 0, respectively.  	[MsgId: MERR-26374]
End auto log messages stack.	[MsgId: MMSG-10544]


