Notify: search current JDK in Windows registry at (SOFTWARE\Wow6432Node\JavaSoft\Java Development Kit)	[MsgId: MMSG-22196]	[MsgId: MMSG-22986]
Notify: search current JDK in Windows registry at(SOFTWARE\JavaSoft\Java Development Kit)	[MsgId: MMSG-22198]	[MsgId: MMSG-22986]
Notify: search in JAVA_HOME	[MsgId: MMSG-22195]	[MsgId: MMSG-22986]
Notify: JDK found at C:/Program Files/Java/jdk8u265-full	[MsgId: MMSG-22192]	[MsgId: MMSG-22986]
Notify: JVMArgs.log is created here: C:\Users\User\Documents\VuGen\Scripts\SoapAction	[MsgId: MMSG-22986]
Start auto log messages stack - Iteration 13636.	[MsgId: MMSG-10545]
Actions.java(22): Notify: Next row for parameter middlename = 6336 [table  = middlename].	[MsgId: MMSG-13876]
Actions.java(22): Notify: Parameter Substitution: parameter "middlename" =  "Carey"	[MsgId: MMSG-13992]
Actions.java(22): Notify: Next row for parameter lastname = 6336 [table  = lastname].	[MsgId: MMSG-13876]
Actions.java(22): Notify: Parameter Substitution: parameter "lastname" =  "Wiley"	[MsgId: MMSG-13992]
Actions.java(22): Notify: Next row for parameter addressreg = 6336 [table  = addressreg].	[MsgId: MMSG-13876]
Actions.java(22): Notify: Parameter Substitution: parameter "addressreg" =  "3 Merry Gardens, North Baddesley"	[MsgId: MMSG-13992]
Actions.java(22): Notify: Parameter Substitution: parameter "randamount" =  "42258"	[MsgId: MMSG-13992]
web_reg_save_param started  	[MsgId: MMSG-26355]
Registering web_reg_save_param was successful  	[MsgId: MMSG-26390]
Actions.java(22): Notify: Transaction "Transfer" started.	[MsgId: MMSG-16999]
Actions.java(22): Notify: Parameter Substitution: parameter "url" =  "http://localhost:8080/WebApp/AppServlet"	[MsgId: MMSG-13992]
web_custom_request("post_query.exe") started  	[MsgId: MMSG-26355]
t=33662ms: Connecting [0] to host 127.0.0.1:8080  	[MsgId: MMSG-26000]
Error -27792: Failed to connect to server "localhost:8080": [10048] Address already in use
Try changing the registry value 
HKEY_LOCAL_MACHINE\System\CurrentControlSet\Services\tcpip\Parameters\TcpTimedWaitDelay to 30
and HKEY_LOCAL_MACHINE\System\CurrentControlSet\Services\tcpip\Parameters\MaxUserPort to 65534
and rebooting the machine
See the readme.doc file for more information  	[MsgId: MERR-27792]
End auto log messages stack.	[MsgId: MMSG-10544]


Start auto log messages stack - Iteration 13306.	[MsgId: MMSG-10545]
Actions.java(22): Notify: Next row for parameter middlename = 1479 [table  = middlename].	[MsgId: MMSG-13876]
Actions.java(22): Notify: Parameter Substitution: parameter "middlename" =  "Monahan"	[MsgId: MMSG-13992]
Actions.java(22): Notify: Next row for parameter lastname = 1479 [table  = lastname].	[MsgId: MMSG-13876]
Actions.java(22): Notify: Parameter Substitution: parameter "lastname" =  "II"	[MsgId: MMSG-13992]
Actions.java(22): Notify: Next row for parameter addressreg = 1479 [table  = addressreg].	[MsgId: MMSG-13876]
Actions.java(22): Notify: Parameter Substitution: parameter "addressreg" =  "35 Prospect Hill, Haslingden"	[MsgId: MMSG-13992]
Actions.java(22): Notify: Parameter Substitution: parameter "randamount" =  "78743"	[MsgId: MMSG-13992]
web_reg_save_param started  	[MsgId: MMSG-26355]
Registering web_reg_save_param was successful  	[MsgId: MMSG-26390]
Actions.java(22): Notify: Transaction "Transfer" started.	[MsgId: MMSG-16999]
Actions.java(22): Notify: Parameter Substitution: parameter "url" =  "http://localhost:8080/WebApp/AppServlet"	[MsgId: MMSG-13992]
web_custom_request("post_query.exe") started  	[MsgId: MMSG-26355]
t=33662ms: Connecting [0] to host 127.0.0.1:8080  	[MsgId: MMSG-26000]
Error -27792: Failed to connect to server "localhost:8080": [10048] Address already in use
Try changing the registry value 
HKEY_LOCAL_MACHINE\System\CurrentControlSet\Services\tcpip\Parameters\TcpTimedWaitDelay to 30
and HKEY_LOCAL_MACHINE\System\CurrentControlSet\Services\tcpip\Parameters\MaxUserPort to 65534
and rebooting the machine
See the readme.doc file for more information  	[MsgId: MERR-27792]
End auto log messages stack.	[MsgId: MMSG-10544]


Start auto log messages stack - Iteration 13660.	[MsgId: MMSG-10545]
Start auto log messages stack - Iteration 13306.	[MsgId: MMSG-10545]
Start auto log messages stack - Iteration 13636.	[MsgId: MMSG-10545]
t=33683ms: Closed connection [0] to localhost:8080 after completing 0 request(s)  	[MsgId: MMSG-26000]
t=33677ms: Closed connection [0] to localhost:8080 after completing 0 request(s)  	[MsgId: MMSG-26000]
Error -26377: No match found for the requested parameter "Final". Either the specified boundaries were not found in the response or the matched text is longer than current max html parameter size of 256 bytes. The total length of the response is 0 bytes. You can use "web_set_max_html_param_len" to increase the max parameter size.  	[MsgId: MERR-26377]
Error -26377: No match found for the requested parameter "Final". Either the specified boundaries were not found in the response or the matched text is longer than current max html parameter size of 256 bytes. The total length of the response is 0 bytes. You can use "web_set_max_html_param_len" to increase the max parameter size.  	[MsgId: MERR-26377]
End auto log messages stack.	[MsgId: MMSG-10544]
End auto log messages stack.	[MsgId: MMSG-10544]




Start auto log messages stack - Iteration 13306.	[MsgId: MMSG-10545]
Start auto log messages stack - Iteration 13636.	[MsgId: MMSG-10545]
Actions.java(22): Notify: Saving Parameter "Final = ".	[MsgId: MMSG-13798]
Actions.java(22): Notify: Saving Parameter "Final = ".	[MsgId: MMSG-13798]
Actions.java(22): Notify: Next row for parameter middlename = 8026 [table  = middlename].	[MsgId: MMSG-13876]
Error -26374: The above "not found" error(s) may be explained by header and body byte counts being 0 and 0, respectively.  	[MsgId: MERR-26374]
Error -26374: The above "not found" error(s) may be explained by header and body byte counts being 0 and 0, respectively.  	[MsgId: MERR-26374]
Actions.java(22): Notify: Parameter Substitution: parameter "middlename" =  "Murray"	[MsgId: MMSG-13992]
End auto log messages stack.	[MsgId: MMSG-10544]


Actions.java(22): Notify: Next row for parameter lastname = 8026 [table  = lastname].	[MsgId: MMSG-13876]
End auto log messages stack.	[MsgId: MMSG-10544]


Actions.java(22): Notify: Parameter Substitution: parameter "lastname" =  "Billie"	[MsgId: MMSG-13992]
Actions.java(22): Notify: Next row for parameter addressreg = 8026 [table  = addressreg].	[MsgId: MMSG-13876]
Actions.java(22): Notify: Parameter Substitution: parameter "addressreg" =  "Little Ham Cottage, East Stoke"	[MsgId: MMSG-13992]
Actions.java(22): Notify: Parameter Substitution: parameter "randamount" =  "99742"	[MsgId: MMSG-13992]
web_reg_save_param started  	[MsgId: MMSG-26355]
Registering web_reg_save_param was successful  	[MsgId: MMSG-26390]
Actions.java(22): Notify: Transaction "Transfer" started.	[MsgId: MMSG-16999]
Actions.java(22): Notify: Parameter Substitution: parameter "url" =  "http://localhost:8080/WebApp/AppServlet"	[MsgId: MMSG-13992]
web_custom_request("post_query.exe") started  	[MsgId: MMSG-26355]
t=33670ms: Connecting [0] to host 127.0.0.1:8080  	[MsgId: MMSG-26000]
Error -27792: Failed to connect to server "localhost:8080": [10048] Address already in use
Try changing the registry value 
HKEY_LOCAL_MACHINE\System\CurrentControlSet\Services\tcpip\Parameters\TcpTimedWaitDelay to 30
and HKEY_LOCAL_MACHINE\System\CurrentControlSet\Services\tcpip\Parameters\MaxUserPort to 65534
and rebooting the machine
See the readme.doc file for more information  	[MsgId: MERR-27792]
End auto log messages stack.	[MsgId: MMSG-10544]


Start auto log messages stack - Iteration 12831.	[MsgId: MMSG-10545]
Start auto log messages stack - Iteration 11771.	[MsgId: MMSG-10545]
Start auto log messages stack - Iteration 13660.	[MsgId: MMSG-10545]
Actions.java(22): Notify: Next row for parameter middlename = 7070 [table  = middlename].	[MsgId: MMSG-13876]
t=33694ms: Closed connection [0] to localhost:8080 after completing 0 request(s)  	[MsgId: MMSG-26000]
Error -26377: No match found for the requested parameter "Final". Either the specified boundaries were not found in the response or the matched text is longer than current max html parameter size of 256 bytes. The total length of the response is 0 bytes. You can use "web_set_max_html_param_len" to increase the max parameter size.  	[MsgId: MERR-26377]
Actions.java(22): Notify: Parameter Substitution: parameter "middlename" =  "Carey"	[MsgId: MMSG-13992]
End auto log messages stack.	[MsgId: MMSG-10544]


Actions.java(22): Notify: Next row for parameter lastname = 7070 [table  = lastname].	[MsgId: MMSG-13876]
Actions.java(22): Notify: Parameter Substitution: parameter "lastname" =  "Wiley"	[MsgId: MMSG-13992]
Start auto log messages stack - Iteration 13660.	[MsgId: MMSG-10545]
Actions.java(22): Notify: Next row for parameter addressreg = 7070 [table  = addressreg].	[MsgId: MMSG-13876]
Actions.java(22): Notify: Next row for parameter middlename = 3586 [table  = middlename].	[MsgId: MMSG-13876]
Actions.java(22): Notify: Saving Parameter "Final = ".	[MsgId: MMSG-13798]
Error -26374: The above "not found" error(s) may be explained by header and body byte counts being 0 and 0, respectively.  	[MsgId: MERR-26374]
Actions.java(22): Notify: Parameter Substitution: parameter "middlename" =  "Francis"	[MsgId: MMSG-13992]
Actions.java(22): Notify: Next row for parameter lastname = 3586 [table  = lastname].	[MsgId: MMSG-13876]
End auto log messages stack.	[MsgId: MMSG-10544]
Actions.java(22): Notify: Parameter Substitution: parameter "lastname" =  "Gleichner"	[MsgId: MMSG-13992]


Actions.java(22): Notify: Next row for parameter addressreg = 3586 [table  = addressreg].	[MsgId: MMSG-13876]
Actions.java(22): Notify: Parameter Substitution: parameter "addressreg" =  "Flat 2, 13 Teme Street, Tenbury Wells"	[MsgId: MMSG-13992]
Actions.java(22): Notify: Parameter Substitution: parameter "randamount" =  "18804"	[MsgId: MMSG-13992]
web_reg_save_param started  	[MsgId: MMSG-26355]
Registering web_reg_save_param was successful  	[MsgId: MMSG-26390]
Actions.java(22): Notify: Transaction "Transfer" started.	[MsgId: MMSG-16999]
Actions.java(22): Notify: Parameter Substitution: parameter "url" =  "http://localhost:8080/WebApp/AppServlet"	[MsgId: MMSG-13992]
web_custom_request("post_query.exe") started  	[MsgId: MMSG-26355]
Actions.java(22): Notify: Parameter Substitution: parameter "addressreg" =  "Flat 185, Aspect 14 Elmwood Lane, Leeds"	[MsgId: MMSG-13992]
t=33693ms: Connecting [0] to host 127.0.0.1:8080  	[MsgId: MMSG-26000]
Actions.java(22): Notify: Parameter Substitution: parameter "randamount" =  "80763"	[MsgId: MMSG-13992]
Error -27792: Failed to connect to server "localhost:8080": [10048] Address already in use
Try changing the registry value 
HKEY_LOCAL_MACHINE\System\CurrentControlSet\Services\tcpip\Parameters\TcpTimedWaitDelay to 30
and HKEY_LOCAL_MACHINE\System\CurrentControlSet\Services\tcpip\Parameters\MaxUserPort to 65534
and rebooting the machine
See the readme.doc file for more information  	[MsgId: MERR-27792]
web_reg_save_param started  	[MsgId: MMSG-26355]
Registering web_reg_save_param was successful  	[MsgId: MMSG-26390]
Actions.java(22): Notify: Transaction "Transfer" started.	[MsgId: MMSG-16999]
Actions.java(22): Notify: Parameter Substitution: parameter "url" =  "http://localhost:8080/WebApp/AppServlet"	[MsgId: MMSG-13992]
End auto log messages stack.	[MsgId: MMSG-10544]
web_custom_request("post_query.exe") started  	[MsgId: MMSG-26355]
t=33693ms: Connecting [0] to host 127.0.0.1:8080  	[MsgId: MMSG-26000]


Error -27792: Failed to connect to server "localhost:8080": [10048] Address already in use
Try changing the registry value 
HKEY_LOCAL_MACHINE\System\CurrentControlSet\Services\tcpip\Parameters\TcpTimedWaitDelay to 30
and HKEY_LOCAL_MACHINE\System\CurrentControlSet\Services\tcpip\Parameters\MaxUserPort to 65534
and rebooting the machine
See the readme.doc file for more information  	[MsgId: MERR-27792]
End auto log messages stack.	[MsgId: MMSG-10544]


Start auto log messages stack - Iteration 12831.	[MsgId: MMSG-10545]
t=33720ms: Closed connection [0] to localhost:8080 after completing 0 request(s)  	[MsgId: MMSG-26000]
Error -26377: No match found for the requested parameter "Final". Either the specified boundaries were not found in the response or the matched text is longer than current max html parameter size of 256 bytes. The total length of the response is 0 bytes. You can use "web_set_max_html_param_len" to increase the max parameter size.  	[MsgId: MERR-26377]
Start auto log messages stack - Iteration 11771.	[MsgId: MMSG-10545]
t=33720ms: Closed connection [0] to localhost:8080 after completing 0 request(s)  	[MsgId: MMSG-26000]
End auto log messages stack.	[MsgId: MMSG-10544]
Error -26377: No match found for the requested parameter "Final". Either the specified boundaries were not found in the response or the matched text is longer than current max html parameter size of 256 bytes. The total length of the response is 0 bytes. You can use "web_set_max_html_param_len" to increase the max parameter size.  	[MsgId: MERR-26377]


Start auto log messages stack - Iteration 12831.	[MsgId: MMSG-10545]
End auto log messages stack.	[MsgId: MMSG-10544]


Actions.java(22): Notify: Saving Parameter "Final = ".	[MsgId: MMSG-13798]
Start auto log messages stack - Iteration 11771.	[MsgId: MMSG-10545]
Error -26374: The above "not found" error(s) may be explained by header and body byte counts being 0 and 0, respectively.  	[MsgId: MERR-26374]
Actions.java(22): Notify: Saving Parameter "Final = ".	[MsgId: MMSG-13798]
Error -26374: The above "not found" error(s) may be explained by header and body byte counts being 0 and 0, respectively.  	[MsgId: MERR-26374]
End auto log messages stack.	[MsgId: MMSG-10544]


End auto log messages stack.	[MsgId: MMSG-10544]


