Notify: search current JDK in Windows registry at (SOFTWARE\Wow6432Node\JavaSoft\Java Development Kit)	[MsgId: MMSG-22196]	[MsgId: MMSG-22986]
Notify: search current JDK in Windows registry at(SOFTWARE\JavaSoft\Java Development Kit)	[MsgId: MMSG-22198]	[MsgId: MMSG-22986]
Notify: search in JAVA_HOME	[MsgId: MMSG-22195]	[MsgId: MMSG-22986]
Notify: JDK found at C:/Program Files/Java/jdk8u265-full	[MsgId: MMSG-22192]	[MsgId: MMSG-22986]
Notify: JVMArgs.log is created here: C:\Users\User\Documents\VuGen\Scripts\SoapAction	[MsgId: MMSG-22986]
Start auto log messages stack - Iteration 21542.	[MsgId: MMSG-10545]
Start auto log messages stack - Iteration 18041.	[MsgId: MMSG-10545]
Start auto log messages stack - Iteration 8028.	[MsgId: MMSG-10545]
Start auto log messages stack - Iteration 25138.	[MsgId: MMSG-10545]
Actions.java(22): Notify: Next row for parameter middlename = 2405 [table  = middlename].	[MsgId: MMSG-13876]
Actions.java(22): Notify: Parameter Substitution: parameter "middlename" =  "Jacobi"	[MsgId: MMSG-13992]
Actions.java(22): Notify: Next row for parameter middlename = 7135 [table  = middlename].	[MsgId: MMSG-13876]
Actions.java(22): Notify: Next row for parameter lastname = 2405 [table  = lastname].	[MsgId: MMSG-13876]
Actions.java(22): Notify: Parameter Substitution: parameter "middlename" =  "Raquel"	[MsgId: MMSG-13992]
Actions.java(22): Notify: Parameter Substitution: parameter "lastname" =  "Kulas"	[MsgId: MMSG-13992]
Actions.java(22): Notify: Next row for parameter addressreg = 2405 [table  = addressreg].	[MsgId: MMSG-13876]
Actions.java(22): Notify: Next row for parameter lastname = 7135 [table  = lastname].	[MsgId: MMSG-13876]
Actions.java(22): Notify: Parameter Substitution: parameter "lastname" =  "Carey"	[MsgId: MMSG-13992]
Actions.java(22): Notify: Next row for parameter addressreg = 7135 [table  = addressreg].	[MsgId: MMSG-13876]
Actions.java(22): Notify: Next row for parameter middlename = 7770 [table  = middlename].	[MsgId: MMSG-13876]
Actions.java(22): Notify: Next row for parameter middlename = 4381 [table  = middlename].	[MsgId: MMSG-13876]
Actions.java(22): Notify: Parameter Substitution: parameter "addressreg" =  "1 Cavendish Drive, Guiseley"	[MsgId: MMSG-13992]
Actions.java(22): Notify: Parameter Substitution: parameter "middlename" =  "Karine"	[MsgId: MMSG-13992]
Actions.java(22): Notify: Parameter Substitution: parameter "middlename" =  "Wade"	[MsgId: MMSG-13992]
Actions.java(22): Notify: Parameter Substitution: parameter "randamount" =  "74050"	[MsgId: MMSG-13992]
Actions.java(22): Notify: Next row for parameter lastname = 4381 [table  = lastname].	[MsgId: MMSG-13876]
Actions.java(22): Notify: Next row for parameter lastname = 7770 [table  = lastname].	[MsgId: MMSG-13876]
web_reg_save_param started  	[MsgId: MMSG-26355]
Actions.java(22): Notify: Parameter Substitution: parameter "lastname" =  "Berger"	[MsgId: MMSG-13992]
Registering web_reg_save_param was successful  	[MsgId: MMSG-26390]
Actions.java(22): Notify: Parameter Substitution: parameter "lastname" =  "Tate"	[MsgId: MMSG-13992]
Actions.java(22): Notify: Parameter Substitution: parameter "addressreg" =  "4 St Lukes Drive, Bembridge"	[MsgId: MMSG-13992]
Actions.java(22): Notify: Transaction "Transfer" started.	[MsgId: MMSG-16999]
Actions.java(22): Notify: Next row for parameter addressreg = 4381 [table  = addressreg].	[MsgId: MMSG-13876]
Actions.java(22): Notify: Parameter Substitution: parameter "randamount" =  "85148"	[MsgId: MMSG-13992]
Actions.java(22): Notify: Parameter Substitution: parameter "url" =  "http://localhost:8080/WebApp/AppServlet"	[MsgId: MMSG-13992]
Actions.java(22): Notify: Next row for parameter addressreg = 7770 [table  = addressreg].	[MsgId: MMSG-13876]
web_reg_save_param started  	[MsgId: MMSG-26355]
web_custom_request("post_query.exe") started  	[MsgId: MMSG-26355]
Registering web_reg_save_param was successful  	[MsgId: MMSG-26390]
t=83811ms: Connecting [0] to host 127.0.0.1:8080  	[MsgId: MMSG-26000]
Actions.java(22): Notify: Transaction "Transfer" started.	[MsgId: MMSG-16999]
Error -27792: Failed to connect to server "localhost:8080": [10048] Address already in use
Try changing the registry value 
HKEY_LOCAL_MACHINE\System\CurrentControlSet\Services\tcpip\Parameters\TcpTimedWaitDelay to 30
and HKEY_LOCAL_MACHINE\System\CurrentControlSet\Services\tcpip\Parameters\MaxUserPort to 65534
and rebooting the machine
See the readme.doc file for more information  	[MsgId: MERR-27792]
Actions.java(22): Notify: Parameter Substitution: parameter "addressreg" =  "1 Farne Road, Spittal"	[MsgId: MMSG-13992]
Actions.java(22): Notify: Parameter Substitution: parameter "url" =  "http://localhost:8080/WebApp/AppServlet"	[MsgId: MMSG-13992]
Actions.java(22): Notify: Parameter Substitution: parameter "addressreg" =  "5 James Street, Uttoxeter"	[MsgId: MMSG-13992]
Actions.java(22): Notify: Parameter Substitution: parameter "randamount" =  "49400"	[MsgId: MMSG-13992]
web_custom_request("post_query.exe") started  	[MsgId: MMSG-26355]
web_reg_save_param started  	[MsgId: MMSG-26355]
Actions.java(22): Notify: Parameter Substitution: parameter "randamount" =  "17698"	[MsgId: MMSG-13992]
Registering web_reg_save_param was successful  	[MsgId: MMSG-26390]
t=83811ms: Connecting [0] to host 127.0.0.1:8080  	[MsgId: MMSG-26000]
End auto log messages stack.	[MsgId: MMSG-10544]
web_reg_save_param started  	[MsgId: MMSG-26355]
Actions.java(22): Notify: Transaction "Transfer" started.	[MsgId: MMSG-16999]


Error -27792: Failed to connect to server "localhost:8080": [10048] Address already in use
Try changing the registry value 
HKEY_LOCAL_MACHINE\System\CurrentControlSet\Services\tcpip\Parameters\TcpTimedWaitDelay to 30
and HKEY_LOCAL_MACHINE\System\CurrentControlSet\Services\tcpip\Parameters\MaxUserPort to 65534
and rebooting the machine
See the readme.doc file for more information  	[MsgId: MERR-27792]
Actions.java(22): Notify: Parameter Substitution: parameter "url" =  "http://localhost:8080/WebApp/AppServlet"	[MsgId: MMSG-13992]
Registering web_reg_save_param was successful  	[MsgId: MMSG-26390]
web_custom_request("post_query.exe") started  	[MsgId: MMSG-26355]
t=83812ms: Connecting [0] to host 127.0.0.1:8080  	[MsgId: MMSG-26000]
Actions.java(22): Notify: Transaction "Transfer" started.	[MsgId: MMSG-16999]
Error -27792: Failed to connect to server "localhost:8080": [10048] Address already in use
Try changing the registry value 
HKEY_LOCAL_MACHINE\System\CurrentControlSet\Services\tcpip\Parameters\TcpTimedWaitDelay to 30
and HKEY_LOCAL_MACHINE\System\CurrentControlSet\Services\tcpip\Parameters\MaxUserPort to 65534
and rebooting the machine
See the readme.doc file for more information  	[MsgId: MERR-27792]
Actions.java(22): Notify: Parameter Substitution: parameter "url" =  "http://localhost:8080/WebApp/AppServlet"	[MsgId: MMSG-13992]
web_custom_request("post_query.exe") started  	[MsgId: MMSG-26355]
End auto log messages stack.	[MsgId: MMSG-10544]
t=83812ms: Connecting [0] to host 127.0.0.1:8080  	[MsgId: MMSG-26000]
Error -27792: Failed to connect to server "localhost:8080": [10048] Address already in use
Try changing the registry value 
HKEY_LOCAL_MACHINE\System\CurrentControlSet\Services\tcpip\Parameters\TcpTimedWaitDelay to 30
and HKEY_LOCAL_MACHINE\System\CurrentControlSet\Services\tcpip\Parameters\MaxUserPort to 65534
and rebooting the machine
See the readme.doc file for more information  	[MsgId: MERR-27792]
End auto log messages stack.	[MsgId: MMSG-10544]




End auto log messages stack.	[MsgId: MMSG-10544]


Start auto log messages stack - Iteration 26743.	[MsgId: MMSG-10545]
Actions.java(22): Notify: Next row for parameter middlename = 1809 [table  = middlename].	[MsgId: MMSG-13876]
Actions.java(22): Notify: Parameter Substitution: parameter "middlename" =  "Vernon"	[MsgId: MMSG-13992]
Actions.java(22): Notify: Next row for parameter lastname = 1809 [table  = lastname].	[MsgId: MMSG-13876]
Actions.java(22): Notify: Parameter Substitution: parameter "lastname" =  "Debra"	[MsgId: MMSG-13992]
Actions.java(22): Notify: Next row for parameter addressreg = 1809 [table  = addressreg].	[MsgId: MMSG-13876]
Actions.java(22): Notify: Parameter Substitution: parameter "addressreg" =  "129 Darland Avenue, Gillingham"	[MsgId: MMSG-13992]
Actions.java(22): Notify: Parameter Substitution: parameter "randamount" =  "55619"	[MsgId: MMSG-13992]
web_reg_save_param started  	[MsgId: MMSG-26355]
Registering web_reg_save_param was successful  	[MsgId: MMSG-26390]
Actions.java(22): Notify: Transaction "Transfer" started.	[MsgId: MMSG-16999]
Actions.java(22): Notify: Parameter Substitution: parameter "url" =  "http://localhost:8080/WebApp/AppServlet"	[MsgId: MMSG-13992]
web_custom_request("post_query.exe") started  	[MsgId: MMSG-26355]
t=83812ms: Connecting [0] to host 127.0.0.1:8080  	[MsgId: MMSG-26000]
Error -27792: Failed to connect to server "localhost:8080": [10048] Address already in use
Try changing the registry value 
HKEY_LOCAL_MACHINE\System\CurrentControlSet\Services\tcpip\Parameters\TcpTimedWaitDelay to 30
and HKEY_LOCAL_MACHINE\System\CurrentControlSet\Services\tcpip\Parameters\MaxUserPort to 65534
and rebooting the machine
See the readme.doc file for more information  	[MsgId: MERR-27792]
End auto log messages stack.	[MsgId: MMSG-10544]


Start auto log messages stack - Iteration 18041.	[MsgId: MMSG-10545]
Start auto log messages stack - Iteration 26743.	[MsgId: MMSG-10545]
Start auto log messages stack - Iteration 21542.	[MsgId: MMSG-10545]
Start auto log messages stack - Iteration 8028.	[MsgId: MMSG-10545]
Start auto log messages stack - Iteration 25138.	[MsgId: MMSG-10545]
t=83846ms: Closed connection [0] to localhost:8080 after completing 0 request(s)  	[MsgId: MMSG-26000]
t=83835ms: Closed connection [0] to localhost:8080 after completing 0 request(s)  	[MsgId: MMSG-26000]
t=83835ms: Closed connection [0] to localhost:8080 after completing 0 request(s)  	[MsgId: MMSG-26000]
t=83835ms: Closed connection [0] to localhost:8080 after completing 0 request(s)  	[MsgId: MMSG-26000]
Error -26377: No match found for the requested parameter "Final". Either the specified boundaries were not found in the response or the matched text is longer than current max html parameter size of 256 bytes. The total length of the response is 0 bytes. You can use "web_set_max_html_param_len" to increase the max parameter size.  	[MsgId: MERR-26377]
t=83835ms: Closed connection [0] to localhost:8080 after completing 0 request(s)  	[MsgId: MMSG-26000]
Error -26377: No match found for the requested parameter "Final". Either the specified boundaries were not found in the response or the matched text is longer than current max html parameter size of 256 bytes. The total length of the response is 0 bytes. You can use "web_set_max_html_param_len" to increase the max parameter size.  	[MsgId: MERR-26377]
Error -26377: No match found for the requested parameter "Final". Either the specified boundaries were not found in the response or the matched text is longer than current max html parameter size of 256 bytes. The total length of the response is 0 bytes. You can use "web_set_max_html_param_len" to increase the max parameter size.  	[MsgId: MERR-26377]
Error -26377: No match found for the requested parameter "Final". Either the specified boundaries were not found in the response or the matched text is longer than current max html parameter size of 256 bytes. The total length of the response is 0 bytes. You can use "web_set_max_html_param_len" to increase the max parameter size.  	[MsgId: MERR-26377]
End auto log messages stack.	[MsgId: MMSG-10544]
End auto log messages stack.	[MsgId: MMSG-10544]




Error -26377: No match found for the requested parameter "Final". Either the specified boundaries were not found in the response or the matched text is longer than current max html parameter size of 256 bytes. The total length of the response is 0 bytes. You can use "web_set_max_html_param_len" to increase the max parameter size.  	[MsgId: MERR-26377]
Start auto log messages stack - Iteration 8028.	[MsgId: MMSG-10545]
Start auto log messages stack - Iteration 26743.	[MsgId: MMSG-10545]
Actions.java(22): Notify: Saving Parameter "Final = ".	[MsgId: MMSG-13798]
Actions.java(22): Notify: Saving Parameter "Final = ".	[MsgId: MMSG-13798]
End auto log messages stack.	[MsgId: MMSG-10544]
End auto log messages stack.	[MsgId: MMSG-10544]
Error -26374: The above "not found" error(s) may be explained by header and body byte counts being 0 and 0, respectively.  	[MsgId: MERR-26374]
End auto log messages stack.	[MsgId: MMSG-10544]
Error -26374: The above "not found" error(s) may be explained by header and body byte counts being 0 and 0, respectively.  	[MsgId: MERR-26374]






Start auto log messages stack - Iteration 25138.	[MsgId: MMSG-10545]
End auto log messages stack.	[MsgId: MMSG-10544]
Start auto log messages stack - Iteration 18041.	[MsgId: MMSG-10545]
Start auto log messages stack - Iteration 21542.	[MsgId: MMSG-10545]
Actions.java(22): Notify: Saving Parameter "Final = ".	[MsgId: MMSG-13798]


End auto log messages stack.	[MsgId: MMSG-10544]
Actions.java(22): Notify: Saving Parameter "Final = ".	[MsgId: MMSG-13798]
Error -26374: The above "not found" error(s) may be explained by header and body byte counts being 0 and 0, respectively.  	[MsgId: MERR-26374]
Actions.java(22): Notify: Saving Parameter "Final = ".	[MsgId: MMSG-13798]


Error -26374: The above "not found" error(s) may be explained by header and body byte counts being 0 and 0, respectively.  	[MsgId: MERR-26374]
Error -26374: The above "not found" error(s) may be explained by header and body byte counts being 0 and 0, respectively.  	[MsgId: MERR-26374]
End auto log messages stack.	[MsgId: MMSG-10544]


End auto log messages stack.	[MsgId: MMSG-10544]
End auto log messages stack.	[MsgId: MMSG-10544]




