Notify: search current JDK in Windows registry at (SOFTWARE\Wow6432Node\JavaSoft\Java Development Kit)	[MsgId: MMSG-22196]	[MsgId: MMSG-22986]
Notify: search current JDK in Windows registry at(SOFTWARE\JavaSoft\Java Development Kit)	[MsgId: MMSG-22198]	[MsgId: MMSG-22986]
Notify: search in JAVA_HOME	[MsgId: MMSG-22195]	[MsgId: MMSG-22986]
Notify: JDK found at C:/Program Files/Java/jdk8u265-full	[MsgId: MMSG-22192]	[MsgId: MMSG-22986]
Notify: JVMArgs.log is created here: C:\Users\User\Documents\VuGen\Scripts\SoapAction	[MsgId: MMSG-22986]
Start auto log messages stack - Iteration 19237.	[MsgId: MMSG-10545]
Actions.java(22): Notify: Next row for parameter middlename = 6326 [table  = middlename].	[MsgId: MMSG-13876]
Actions.java(22): Notify: Parameter Substitution: parameter "middlename" =  "Hermiston"	[MsgId: MMSG-13992]
Actions.java(22): Notify: Next row for parameter lastname = 6326 [table  = lastname].	[MsgId: MMSG-13876]
Actions.java(22): Notify: Parameter Substitution: parameter "lastname" =  "Faulkner"	[MsgId: MMSG-13992]
Actions.java(22): Notify: Next row for parameter addressreg = 6326 [table  = addressreg].	[MsgId: MMSG-13876]
Actions.java(22): Notify: Parameter Substitution: parameter "addressreg" =  "Green Acres, Crofts Lane, Astwood Bank"	[MsgId: MMSG-13992]
Actions.java(22): Notify: Parameter Substitution: parameter "randamount" =  "47190"	[MsgId: MMSG-13992]
web_reg_save_param started  	[MsgId: MMSG-26355]
Registering web_reg_save_param was successful  	[MsgId: MMSG-26390]
Actions.java(22): Notify: Transaction "Transfer" started.	[MsgId: MMSG-16999]
Actions.java(22): Notify: Parameter Substitution: parameter "url" =  "http://localhost:8080/WebApp/AppServlet"	[MsgId: MMSG-13992]
web_custom_request("post_query.exe") started  	[MsgId: MMSG-26355]
t=70453ms: Connecting [0] to host 127.0.0.1:8080  	[MsgId: MMSG-26000]
Error -27792: Failed to connect to server "localhost:8080": [10048] Address already in use
Try changing the registry value 
HKEY_LOCAL_MACHINE\System\CurrentControlSet\Services\tcpip\Parameters\TcpTimedWaitDelay to 30
and HKEY_LOCAL_MACHINE\System\CurrentControlSet\Services\tcpip\Parameters\MaxUserPort to 65534
and rebooting the machine
See the readme.doc file for more information  	[MsgId: MERR-27792]
End auto log messages stack.	[MsgId: MMSG-10544]


Start auto log messages stack - Iteration 9078.	[MsgId: MMSG-10545]
Start auto log messages stack - Iteration 15213.	[MsgId: MMSG-10545]
Start auto log messages stack - Iteration 19237.	[MsgId: MMSG-10545]
t=70470ms: Closed connection [0] to localhost:8080 after completing 0 request(s)  	[MsgId: MMSG-26000]
Error -26377: No match found for the requested parameter "Final". Either the specified boundaries were not found in the response or the matched text is longer than current max html parameter size of 256 bytes. The total length of the response is 0 bytes. You can use "web_set_max_html_param_len" to increase the max parameter size.  	[MsgId: MERR-26377]
Actions.java(22): Notify: Parameter Substitution: parameter "middlename" =  "Mr.Pearline"	[MsgId: MMSG-13992]
Actions.java(22): Notify: Next row for parameter lastname = 1153 [table  = lastname].	[MsgId: MMSG-13876]
End auto log messages stack.	[MsgId: MMSG-10544]


Actions.java(22): Notify: Parameter Substitution: parameter "lastname" =  "Mr.Sean"	[MsgId: MMSG-13992]
Start auto log messages stack - Iteration 19237.	[MsgId: MMSG-10545]
Actions.java(22): Notify: Next row for parameter addressreg = 1153 [table  = addressreg].	[MsgId: MMSG-13876]
Actions.java(22): Notify: Saving Parameter "Final = ".	[MsgId: MMSG-13798]
Error -26374: The above "not found" error(s) may be explained by header and body byte counts being 0 and 0, respectively.  	[MsgId: MERR-26374]
Actions.java(22): Notify: Parameter Substitution: parameter "addressreg" =  "2 Whiteways Court, Pavilion Gardens, Staines"	[MsgId: MMSG-13992]
End auto log messages stack.	[MsgId: MMSG-10544]


Actions.java(22): Notify: Parameter Substitution: parameter "randamount" =  "22704"	[MsgId: MMSG-13992]
Actions.java(22): Notify: Next row for parameter middlename = 4959 [table  = middlename].	[MsgId: MMSG-13876]
web_reg_save_param started  	[MsgId: MMSG-26355]
Registering web_reg_save_param was successful  	[MsgId: MMSG-26390]
Actions.java(22): Notify: Parameter Substitution: parameter "middlename" =  "Heathcote"	[MsgId: MMSG-13992]
Actions.java(22): Notify: Transaction "Transfer" started.	[MsgId: MMSG-16999]
Actions.java(22): Notify: Next row for parameter lastname = 4959 [table  = lastname].	[MsgId: MMSG-13876]
Actions.java(22): Notify: Parameter Substitution: parameter "url" =  "http://localhost:8080/WebApp/AppServlet"	[MsgId: MMSG-13992]
web_custom_request("post_query.exe") started  	[MsgId: MMSG-26355]
Actions.java(22): Notify: Parameter Substitution: parameter "lastname" =  "Frank"	[MsgId: MMSG-13992]
t=70453ms: Connecting [0] to host 127.0.0.1:8080  	[MsgId: MMSG-26000]
Error -27792: Failed to connect to server "localhost:8080": [10048] Address already in use
Try changing the registry value 
HKEY_LOCAL_MACHINE\System\CurrentControlSet\Services\tcpip\Parameters\TcpTimedWaitDelay to 30
and HKEY_LOCAL_MACHINE\System\CurrentControlSet\Services\tcpip\Parameters\MaxUserPort to 65534
and rebooting the machine
See the readme.doc file for more information  	[MsgId: MERR-27792]
Actions.java(22): Notify: Next row for parameter addressreg = 4959 [table  = addressreg].	[MsgId: MMSG-13876]
End auto log messages stack.	[MsgId: MMSG-10544]


Actions.java(22): Notify: Parameter Substitution: parameter "addressreg" =  "2 Bryn Ffynnon, Penrhyndeudraeth"	[MsgId: MMSG-13992]
Actions.java(22): Notify: Parameter Substitution: parameter "randamount" =  "80218"	[MsgId: MMSG-13992]
web_reg_save_param started  	[MsgId: MMSG-26355]
Registering web_reg_save_param was successful  	[MsgId: MMSG-26390]
Actions.java(22): Notify: Transaction "Transfer" started.	[MsgId: MMSG-16999]
Actions.java(22): Notify: Parameter Substitution: parameter "url" =  "http://localhost:8080/WebApp/AppServlet"	[MsgId: MMSG-13992]
web_custom_request("post_query.exe") started  	[MsgId: MMSG-26355]
t=70453ms: Connecting [0] to host 127.0.0.1:8080  	[MsgId: MMSG-26000]
Error -27792: Failed to connect to server "localhost:8080": [10048] Address already in use
Try changing the registry value 
HKEY_LOCAL_MACHINE\System\CurrentControlSet\Services\tcpip\Parameters\TcpTimedWaitDelay to 30
and HKEY_LOCAL_MACHINE\System\CurrentControlSet\Services\tcpip\Parameters\MaxUserPort to 65534
and rebooting the machine
See the readme.doc file for more information  	[MsgId: MERR-27792]
End auto log messages stack.	[MsgId: MMSG-10544]


Start auto log messages stack - Iteration 3867.	[MsgId: MMSG-10545]
Actions.java(22): Notify: Next row for parameter middlename = 1851 [table  = middlename].	[MsgId: MMSG-13876]
Actions.java(22): Notify: Parameter Substitution: parameter "middlename" =  "Alysha"	[MsgId: MMSG-13992]
Actions.java(22): Notify: Next row for parameter lastname = 1851 [table  = lastname].	[MsgId: MMSG-13876]
Actions.java(22): Notify: Parameter Substitution: parameter "lastname" =  "Shields"	[MsgId: MMSG-13992]
Actions.java(22): Notify: Next row for parameter addressreg = 1851 [table  = addressreg].	[MsgId: MMSG-13876]
Start auto log messages stack - Iteration 20502.	[MsgId: MMSG-10545]
Start auto log messages stack - Iteration 15213.	[MsgId: MMSG-10545]
Start auto log messages stack - Iteration 9078.	[MsgId: MMSG-10545]
t=70483ms: Closed connection [0] to localhost:8080 after completing 0 request(s)  	[MsgId: MMSG-26000]
t=70482ms: Closed connection [0] to localhost:8080 after completing 0 request(s)  	[MsgId: MMSG-26000]
Error -26377: No match found for the requested parameter "Final". Either the specified boundaries were not found in the response or the matched text is longer than current max html parameter size of 256 bytes. The total length of the response is 0 bytes. You can use "web_set_max_html_param_len" to increase the max parameter size.  	[MsgId: MERR-26377]
Actions.java(22): Notify: Parameter Substitution: parameter "addressreg" =  "Felin Uchaf, Abergele Road, Llanrwst"	[MsgId: MMSG-13992]
Error -26377: No match found for the requested parameter "Final". Either the specified boundaries were not found in the response or the matched text is longer than current max html parameter size of 256 bytes. The total length of the response is 0 bytes. You can use "web_set_max_html_param_len" to increase the max parameter size.  	[MsgId: MERR-26377]
Actions.java(22): Notify: Parameter Substitution: parameter "randamount" =  "44683"	[MsgId: MMSG-13992]
End auto log messages stack.	[MsgId: MMSG-10544]
web_reg_save_param started  	[MsgId: MMSG-26355]


Registering web_reg_save_param was successful  	[MsgId: MMSG-26390]
End auto log messages stack.	[MsgId: MMSG-10544]
Actions.java(22): Notify: Transaction "Transfer" started.	[MsgId: MMSG-16999]
Start auto log messages stack - Iteration 15213.	[MsgId: MMSG-10545]


Actions.java(22): Notify: Parameter Substitution: parameter "url" =  "http://localhost:8080/WebApp/AppServlet"	[MsgId: MMSG-13992]
Actions.java(22): Notify: Saving Parameter "Final = ".	[MsgId: MMSG-13798]
web_custom_request("post_query.exe") started  	[MsgId: MMSG-26355]
Error -26374: The above "not found" error(s) may be explained by header and body byte counts being 0 and 0, respectively.  	[MsgId: MERR-26374]
t=70482ms: Connecting [0] to host 127.0.0.1:8080  	[MsgId: MMSG-26000]
Actions.java(22): Notify: Next row for parameter middlename = 3979 [table  = middlename].	[MsgId: MMSG-13876]
Start auto log messages stack - Iteration 9078.	[MsgId: MMSG-10545]
Error -27792: Failed to connect to server "localhost:8080": [10048] Address already in use
Try changing the registry value 
HKEY_LOCAL_MACHINE\System\CurrentControlSet\Services\tcpip\Parameters\TcpTimedWaitDelay to 30
and HKEY_LOCAL_MACHINE\System\CurrentControlSet\Services\tcpip\Parameters\MaxUserPort to 65534
and rebooting the machine
See the readme.doc file for more information  	[MsgId: MERR-27792]
Actions.java(22): Notify: Saving Parameter "Final = ".	[MsgId: MMSG-13798]
Error -26374: The above "not found" error(s) may be explained by header and body byte counts being 0 and 0, respectively.  	[MsgId: MERR-26374]
Actions.java(22): Notify: Parameter Substitution: parameter "middlename" =  "Faulkner"	[MsgId: MMSG-13992]
End auto log messages stack.	[MsgId: MMSG-10544]


Actions.java(22): Notify: Next row for parameter lastname = 3979 [table  = lastname].	[MsgId: MMSG-13876]
End auto log messages stack.	[MsgId: MMSG-10544]
End auto log messages stack.	[MsgId: MMSG-10544]




Actions.java(22): Notify: Parameter Substitution: parameter "lastname" =  "Mr.Sean"	[MsgId: MMSG-13992]
Actions.java(22): Notify: Next row for parameter addressreg = 3979 [table  = addressreg].	[MsgId: MMSG-13876]
Start auto log messages stack - Iteration 3867.	[MsgId: MMSG-10545]
t=70495ms: Closed connection [0] to localhost:8080 after completing 0 request(s)  	[MsgId: MMSG-26000]
Error -26377: No match found for the requested parameter "Final". Either the specified boundaries were not found in the response or the matched text is longer than current max html parameter size of 256 bytes. The total length of the response is 0 bytes. You can use "web_set_max_html_param_len" to increase the max parameter size.  	[MsgId: MERR-26377]
End auto log messages stack.	[MsgId: MMSG-10544]
Actions.java(22): Notify: Parameter Substitution: parameter "addressreg" =  "11 Old Jewry, London"	[MsgId: MMSG-13992]


Actions.java(22): Notify: Parameter Substitution: parameter "randamount" =  "94885"	[MsgId: MMSG-13992]
web_reg_save_param started  	[MsgId: MMSG-26355]
Start auto log messages stack - Iteration 3867.	[MsgId: MMSG-10545]
Registering web_reg_save_param was successful  	[MsgId: MMSG-26390]
Actions.java(22): Notify: Saving Parameter "Final = ".	[MsgId: MMSG-13798]
Actions.java(22): Notify: Transaction "Transfer" started.	[MsgId: MMSG-16999]
Error -26374: The above "not found" error(s) may be explained by header and body byte counts being 0 and 0, respectively.  	[MsgId: MERR-26374]
Actions.java(22): Notify: Parameter Substitution: parameter "url" =  "http://localhost:8080/WebApp/AppServlet"	[MsgId: MMSG-13992]
web_custom_request("post_query.exe") started  	[MsgId: MMSG-26355]
End auto log messages stack.	[MsgId: MMSG-10544]
t=70482ms: Connecting [0] to host 127.0.0.1:8080  	[MsgId: MMSG-26000]


Error -27792: Failed to connect to server "localhost:8080": [10048] Address already in use
Try changing the registry value 
HKEY_LOCAL_MACHINE\System\CurrentControlSet\Services\tcpip\Parameters\TcpTimedWaitDelay to 30
and HKEY_LOCAL_MACHINE\System\CurrentControlSet\Services\tcpip\Parameters\MaxUserPort to 65534
and rebooting the machine
See the readme.doc file for more information  	[MsgId: MERR-27792]
End auto log messages stack.	[MsgId: MMSG-10544]


Start auto log messages stack - Iteration 20502.	[MsgId: MMSG-10545]
Start auto log messages stack - Iteration 21652.	[MsgId: MMSG-10545]
t=70496ms: Closed connection [0] to localhost:8080 after completing 0 request(s)  	[MsgId: MMSG-26000]
Error -26377: No match found for the requested parameter "Final". Either the specified boundaries were not found in the response or the matched text is longer than current max html parameter size of 256 bytes. The total length of the response is 0 bytes. You can use "web_set_max_html_param_len" to increase the max parameter size.  	[MsgId: MERR-26377]
End auto log messages stack.	[MsgId: MMSG-10544]


Start auto log messages stack - Iteration 20502.	[MsgId: MMSG-10545]
Actions.java(22): Notify: Saving Parameter "Final = ".	[MsgId: MMSG-13798]
Error -26374: The above "not found" error(s) may be explained by header and body byte counts being 0 and 0, respectively.  	[MsgId: MERR-26374]
End auto log messages stack.	[MsgId: MMSG-10544]


Actions.java(22): Notify: Next row for parameter middlename = 8575 [table  = middlename].	[MsgId: MMSG-13876]
Actions.java(22): Notify: Parameter Substitution: parameter "middlename" =  "Murphy"	[MsgId: MMSG-13992]
Actions.java(22): Notify: Next row for parameter lastname = 8575 [table  = lastname].	[MsgId: MMSG-13876]
Actions.java(22): Notify: Parameter Substitution: parameter "lastname" =  "Merle"	[MsgId: MMSG-13992]
Actions.java(22): Notify: Next row for parameter addressreg = 8575 [table  = addressreg].	[MsgId: MMSG-13876]
Actions.java(22): Notify: Parameter Substitution: parameter "addressreg" =  "6 Oddfellows Row, Hathersage"	[MsgId: MMSG-13992]
Actions.java(22): Notify: Parameter Substitution: parameter "randamount" =  "68871"	[MsgId: MMSG-13992]
web_reg_save_param started  	[MsgId: MMSG-26355]
Registering web_reg_save_param was successful  	[MsgId: MMSG-26390]
Actions.java(22): Notify: Transaction "Transfer" started.	[MsgId: MMSG-16999]
Actions.java(22): Notify: Parameter Substitution: parameter "url" =  "http://localhost:8080/WebApp/AppServlet"	[MsgId: MMSG-13992]
web_custom_request("post_query.exe") started  	[MsgId: MMSG-26355]
t=70495ms: Connecting [0] to host 127.0.0.1:8080  	[MsgId: MMSG-26000]
Error -27792: Failed to connect to server "localhost:8080": [10048] Address already in use
Try changing the registry value 
HKEY_LOCAL_MACHINE\System\CurrentControlSet\Services\tcpip\Parameters\TcpTimedWaitDelay to 30
and HKEY_LOCAL_MACHINE\System\CurrentControlSet\Services\tcpip\Parameters\MaxUserPort to 65534
and rebooting the machine
See the readme.doc file for more information  	[MsgId: MERR-27792]
End auto log messages stack.	[MsgId: MMSG-10544]


Start auto log messages stack - Iteration 21652.	[MsgId: MMSG-10545]
t=70507ms: Closed connection [0] to localhost:8080 after completing 0 request(s)  	[MsgId: MMSG-26000]
Error -26377: No match found for the requested parameter "Final". Either the specified boundaries were not found in the response or the matched text is longer than current max html parameter size of 256 bytes. The total length of the response is 0 bytes. You can use "web_set_max_html_param_len" to increase the max parameter size.  	[MsgId: MERR-26377]
End auto log messages stack.	[MsgId: MMSG-10544]


Start auto log messages stack - Iteration 21652.	[MsgId: MMSG-10545]
Actions.java(22): Notify: Saving Parameter "Final = ".	[MsgId: MMSG-13798]
Error -26374: The above "not found" error(s) may be explained by header and body byte counts being 0 and 0, respectively.  	[MsgId: MERR-26374]
End auto log messages stack.	[MsgId: MMSG-10544]


