Notify: search current JDK in Windows registry at (SOFTWARE\Wow6432Node\JavaSoft\Java Development Kit)	[MsgId: MMSG-22196]	[MsgId: MMSG-22986]
Notify: search current JDK in Windows registry at(SOFTWARE\JavaSoft\Java Development Kit)	[MsgId: MMSG-22198]	[MsgId: MMSG-22986]
Notify: search in JAVA_HOME	[MsgId: MMSG-22195]	[MsgId: MMSG-22986]
Notify: JDK found at C:/Program Files/Java/jdk8u265-full	[MsgId: MMSG-22192]	[MsgId: MMSG-22986]
Notify: JVMArgs.log is created here: C:\Users\User\Documents\VuGen\Scripts\SoapAction	[MsgId: MMSG-22986]
Start auto log messages stack - Iteration 11505.	[MsgId: MMSG-10545]
Actions.java(22): Notify: Next row for parameter middlename = 5325 [table  = middlename].	[MsgId: MMSG-13876]
Actions.java(22): Notify: Parameter Substitution: parameter "middlename" =  "Crystel"	[MsgId: MMSG-13992]
Actions.java(22): Notify: Next row for parameter lastname = 5325 [table  = lastname].	[MsgId: MMSG-13876]
Actions.java(22): Notify: Parameter Substitution: parameter "lastname" =  "Treutel"	[MsgId: MMSG-13992]
Actions.java(22): Notify: Next row for parameter addressreg = 5325 [table  = addressreg].	[MsgId: MMSG-13876]
Actions.java(22): Notify: Parameter Substitution: parameter "addressreg" =  "Archdeaconry, Kings Orchard, Rochester"	[MsgId: MMSG-13992]
Actions.java(22): Notify: Parameter Substitution: parameter "randamount" =  "35237"	[MsgId: MMSG-13992]
web_reg_save_param started  	[MsgId: MMSG-26355]
Registering web_reg_save_param was successful  	[MsgId: MMSG-26390]
Actions.java(22): Notify: Transaction "Transfer" started.	[MsgId: MMSG-16999]
Actions.java(22): Notify: Parameter Substitution: parameter "url" =  "http://localhost:8080/WebApp/AppServlet"	[MsgId: MMSG-13992]
web_custom_request("post_query.exe") started  	[MsgId: MMSG-26355]
t=49761ms: Connecting [0] to host 127.0.0.1:8080  	[MsgId: MMSG-26000]
Error -27792: Failed to connect to server "localhost:8080": [10048] Address already in use
Try changing the registry value 
HKEY_LOCAL_MACHINE\System\CurrentControlSet\Services\tcpip\Parameters\TcpTimedWaitDelay to 30
and HKEY_LOCAL_MACHINE\System\CurrentControlSet\Services\tcpip\Parameters\MaxUserPort to 65534
and rebooting the machine
See the readme.doc file for more information  	[MsgId: MERR-27792]
End auto log messages stack.	[MsgId: MMSG-10544]


Start auto log messages stack - Iteration 4190.	[MsgId: MMSG-10545]
Actions.java(22): Notify: Next row for parameter middlename = 7328 [table  = middlename].	[MsgId: MMSG-13876]
Actions.java(22): Notify: Parameter Substitution: parameter "middlename" =  "Wiley"	[MsgId: MMSG-13992]
Actions.java(22): Notify: Next row for parameter lastname = 7328 [table  = lastname].	[MsgId: MMSG-13876]
Actions.java(22): Notify: Parameter Substitution: parameter "lastname" =  "Boyle"	[MsgId: MMSG-13992]
Actions.java(22): Notify: Next row for parameter addressreg = 7328 [table  = addressreg].	[MsgId: MMSG-13876]
Actions.java(22): Notify: Parameter Substitution: parameter "addressreg" =  "52 Ingleton Street, Leeds"	[MsgId: MMSG-13992]
Actions.java(22): Notify: Parameter Substitution: parameter "randamount" =  "47900"	[MsgId: MMSG-13992]
web_reg_save_param started  	[MsgId: MMSG-26355]
Registering web_reg_save_param was successful  	[MsgId: MMSG-26390]
Actions.java(22): Notify: Transaction "Transfer" started.	[MsgId: MMSG-16999]
Actions.java(22): Notify: Parameter Substitution: parameter "url" =  "http://localhost:8080/WebApp/AppServlet"	[MsgId: MMSG-13992]
web_custom_request("post_query.exe") started  	[MsgId: MMSG-26355]
t=49763ms: Connecting [0] to host 127.0.0.1:8080  	[MsgId: MMSG-26000]
Error -27792: Failed to connect to server "localhost:8080": [10048] Address already in use
Try changing the registry value 
HKEY_LOCAL_MACHINE\System\CurrentControlSet\Services\tcpip\Parameters\TcpTimedWaitDelay to 30
and HKEY_LOCAL_MACHINE\System\CurrentControlSet\Services\tcpip\Parameters\MaxUserPort to 65534
and rebooting the machine
See the readme.doc file for more information  	[MsgId: MERR-27792]
End auto log messages stack.	[MsgId: MMSG-10544]


Start auto log messages stack - Iteration 17946.	[MsgId: MMSG-10545]
Actions.java(22): Notify: Next row for parameter middlename = 8884 [table  = middlename].	[MsgId: MMSG-13876]
Actions.java(22): Notify: Parameter Substitution: parameter "middlename" =  "Destini"	[MsgId: MMSG-13992]
Actions.java(22): Notify: Next row for parameter lastname = 8884 [table  = lastname].	[MsgId: MMSG-13876]
Actions.java(22): Notify: Parameter Substitution: parameter "lastname" =  "DDS"	[MsgId: MMSG-13992]
Actions.java(22): Notify: Next row for parameter addressreg = 8884 [table  = addressreg].	[MsgId: MMSG-13876]
Actions.java(22): Notify: Parameter Substitution: parameter "addressreg" =  "2 Lady Downe Close, Upton St Leonards"	[MsgId: MMSG-13992]
Actions.java(22): Notify: Parameter Substitution: parameter "randamount" =  "31484"	[MsgId: MMSG-13992]
web_reg_save_param started  	[MsgId: MMSG-26355]
Registering web_reg_save_param was successful  	[MsgId: MMSG-26390]
Actions.java(22): Notify: Transaction "Transfer" started.	[MsgId: MMSG-16999]
Actions.java(22): Notify: Parameter Substitution: parameter "url" =  "http://localhost:8080/WebApp/AppServlet"	[MsgId: MMSG-13992]
web_custom_request("post_query.exe") started  	[MsgId: MMSG-26355]
t=49774ms: Connecting [0] to host 127.0.0.1:8080  	[MsgId: MMSG-26000]
Error -27792: Failed to connect to server "localhost:8080": [10048] Address already in use
Try changing the registry value 
HKEY_LOCAL_MACHINE\System\CurrentControlSet\Services\tcpip\Parameters\TcpTimedWaitDelay to 30
and HKEY_LOCAL_MACHINE\System\CurrentControlSet\Services\tcpip\Parameters\MaxUserPort to 65534
and rebooting the machine
See the readme.doc file for more information  	[MsgId: MERR-27792]
End auto log messages stack.	[MsgId: MMSG-10544]


Start auto log messages stack - Iteration 6414.	[MsgId: MMSG-10545]
Actions.java(22): Notify: Next row for parameter middlename = 650 [table  = middlename].	[MsgId: MMSG-13876]
Actions.java(22): Notify: Parameter Substitution: parameter "middlename" =  "Hettie"	[MsgId: MMSG-13992]
Actions.java(22): Notify: Next row for parameter lastname = 650 [table  = lastname].	[MsgId: MMSG-13876]
Actions.java(22): Notify: Parameter Substitution: parameter "lastname" =  "Ernestina"	[MsgId: MMSG-13992]
Actions.java(22): Notify: Next row for parameter addressreg = 650 [table  = addressreg].	[MsgId: MMSG-13876]
Actions.java(22): Notify: Parameter Substitution: parameter "addressreg" =  "4 Chapel Street, Holsworthy"	[MsgId: MMSG-13992]
Actions.java(22): Notify: Parameter Substitution: parameter "randamount" =  "90698"	[MsgId: MMSG-13992]
web_reg_save_param started  	[MsgId: MMSG-26355]
Registering web_reg_save_param was successful  	[MsgId: MMSG-26390]
Actions.java(22): Notify: Transaction "Transfer" started.	[MsgId: MMSG-16999]
Actions.java(22): Notify: Parameter Substitution: parameter "url" =  "http://localhost:8080/WebApp/AppServlet"	[MsgId: MMSG-13992]
web_custom_request("post_query.exe") started  	[MsgId: MMSG-26355]
t=49784ms: Connecting [0] to host 127.0.0.1:8080  	[MsgId: MMSG-26000]
Error -27792: Failed to connect to server "localhost:8080": [10048] Address already in use
Try changing the registry value 
HKEY_LOCAL_MACHINE\System\CurrentControlSet\Services\tcpip\Parameters\TcpTimedWaitDelay to 30
and HKEY_LOCAL_MACHINE\System\CurrentControlSet\Services\tcpip\Parameters\MaxUserPort to 65534
and rebooting the machine
See the readme.doc file for more information  	[MsgId: MERR-27792]
End auto log messages stack.	[MsgId: MMSG-10544]


Start auto log messages stack - Iteration 2185.	[MsgId: MMSG-10545]
Actions.java(22): Notify: Next row for parameter middlename = 2364 [table  = middlename].	[MsgId: MMSG-13876]
Actions.java(22): Notify: Parameter Substitution: parameter "middlename" =  "Stanton"	[MsgId: MMSG-13992]
Actions.java(22): Notify: Next row for parameter lastname = 2364 [table  = lastname].	[MsgId: MMSG-13876]
Actions.java(22): Notify: Parameter Substitution: parameter "lastname" =  "Rocco"	[MsgId: MMSG-13992]
Actions.java(22): Notify: Next row for parameter addressreg = 2364 [table  = addressreg].	[MsgId: MMSG-13876]
Actions.java(22): Notify: Parameter Substitution: parameter "addressreg" =  "Swn Y Gloch, Llanfaes"	[MsgId: MMSG-13992]
Actions.java(22): Notify: Parameter Substitution: parameter "randamount" =  "8426"	[MsgId: MMSG-13992]
web_reg_save_param started  	[MsgId: MMSG-26355]
Registering web_reg_save_param was successful  	[MsgId: MMSG-26390]
Actions.java(22): Notify: Transaction "Transfer" started.	[MsgId: MMSG-16999]
Actions.java(22): Notify: Parameter Substitution: parameter "url" =  "http://localhost:8080/WebApp/AppServlet"	[MsgId: MMSG-13992]
web_custom_request("post_query.exe") started  	[MsgId: MMSG-26355]
t=49796ms: Connecting [0] to host 127.0.0.1:8080  	[MsgId: MMSG-26000]
Error -27792: Failed to connect to server "localhost:8080": [10048] Address already in use
Try changing the registry value 
HKEY_LOCAL_MACHINE\System\CurrentControlSet\Services\tcpip\Parameters\TcpTimedWaitDelay to 30
and HKEY_LOCAL_MACHINE\System\CurrentControlSet\Services\tcpip\Parameters\MaxUserPort to 65534
and rebooting the machine
See the readme.doc file for more information  	[MsgId: MERR-27792]
End auto log messages stack.	[MsgId: MMSG-10544]


Start auto log messages stack - Iteration 8883.	[MsgId: MMSG-10545]
Actions.java(22): Notify: Next row for parameter middlename = 7155 [table  = middlename].	[MsgId: MMSG-13876]
Actions.java(22): Notify: Parameter Substitution: parameter "middlename" =  "Nolan"	[MsgId: MMSG-13992]
Actions.java(22): Notify: Next row for parameter lastname = 7155 [table  = lastname].	[MsgId: MMSG-13876]
Actions.java(22): Notify: Parameter Substitution: parameter "lastname" =  "Parisian"	[MsgId: MMSG-13992]
Actions.java(22): Notify: Next row for parameter addressreg = 7155 [table  = addressreg].	[MsgId: MMSG-13876]
Actions.java(22): Notify: Parameter Substitution: parameter "addressreg" =  "3 Pen Clwt, Gerlan"	[MsgId: MMSG-13992]
Actions.java(22): Notify: Parameter Substitution: parameter "randamount" =  "80047"	[MsgId: MMSG-13992]
web_reg_save_param started  	[MsgId: MMSG-26355]
Registering web_reg_save_param was successful  	[MsgId: MMSG-26390]
Actions.java(22): Notify: Transaction "Transfer" started.	[MsgId: MMSG-16999]
Actions.java(22): Notify: Parameter Substitution: parameter "url" =  "http://localhost:8080/WebApp/AppServlet"	[MsgId: MMSG-13992]
web_custom_request("post_query.exe") started  	[MsgId: MMSG-26355]
t=49807ms: Connecting [0] to host 127.0.0.1:8080  	[MsgId: MMSG-26000]
Error -27792: Failed to connect to server "localhost:8080": [10048] Address already in use
Try changing the registry value 
HKEY_LOCAL_MACHINE\System\CurrentControlSet\Services\tcpip\Parameters\TcpTimedWaitDelay to 30
and HKEY_LOCAL_MACHINE\System\CurrentControlSet\Services\tcpip\Parameters\MaxUserPort to 65534
and rebooting the machine
See the readme.doc file for more information  	[MsgId: MERR-27792]
End auto log messages stack.	[MsgId: MMSG-10544]


Start auto log messages stack - Iteration 14559.	[MsgId: MMSG-10545]
Actions.java(22): Notify: Next row for parameter middlename = 5406 [table  = middlename].	[MsgId: MMSG-13876]
Actions.java(22): Notify: Parameter Substitution: parameter "middlename" =  "Jr.Anibal"	[MsgId: MMSG-13992]
Actions.java(22): Notify: Next row for parameter lastname = 5406 [table  = lastname].	[MsgId: MMSG-13876]
Actions.java(22): Notify: Parameter Substitution: parameter "lastname" =  "Nicolas"	[MsgId: MMSG-13992]
Actions.java(22): Notify: Next row for parameter addressreg = 5406 [table  = addressreg].	[MsgId: MMSG-13876]
Actions.java(22): Notify: Parameter Substitution: parameter "addressreg" =  "2 Primrose Field, Stone Cross"	[MsgId: MMSG-13992]
Actions.java(22): Notify: Parameter Substitution: parameter "randamount" =  "525"	[MsgId: MMSG-13992]
web_reg_save_param started  	[MsgId: MMSG-26355]
Registering web_reg_save_param was successful  	[MsgId: MMSG-26390]
Actions.java(22): Notify: Transaction "Transfer" started.	[MsgId: MMSG-16999]
Actions.java(22): Notify: Parameter Substitution: parameter "url" =  "http://localhost:8080/WebApp/AppServlet"	[MsgId: MMSG-13992]
web_custom_request("post_query.exe") started  	[MsgId: MMSG-26355]
t=49819ms: Connecting [0] to host 127.0.0.1:8080  	[MsgId: MMSG-26000]
Error -27792: Failed to connect to server "localhost:8080": [10048] Address already in use
Try changing the registry value 
HKEY_LOCAL_MACHINE\System\CurrentControlSet\Services\tcpip\Parameters\TcpTimedWaitDelay to 30
and HKEY_LOCAL_MACHINE\System\CurrentControlSet\Services\tcpip\Parameters\MaxUserPort to 65534
and rebooting the machine
See the readme.doc file for more information  	[MsgId: MERR-27792]
End auto log messages stack.	[MsgId: MMSG-10544]


Start auto log messages stack - Iteration 11505.	[MsgId: MMSG-10545]
Start auto log messages stack - Iteration 454.	[MsgId: MMSG-10545]
t=49775ms: Closed connection [0] to localhost:8080 after completing 0 request(s)  	[MsgId: MMSG-26000]
Error -26377: No match found for the requested parameter "Final". Either the specified boundaries were not found in the response or the matched text is longer than current max html parameter size of 256 bytes. The total length of the response is 0 bytes. You can use "web_set_max_html_param_len" to increase the max parameter size.  	[MsgId: MERR-26377]
End auto log messages stack.	[MsgId: MMSG-10544]


Start auto log messages stack - Iteration 11505.	[MsgId: MMSG-10545]
Actions.java(22): Notify: Saving Parameter "Final = ".	[MsgId: MMSG-13798]
Error -26374: The above "not found" error(s) may be explained by header and body byte counts being 0 and 0, respectively.  	[MsgId: MERR-26374]
End auto log messages stack.	[MsgId: MMSG-10544]


Actions.java(22): Notify: Next row for parameter middlename = 1155 [table  = middlename].	[MsgId: MMSG-13876]
Actions.java(22): Notify: Parameter Substitution: parameter "middlename" =  "Boyle"	[MsgId: MMSG-13992]
Actions.java(22): Notify: Next row for parameter lastname = 1155 [table  = lastname].	[MsgId: MMSG-13876]
Actions.java(22): Notify: Parameter Substitution: parameter "lastname" =  "Marisol"	[MsgId: MMSG-13992]
Actions.java(22): Notify: Next row for parameter addressreg = 1155 [table  = addressreg].	[MsgId: MMSG-13876]
Actions.java(22): Notify: Parameter Substitution: parameter "addressreg" =  "48 Rosebery Road, Aston Clinton"	[MsgId: MMSG-13992]
Actions.java(22): Notify: Parameter Substitution: parameter "randamount" =  "81543"	[MsgId: MMSG-13992]
web_reg_save_param started  	[MsgId: MMSG-26355]
Registering web_reg_save_param was successful  	[MsgId: MMSG-26390]
Actions.java(22): Notify: Transaction "Transfer" started.	[MsgId: MMSG-16999]
Actions.java(22): Notify: Parameter Substitution: parameter "url" =  "http://localhost:8080/WebApp/AppServlet"	[MsgId: MMSG-13992]
web_custom_request("post_query.exe") started  	[MsgId: MMSG-26355]
t=49830ms: Connecting [0] to host 127.0.0.1:8080  	[MsgId: MMSG-26000]
Error -27792: Failed to connect to server "localhost:8080": [10048] Address already in use
Try changing the registry value 
HKEY_LOCAL_MACHINE\System\CurrentControlSet\Services\tcpip\Parameters\TcpTimedWaitDelay to 30
and HKEY_LOCAL_MACHINE\System\CurrentControlSet\Services\tcpip\Parameters\MaxUserPort to 65534
and rebooting the machine
See the readme.doc file for more information  	[MsgId: MERR-27792]
End auto log messages stack.	[MsgId: MMSG-10544]


Start auto log messages stack - Iteration 6414.	[MsgId: MMSG-10545]
Start auto log messages stack - Iteration 17946.	[MsgId: MMSG-10545]
Start auto log messages stack - Iteration 4190.	[MsgId: MMSG-10545]
Start auto log messages stack - Iteration 8883.	[MsgId: MMSG-10545]
t=49808ms: Closed connection [0] to localhost:8080 after completing 0 request(s)  	[MsgId: MMSG-26000]
t=49796ms: Closed connection [0] to localhost:8080 after completing 0 request(s)  	[MsgId: MMSG-26000]
t=49785ms: Closed connection [0] to localhost:8080 after completing 0 request(s)  	[MsgId: MMSG-26000]
t=49830ms: Closed connection [0] to localhost:8080 after completing 0 request(s)  	[MsgId: MMSG-26000]
Error -26377: No match found for the requested parameter "Final". Either the specified boundaries were not found in the response or the matched text is longer than current max html parameter size of 256 bytes. The total length of the response is 0 bytes. You can use "web_set_max_html_param_len" to increase the max parameter size.  	[MsgId: MERR-26377]
Error -26377: No match found for the requested parameter "Final". Either the specified boundaries were not found in the response or the matched text is longer than current max html parameter size of 256 bytes. The total length of the response is 0 bytes. You can use "web_set_max_html_param_len" to increase the max parameter size.  	[MsgId: MERR-26377]
Error -26377: No match found for the requested parameter "Final". Either the specified boundaries were not found in the response or the matched text is longer than current max html parameter size of 256 bytes. The total length of the response is 0 bytes. You can use "web_set_max_html_param_len" to increase the max parameter size.  	[MsgId: MERR-26377]
Error -26377: No match found for the requested parameter "Final". Either the specified boundaries were not found in the response or the matched text is longer than current max html parameter size of 256 bytes. The total length of the response is 0 bytes. You can use "web_set_max_html_param_len" to increase the max parameter size.  	[MsgId: MERR-26377]
End auto log messages stack.	[MsgId: MMSG-10544]
End auto log messages stack.	[MsgId: MMSG-10544]


End auto log messages stack.	[MsgId: MMSG-10544]




Start auto log messages stack - Iteration 6414.	[MsgId: MMSG-10545]
Start auto log messages stack - Iteration 17946.	[MsgId: MMSG-10545]
Actions.java(22): Notify: Saving Parameter "Final = ".	[MsgId: MMSG-13798]
Start auto log messages stack - Iteration 8883.	[MsgId: MMSG-10545]
Actions.java(22): Notify: Saving Parameter "Final = ".	[MsgId: MMSG-13798]
Error -26374: The above "not found" error(s) may be explained by header and body byte counts being 0 and 0, respectively.  	[MsgId: MERR-26374]
Error -26374: The above "not found" error(s) may be explained by header and body byte counts being 0 and 0, respectively.  	[MsgId: MERR-26374]
Actions.java(22): Notify: Saving Parameter "Final = ".	[MsgId: MMSG-13798]
End auto log messages stack.	[MsgId: MMSG-10544]
Start auto log messages stack - Iteration 14559.	[MsgId: MMSG-10545]
Error -26374: The above "not found" error(s) may be explained by header and body byte counts being 0 and 0, respectively.  	[MsgId: MERR-26374]


t=49844ms: Closed connection [0] to localhost:8080 after completing 0 request(s)  	[MsgId: MMSG-26000]
End auto log messages stack.	[MsgId: MMSG-10544]
Error -26377: No match found for the requested parameter "Final". Either the specified boundaries were not found in the response or the matched text is longer than current max html parameter size of 256 bytes. The total length of the response is 0 bytes. You can use "web_set_max_html_param_len" to increase the max parameter size.  	[MsgId: MERR-26377]
End auto log messages stack.	[MsgId: MMSG-10544]


Start auto log messages stack - Iteration 4190.	[MsgId: MMSG-10545]
End auto log messages stack.	[MsgId: MMSG-10544]


Actions.java(22): Notify: Saving Parameter "Final = ".	[MsgId: MMSG-13798]


End auto log messages stack.	[MsgId: MMSG-10544]
Error -26374: The above "not found" error(s) may be explained by header and body byte counts being 0 and 0, respectively.  	[MsgId: MERR-26374]


Start auto log messages stack - Iteration 14559.	[MsgId: MMSG-10545]
End auto log messages stack.	[MsgId: MMSG-10544]
Actions.java(22): Notify: Saving Parameter "Final = ".	[MsgId: MMSG-13798]


Error -26374: The above "not found" error(s) may be explained by header and body byte counts being 0 and 0, respectively.  	[MsgId: MERR-26374]
End auto log messages stack.	[MsgId: MMSG-10544]


Start auto log messages stack - Iteration 454.	[MsgId: MMSG-10545]
t=49855ms: Closed connection [0] to localhost:8080 after completing 0 request(s)  	[MsgId: MMSG-26000]
Error -26377: No match found for the requested parameter "Final". Either the specified boundaries were not found in the response or the matched text is longer than current max html parameter size of 256 bytes. The total length of the response is 0 bytes. You can use "web_set_max_html_param_len" to increase the max parameter size.  	[MsgId: MERR-26377]
Start auto log messages stack - Iteration 2185.	[MsgId: MMSG-10545]
End auto log messages stack.	[MsgId: MMSG-10544]
t=49819ms: Closed connection [0] to localhost:8080 after completing 0 request(s)  	[MsgId: MMSG-26000]


Error -26377: No match found for the requested parameter "Final". Either the specified boundaries were not found in the response or the matched text is longer than current max html parameter size of 256 bytes. The total length of the response is 0 bytes. You can use "web_set_max_html_param_len" to increase the max parameter size.  	[MsgId: MERR-26377]
Start auto log messages stack - Iteration 454.	[MsgId: MMSG-10545]
End auto log messages stack.	[MsgId: MMSG-10544]
Actions.java(22): Notify: Saving Parameter "Final = ".	[MsgId: MMSG-13798]


Error -26374: The above "not found" error(s) may be explained by header and body byte counts being 0 and 0, respectively.  	[MsgId: MERR-26374]
Start auto log messages stack - Iteration 2185.	[MsgId: MMSG-10545]
Actions.java(22): Notify: Saving Parameter "Final = ".	[MsgId: MMSG-13798]
Error -26374: The above "not found" error(s) may be explained by header and body byte counts being 0 and 0, respectively.  	[MsgId: MERR-26374]
End auto log messages stack.	[MsgId: MMSG-10544]


End auto log messages stack.	[MsgId: MMSG-10544]


Start auto log messages stack - Iteration 19383.	[MsgId: MMSG-10545]
Actions.java(22): Notify: Parameter Substitution: parameter "middlename" =  "Anderson"	[MsgId: MMSG-13992]
Actions.java(22): Notify: Next row for parameter lastname = 2268 [table  = lastname].	[MsgId: MMSG-13876]
Actions.java(22): Notify: Parameter Substitution: parameter "lastname" =  "Raquel"	[MsgId: MMSG-13992]
Actions.java(22): Notify: Next row for parameter addressreg = 2268 [table  = addressreg].	[MsgId: MMSG-13876]
Actions.java(22): Notify: Parameter Substitution: parameter "addressreg" =  "2 Mount Pleasant Barn, Mount Pleasant, Pershore"	[MsgId: MMSG-13992]
Actions.java(22): Notify: Parameter Substitution: parameter "randamount" =  "39800"	[MsgId: MMSG-13992]
web_reg_save_param started  	[MsgId: MMSG-26355]
Registering web_reg_save_param was successful  	[MsgId: MMSG-26390]
Actions.java(22): Notify: Transaction "Transfer" started.	[MsgId: MMSG-16999]
Actions.java(22): Notify: Parameter Substitution: parameter "url" =  "http://localhost:8080/WebApp/AppServlet"	[MsgId: MMSG-13992]
web_custom_request("post_query.exe") started  	[MsgId: MMSG-26355]
t=49865ms: Connecting [0] to host 127.0.0.1:8080  	[MsgId: MMSG-26000]
Error -27792: Failed to connect to server "localhost:8080": [10048] Address already in use
Try changing the registry value 
HKEY_LOCAL_MACHINE\System\CurrentControlSet\Services\tcpip\Parameters\TcpTimedWaitDelay to 30
and HKEY_LOCAL_MACHINE\System\CurrentControlSet\Services\tcpip\Parameters\MaxUserPort to 65534
and rebooting the machine
See the readme.doc file for more information  	[MsgId: MERR-27792]
End auto log messages stack.	[MsgId: MMSG-10544]


Start auto log messages stack - Iteration 19383.	[MsgId: MMSG-10545]
t=49879ms: Closed connection [0] to localhost:8080 after completing 0 request(s)  	[MsgId: MMSG-26000]
Error -26377: No match found for the requested parameter "Final". Either the specified boundaries were not found in the response or the matched text is longer than current max html parameter size of 256 bytes. The total length of the response is 0 bytes. You can use "web_set_max_html_param_len" to increase the max parameter size.  	[MsgId: MERR-26377]
End auto log messages stack.	[MsgId: MMSG-10544]


Start auto log messages stack - Iteration 19383.	[MsgId: MMSG-10545]
Actions.java(22): Notify: Saving Parameter "Final = ".	[MsgId: MMSG-13798]
Error -26374: The above "not found" error(s) may be explained by header and body byte counts being 0 and 0, respectively.  	[MsgId: MERR-26374]
End auto log messages stack.	[MsgId: MMSG-10544]


