Notify: search current JDK in Windows registry at (SOFTWARE\Wow6432Node\JavaSoft\Java Development Kit)
Notify: search current JDK in Windows registry at(SOFTWARE\JavaSoft\Java Development Kit)
Notify: search in JAVA_HOME
Notify: JDK found at C:/Program Files/Java/jdk8u265-full
Notify: JVMArgs.log is created here: C:\Users\User\Documents\VuGen\Scripts\JavaHTTP3\
Virtual User Script started at: 24.09.2020 15:11:00
Starting action vuser_init.
Ending action vuser_init.
Running Vuser...
Starting iteration 1.
Maximum number of concurrent connections per server: 4  	[MsgId: MMSG-26989]
Starting action Actions.
Actions.java(22): Notify: Next row for parameter addressreg = 6386 [table  = addressreg].
Actions.java(22): Notify: Parameter Substitution: parameter "addressreg" =  "1 Swarcliffe Road, Harrogate"
Actions.java(22): Notify: Next row for parameter addressfact = 6386 [table  = addressfact].
Actions.java(22): Notify: Parameter Substitution: parameter "addressfact" =  "1 Cleasby Close, Westlea"
Actions.java(22): Notify: Next row for parameter addressfact = 6386 [table  = addressfact].
Actions.java(22): Notify: Parameter Substitution: parameter "addressfact" =  "1 Cleasby Close, Westlea"
Actions.java(22): Notify: Next row for parameter firstname = 6386 [table  = firstname].
Actions.java(22): Notify: Parameter Substitution: parameter "firstname" =  "Jones"
Actions.java(22): Notify: Next row for parameter middlename = 6386 [table  = middlename].
Actions.java(22): Notify: Parameter Substitution: parameter "middlename" =  "Karianne"
Actions.java(22): Notify: Next row for parameter lastname = 6386 [table  = lastname].
Actions.java(22): Notify: Parameter Substitution: parameter "lastname" =  "Bernhard"
Actions.java(22): Notify: Next row for parameter addressreg = 6386 [table  = addressreg].
Actions.java(22): Notify: Parameter Substitution: parameter "addressreg" =  "1 Swarcliffe Road, Harrogate"
Actions.java(22): Notify: Parameter Substitution: parameter "randamount" =  "21217"
Warning! Web support not loaded: check Java-Interpreter -> UtilityExt property in mdrv.dat file
web_reg_save_param started  	[MsgId: MMSG-26355]
Registering web_reg_save_param was successful  	[MsgId: MMSG-26390]
Actions.java(22): Notify: Transaction "Transfer" started.
Actions.java(22): Notify: Parameter Substitution: parameter "url" =  "http://localhost:8080/WebApp/AppServlet"
web_custom_request("post_query.exe") started  	[MsgId: MMSG-26355]
t=1019ms: Connecting [0] to host 127.0.0.1:8080  	[MsgId: MMSG-26000]
t=1020ms: Connected socket [0] from 127.0.0.1:26155 to 127.0.0.1:8080 in 0 ms  	[MsgId: MMSG-26000]
t=1020ms: 268-byte request headers for "http://localhost:8080/WebApp/AppServlet" (RelFrameId=1, Internal ID=1)
    POST /WebApp/AppServlet HTTP/1.1\r\n
    Content-Type: application/x-www-form-urlencoded\r\n
    Cache-Control: no-cache\r\n
    User-Agent: Mozilla/5.0 (compatible; MSIE 10.0; Windows NT 6.1; Trident/6.0)\r\n
    Accept: */*\r\n
    Connection: Keep-Alive\r\n
    Host: localhost:8080\r\n
    Content-Length: 322\r\n
    \r\n
t=1026ms: 322-byte request body for "http://localhost:8080/WebApp/AppServlet" (RelFrameId=1, Internal ID=1)
    <CheckRq><requestID>7e34017b-9a5e-425b-a233-da37f0d5246c</requestID><payerName>Jones Karia
    nne Bernhard</payerName><isAddressEquals>False</isAddressEquals><regAddress>1 Swarcliffe R
    oad, Harrogate</regAddress><resAddress>1 Cleasby Close, Westlea</resAddress><transAmount>2
    1217</transAmount><currency>RUB</currency></CheckRq>
t=1055ms: 162-byte response headers for "http://localhost:8080/WebApp/AppServlet" (RelFrameId=1, Internal ID=1)
    HTTP/1.1 200 \r\n
    Content-Type: text/html;charset=UTF-8\r\n
    Content-Length: 134\r\n
    Date: Thu, 24 Sep 2020 12:11:00 GMT\r\n
    Keep-Alive: timeout=20\r\n
    Connection: keep-alive\r\n
    \r\n
t=1063ms: 134-byte response body for "http://localhost:8080/WebApp/AppServlet" (RelFrameId=1, Internal ID=1)
    <CheckRs>\n
    <requestID>7e34017b-9a5e-425b-a233-da37f0d5246c</requestID>\n
    <result>PASS</result>\n
    <description>OK</description>\n
    </CheckRs>\r\n
Actions.java(22): Notify: Saving Parameter "Final = PASS".
t=1069ms: Request done "http://localhost:8080/WebApp/AppServlet"  	[MsgId: MMSG-26000]
web_custom_request("post_query.exe") was successful, 134 body bytes, 162 header bytes  	[MsgId: MMSG-26386]
Actions.java(22): Notify: Parameter Substitution: parameter "Final" =  "PASS"
Actions.java(22): Notify: Transaction "Transfer" ended with a "Pass" status (Duration: 0,3025 Wasted Time: 0,2459).
Actions.java(22): Notify: Parameter Substitution: parameter "Final" =  "PASS"
System.out: PASS                                                                                                                                                      Notify:
Ending action Actions.
Ending iteration 1.
Ending Vuser...
Starting action vuser_end.
Ending action vuser_end.
Vuser Terminated.
t=1656ms: Closed connection [0] to localhost:8080 after completing 1 request(s)  	[MsgId: MMSG-26000]
HTML-Mode memory management statistics: Reusable=1, NonReusable=0, CsMemBlockSize=4096, checks disabled  	[MsgId: MMSG-26000]
Vuser 0 (thread 73096), ended OK."
