Notify: search current JDK in Windows registry at (SOFTWARE\Wow6432Node\JavaSoft\Java Development Kit)	[MsgId: MMSG-22196]	[MsgId: MMSG-22986]
Notify: search current JDK in Windows registry at(SOFTWARE\JavaSoft\Java Development Kit)	[MsgId: MMSG-22198]	[MsgId: MMSG-22986]
Notify: search in JAVA_HOME	[MsgId: MMSG-22195]	[MsgId: MMSG-22986]
Notify: JDK found at C:/Program Files/Java/jdk8u265-full	[MsgId: MMSG-22192]	[MsgId: MMSG-22986]
Notify: JVMArgs.log is created here: C:\Users\User\Documents\VuGen\Scripts\SoapAction	[MsgId: MMSG-22986]
Start auto log messages stack - Iteration 826.	[MsgId: MMSG-10545]
    76;} h1 {font-size:22px;} h2 {font-size:16px;} h3 {font-size:14px;} p {font-size:12px;} a 
    {color:black;} .line {height:1px;background-color:#525D76;border:none;}</style></head><bod
    y><h1>HTTP Status 404 \xE2\x80\x93 \xD0\x9D\xD0\xB5 \xD0\xBD\xD0\xB0\xD0\xB9\xD0\xB4\xD0\xB5
    \xD0\xBD\xD0\xBE</h1><hr class="line" /><p><b>Type</b> Status Report</p><p><b>Message</b> 
    The requested resource [&#47;WebApp&#47;AppServlet] is not available</p><p><b>Description<
    /b> The origin server did not find a current representation for the target resource or is 
    not willing to disclose that one exists.</p><hr class="line" /><h3>Apache Tomcat/8.5.58</h
    3></body></html>
Error -26627: HTTP Status-Code=404 (Not Found) for "http://localhost:8080/WebApp/AppServlet"  	[MsgId: MERR-26627]
End auto log messages stack.	[MsgId: MMSG-10544]


Start auto log messages stack - Iteration 826.	[MsgId: MMSG-10545]
t=1329898ms: Closing connection [0] to localhost after receiving status code 404  	[MsgId: MMSG-26000]
t=1329899ms: Closed connection [0] to localhost:8080 after completing 0 request(s)  	[MsgId: MMSG-26000]
t=1329899ms: Request done "http://localhost:8080/WebApp/AppServlet"  	[MsgId: MMSG-26000]
Error -26377: No match found for the requested parameter "Final". Either the specified boundaries were not found in the response or the matched text is longer than current max html parameter size of 256 bytes. The total length of the response is 792 bytes. You can use "web_set_max_html_param_len" to increase the max parameter size.  	[MsgId: MERR-26377]
End auto log messages stack.	[MsgId: MMSG-10544]


Start auto log messages stack - Iteration 790.	[MsgId: MMSG-10545]
    76;} h1 {font-size:22px;} h2 {font-size:16px;} h3 {font-size:14px;} p {font-size:12px;} a 
    {color:black;} .line {height:1px;background-color:#525D76;border:none;}</style></head><bod
    y><h1>HTTP Status 404 \xE2\x80\x93 \xD0\x9D\xD0\xB5 \xD0\xBD\xD0\xB0\xD0\xB9\xD0\xB4\xD0\xB5
    \xD0\xBD\xD0\xBE</h1><hr class="line" /><p><b>Type</b> Status Report</p><p><b>Message</b> 
    The requested resource [&#47;WebApp&#47;AppServlet] is not available</p><p><b>Description<
    /b> The origin server did not find a current representation for the target resource or is 
    not willing to disclose that one exists.</p><hr class="line" /><h3>Apache Tomcat/8.5.58</h
    3></body></html>
Error -26627: HTTP Status-Code=404 (Not Found) for "http://localhost:8080/WebApp/AppServlet"  	[MsgId: MERR-26627]
End auto log messages stack.	[MsgId: MMSG-10544]


Start auto log messages stack - Iteration 790.	[MsgId: MMSG-10545]
t=1329922ms: Closing connection [0] to localhost after receiving status code 404  	[MsgId: MMSG-26000]
t=1329923ms: Closed connection [0] to localhost:8080 after completing 0 request(s)  	[MsgId: MMSG-26000]
t=1329923ms: Request done "http://localhost:8080/WebApp/AppServlet"  	[MsgId: MMSG-26000]
Error -26377: No match found for the requested parameter "Final". Either the specified boundaries were not found in the response or the matched text is longer than current max html parameter size of 256 bytes. The total length of the response is 792 bytes. You can use "web_set_max_html_param_len" to increase the max parameter size.  	[MsgId: MERR-26377]
End auto log messages stack.	[MsgId: MMSG-10544]


Start auto log messages stack - Iteration 742.	[MsgId: MMSG-10545]
Start auto log messages stack - Iteration 766.	[MsgId: MMSG-10545]
Start auto log messages stack - Iteration 778.	[MsgId: MMSG-10545]
    76;} h1 {font-size:22px;} h2 {font-size:16px;} h3 {font-size:14px;} p {font-size:12px;} a 
    {color:black;} .line {height:1px;background-color:#525D76;border:none;}</style></head><bod
    y><h1>HTTP Status 404 \xE2\x80\x93 \xD0\x9D\xD0\xB5 \xD0\xBD\xD0\xB0\xD0\xB9\xD0\xB4\xD0\xB5
    76;} h1 {font-size:22px;} h2 {font-size:16px;} h3 {font-size:14px;} p {font-size:12px;} a 
    \xD0\xBD\xD0\xBE</h1><hr class="line" /><p><b>Type</b> Status Report</p><p><b>Message</b> 
    76;} h1 {font-size:22px;} h2 {font-size:16px;} h3 {font-size:14px;} p {font-size:12px;} a 
    {color:black;} .line {height:1px;background-color:#525D76;border:none;}</style></head><bod
    The requested resource [&#47;WebApp&#47;AppServlet] is not available</p><p><b>Description<
    {color:black;} .line {height:1px;background-color:#525D76;border:none;}</style></head><bod
    y><h1>HTTP Status 404 \xE2\x80\x93 \xD0\x9D\xD0\xB5 \xD0\xBD\xD0\xB0\xD0\xB9\xD0\xB4\xD0\xB5
    /b> The origin server did not find a current representation for the target resource or is 
    y><h1>HTTP Status 404 \xE2\x80\x93 \xD0\x9D\xD0\xB5 \xD0\xBD\xD0\xB0\xD0\xB9\xD0\xB4\xD0\xB5
    \xD0\xBD\xD0\xBE</h1><hr class="line" /><p><b>Type</b> Status Report</p><p><b>Message</b> 
    \xD0\xBD\xD0\xBE</h1><hr class="line" /><p><b>Type</b> Status Report</p><p><b>Message</b> 
    The requested resource [&#47;WebApp&#47;AppServlet] is not available</p><p><b>Description<
    The requested resource [&#47;WebApp&#47;AppServlet] is not available</p><p><b>Description<
    /b> The origin server did not find a current representation for the target resource or is 
    not willing to disclose that one exists.</p><hr class="line" /><h3>Apache Tomcat/8.5.58</h
    3></body></html>
    /b> The origin server did not find a current representation for the target resource or is 
Error -26627: HTTP Status-Code=404 (Not Found) for "http://localhost:8080/WebApp/AppServlet"  	[MsgId: MERR-26627]
End auto log messages stack.	[MsgId: MMSG-10544]


    not willing to disclose that one exists.</p><hr class="line" /><h3>Apache Tomcat/8.5.58</h
    not willing to disclose that one exists.</p><hr class="line" /><h3>Apache Tomcat/8.5.58</h
    3></body></html>
    3></body></html>
Error -26627: HTTP Status-Code=404 (Not Found) for "http://localhost:8080/WebApp/AppServlet"  	[MsgId: MERR-26627]
Error -26627: HTTP Status-Code=404 (Not Found) for "http://localhost:8080/WebApp/AppServlet"  	[MsgId: MERR-26627]
Start auto log messages stack - Iteration 766.	[MsgId: MMSG-10545]
t=1330023ms: Closing connection [0] to localhost after receiving status code 404  	[MsgId: MMSG-26000]
End auto log messages stack.	[MsgId: MMSG-10544]
t=1330024ms: Closed connection [0] to localhost:8080 after completing 0 request(s)  	[MsgId: MMSG-26000]


t=1330024ms: Request done "http://localhost:8080/WebApp/AppServlet"  	[MsgId: MMSG-26000]
Error -26377: No match found for the requested parameter "Final". Either the specified boundaries were not found in the response or the matched text is longer than current max html parameter size of 256 bytes. The total length of the response is 792 bytes. You can use "web_set_max_html_param_len" to increase the max parameter size.  	[MsgId: MERR-26377]
End auto log messages stack.	[MsgId: MMSG-10544]
End auto log messages stack.	[MsgId: MMSG-10544]




Start auto log messages stack - Iteration 778.	[MsgId: MMSG-10545]
t=1330024ms: Closing connection [0] to localhost after receiving status code 404  	[MsgId: MMSG-26000]
t=1330024ms: Closed connection [0] to localhost:8080 after completing 0 request(s)  	[MsgId: MMSG-26000]
t=1330024ms: Request done "http://localhost:8080/WebApp/AppServlet"  	[MsgId: MMSG-26000]
Start auto log messages stack - Iteration 742.	[MsgId: MMSG-10545]
Error -26377: No match found for the requested parameter "Final". Either the specified boundaries were not found in the response or the matched text is longer than current max html parameter size of 256 bytes. The total length of the response is 792 bytes. You can use "web_set_max_html_param_len" to increase the max parameter size.  	[MsgId: MERR-26377]
t=1330024ms: Closing connection [0] to localhost after receiving status code 404  	[MsgId: MMSG-26000]
t=1330024ms: Closed connection [0] to localhost:8080 after completing 0 request(s)  	[MsgId: MMSG-26000]
t=1330024ms: Request done "http://localhost:8080/WebApp/AppServlet"  	[MsgId: MMSG-26000]
End auto log messages stack.	[MsgId: MMSG-10544]
Error -26377: No match found for the requested parameter "Final". Either the specified boundaries were not found in the response or the matched text is longer than current max html parameter size of 256 bytes. The total length of the response is 792 bytes. You can use "web_set_max_html_param_len" to increase the max parameter size.  	[MsgId: MERR-26377]


End auto log messages stack.	[MsgId: MMSG-10544]


Start auto log messages stack - Iteration 754.	[MsgId: MMSG-10545]
    76;} h1 {font-size:22px;} h2 {font-size:16px;} h3 {font-size:14px;} p {font-size:12px;} a 
    {color:black;} .line {height:1px;background-color:#525D76;border:none;}</style></head><bod
    y><h1>HTTP Status 404 \xE2\x80\x93 \xD0\x9D\xD0\xB5 \xD0\xBD\xD0\xB0\xD0\xB9\xD0\xB4\xD0\xB5
    \xD0\xBD\xD0\xBE</h1><hr class="line" /><p><b>Type</b> Status Report</p><p><b>Message</b> 
    The requested resource [&#47;WebApp&#47;AppServlet] is not available</p><p><b>Description<
    /b> The origin server did not find a current representation for the target resource or is 
    not willing to disclose that one exists.</p><hr class="line" /><h3>Apache Tomcat/8.5.58</h
    3></body></html>
Error -26627: HTTP Status-Code=404 (Not Found) for "http://localhost:8080/WebApp/AppServlet"  	[MsgId: MERR-26627]
End auto log messages stack.	[MsgId: MMSG-10544]


Start auto log messages stack - Iteration 754.	[MsgId: MMSG-10545]
t=1330033ms: Closing connection [0] to localhost after receiving status code 404  	[MsgId: MMSG-26000]
t=1330033ms: Closed connection [0] to localhost:8080 after completing 0 request(s)  	[MsgId: MMSG-26000]
t=1330033ms: Request done "http://localhost:8080/WebApp/AppServlet"  	[MsgId: MMSG-26000]
Error -26377: No match found for the requested parameter "Final". Either the specified boundaries were not found in the response or the matched text is longer than current max html parameter size of 256 bytes. The total length of the response is 792 bytes. You can use "web_set_max_html_param_len" to increase the max parameter size.  	[MsgId: MERR-26377]
End auto log messages stack.	[MsgId: MMSG-10544]


Start auto log messages stack - Iteration 1307.	[MsgId: MMSG-10545]
    76;} h1 {font-size:22px;} h2 {font-size:16px;} h3 {font-size:14px;} p {font-size:12px;} a 
    {color:black;} .line {height:1px;background-color:#525D76;border:none;}</style></head><bod
    y><h1>HTTP Status 404 \xE2\x80\x93 \xD0\x9D\xD0\xB5 \xD0\xBD\xD0\xB0\xD0\xB9\xD0\xB4\xD0\xB5
    \xD0\xBD\xD0\xBE</h1><hr class="line" /><p><b>Type</b> Status Report</p><p><b>Message</b> 
    The requested resource [&#47;WebApp&#47;AppServlet] is not available</p><p><b>Description<
    /b> The origin server did not find a current representation for the target resource or is 
    not willing to disclose that one exists.</p><hr class="line" /><h3>Apache Tomcat/8.5.58</h
    3></body></html>
Error -26627: HTTP Status-Code=404 (Not Found) for "http://localhost:8080/WebApp/AppServlet"  	[MsgId: MERR-26627]
End auto log messages stack.	[MsgId: MMSG-10544]


Start auto log messages stack - Iteration 1307.	[MsgId: MMSG-10545]
t=1330208ms: Closing connection [0] to localhost after receiving status code 404  	[MsgId: MMSG-26000]
t=1330208ms: Closed connection [0] to localhost:8080 after completing 0 request(s)  	[MsgId: MMSG-26000]
t=1330208ms: Request done "http://localhost:8080/WebApp/AppServlet"  	[MsgId: MMSG-26000]
Error -26377: No match found for the requested parameter "Final". Either the specified boundaries were not found in the response or the matched text is longer than current max html parameter size of 256 bytes. The total length of the response is 792 bytes. You can use "web_set_max_html_param_len" to increase the max parameter size.  	[MsgId: MERR-26377]
End auto log messages stack.	[MsgId: MMSG-10544]


Start auto log messages stack - Iteration 1319.	[MsgId: MMSG-10545]
    76;} h1 {font-size:22px;} h2 {font-size:16px;} h3 {font-size:14px;} p {font-size:12px;} a 
    {color:black;} .line {height:1px;background-color:#525D76;border:none;}</style></head><bod
    y><h1>HTTP Status 404 \xE2\x80\x93 \xD0\x9D\xD0\xB5 \xD0\xBD\xD0\xB0\xD0\xB9\xD0\xB4\xD0\xB5
    \xD0\xBD\xD0\xBE</h1><hr class="line" /><p><b>Type</b> Status Report</p><p><b>Message</b> 
    The requested resource [&#47;WebApp&#47;AppServlet] is not available</p><p><b>Description<
    /b> The origin server did not find a current representation for the target resource or is 
    not willing to disclose that one exists.</p><hr class="line" /><h3>Apache Tomcat/8.5.58</h
    3></body></html>
Error -26627: HTTP Status-Code=404 (Not Found) for "http://localhost:8080/WebApp/AppServlet"  	[MsgId: MERR-26627]
End auto log messages stack.	[MsgId: MMSG-10544]


Start auto log messages stack - Iteration 1319.	[MsgId: MMSG-10545]
t=1330256ms: Closing connection [0] to localhost after receiving status code 404  	[MsgId: MMSG-26000]
t=1330256ms: Closed connection [0] to localhost:8080 after completing 0 request(s)  	[MsgId: MMSG-26000]
t=1330256ms: Request done "http://localhost:8080/WebApp/AppServlet"  	[MsgId: MMSG-26000]
Error -26377: No match found for the requested parameter "Final". Either the specified boundaries were not found in the response or the matched text is longer than current max html parameter size of 256 bytes. The total length of the response is 792 bytes. You can use "web_set_max_html_param_len" to increase the max parameter size.  	[MsgId: MERR-26377]
End auto log messages stack.	[MsgId: MMSG-10544]


Start auto log messages stack - Iteration 1271.	[MsgId: MMSG-10545]
Start auto log messages stack - Iteration 1295.	[MsgId: MMSG-10545]
    76;} h1 {font-size:22px;} h2 {font-size:16px;} h3 {font-size:14px;} p {font-size:12px;} a 
    {color:black;} .line {height:1px;background-color:#525D76;border:none;}</style></head><bod
    76;} h1 {font-size:22px;} h2 {font-size:16px;} h3 {font-size:14px;} p {font-size:12px;} a 
    y><h1>HTTP Status 404 \xE2\x80\x93 \xD0\x9D\xD0\xB5 \xD0\xBD\xD0\xB0\xD0\xB9\xD0\xB4\xD0\xB5
    {color:black;} .line {height:1px;background-color:#525D76;border:none;}</style></head><bod
    \xD0\xBD\xD0\xBE</h1><hr class="line" /><p><b>Type</b> Status Report</p><p><b>Message</b> 
    y><h1>HTTP Status 404 \xE2\x80\x93 \xD0\x9D\xD0\xB5 \xD0\xBD\xD0\xB0\xD0\xB9\xD0\xB4\xD0\xB5
    The requested resource [&#47;WebApp&#47;AppServlet] is not available</p><p><b>Description<
    \xD0\xBD\xD0\xBE</h1><hr class="line" /><p><b>Type</b> Status Report</p><p><b>Message</b> 
    /b> The origin server did not find a current representation for the target resource or is 
    The requested resource [&#47;WebApp&#47;AppServlet] is not available</p><p><b>Description<
    /b> The origin server did not find a current representation for the target resource or is 
    not willing to disclose that one exists.</p><hr class="line" /><h3>Apache Tomcat/8.5.58</h
    3></body></html>
    not willing to disclose that one exists.</p><hr class="line" /><h3>Apache Tomcat/8.5.58</h
Error -26627: HTTP Status-Code=404 (Not Found) for "http://localhost:8080/WebApp/AppServlet"  	[MsgId: MERR-26627]
    3></body></html>
Error -26627: HTTP Status-Code=404 (Not Found) for "http://localhost:8080/WebApp/AppServlet"  	[MsgId: MERR-26627]
End auto log messages stack.	[MsgId: MMSG-10544]


End auto log messages stack.	[MsgId: MMSG-10544]


Start auto log messages stack - Iteration 1271.	[MsgId: MMSG-10545]
Start auto log messages stack - Iteration 1295.	[MsgId: MMSG-10545]
t=1330260ms: Closing connection [0] to localhost after receiving status code 404  	[MsgId: MMSG-26000]
t=1330260ms: Closing connection [0] to localhost after receiving status code 404  	[MsgId: MMSG-26000]
t=1330261ms: Closed connection [0] to localhost:8080 after completing 0 request(s)  	[MsgId: MMSG-26000]
t=1330261ms: Closed connection [0] to localhost:8080 after completing 0 request(s)  	[MsgId: MMSG-26000]
t=1330261ms: Request done "http://localhost:8080/WebApp/AppServlet"  	[MsgId: MMSG-26000]
t=1330261ms: Request done "http://localhost:8080/WebApp/AppServlet"  	[MsgId: MMSG-26000]
Error -26377: No match found for the requested parameter "Final". Either the specified boundaries were not found in the response or the matched text is longer than current max html parameter size of 256 bytes. The total length of the response is 792 bytes. You can use "web_set_max_html_param_len" to increase the max parameter size.  	[MsgId: MERR-26377]
Error -26377: No match found for the requested parameter "Final". Either the specified boundaries were not found in the response or the matched text is longer than current max html parameter size of 256 bytes. The total length of the response is 792 bytes. You can use "web_set_max_html_param_len" to increase the max parameter size.  	[MsgId: MERR-26377]
End auto log messages stack.	[MsgId: MMSG-10544]
End auto log messages stack.	[MsgId: MMSG-10544]




Start auto log messages stack - Iteration 1259.	[MsgId: MMSG-10545]
    76;} h1 {font-size:22px;} h2 {font-size:16px;} h3 {font-size:14px;} p {font-size:12px;} a 
    {color:black;} .line {height:1px;background-color:#525D76;border:none;}</style></head><bod
    y><h1>HTTP Status 404 \xE2\x80\x93 \xD0\x9D\xD0\xB5 \xD0\xBD\xD0\xB0\xD0\xB9\xD0\xB4\xD0\xB5
    \xD0\xBD\xD0\xBE</h1><hr class="line" /><p><b>Type</b> Status Report</p><p><b>Message</b> 
    The requested resource [&#47;WebApp&#47;AppServlet] is not available</p><p><b>Description<
    /b> The origin server did not find a current representation for the target resource or is 
    not willing to disclose that one exists.</p><hr class="line" /><h3>Apache Tomcat/8.5.58</h
    3></body></html>
Error -26627: HTTP Status-Code=404 (Not Found) for "http://localhost:8080/WebApp/AppServlet"  	[MsgId: MERR-26627]
End auto log messages stack.	[MsgId: MMSG-10544]


Start auto log messages stack - Iteration 1259.	[MsgId: MMSG-10545]
t=1330263ms: Closing connection [0] to localhost after receiving status code 404  	[MsgId: MMSG-26000]
t=1330263ms: Closed connection [0] to localhost:8080 after completing 0 request(s)  	[MsgId: MMSG-26000]
t=1330263ms: Request done "http://localhost:8080/WebApp/AppServlet"  	[MsgId: MMSG-26000]
Error -26377: No match found for the requested parameter "Final". Either the specified boundaries were not found in the response or the matched text is longer than current max html parameter size of 256 bytes. The total length of the response is 792 bytes. You can use "web_set_max_html_param_len" to increase the max parameter size.  	[MsgId: MERR-26377]
End auto log messages stack.	[MsgId: MMSG-10544]


Start auto log messages stack - Iteration 1283.	[MsgId: MMSG-10545]
    76;} h1 {font-size:22px;} h2 {font-size:16px;} h3 {font-size:14px;} p {font-size:12px;} a 
    {color:black;} .line {height:1px;background-color:#525D76;border:none;}</style></head><bod
    y><h1>HTTP Status 404 \xE2\x80\x93 \xD0\x9D\xD0\xB5 \xD0\xBD\xD0\xB0\xD0\xB9\xD0\xB4\xD0\xB5
    \xD0\xBD\xD0\xBE</h1><hr class="line" /><p><b>Type</b> Status Report</p><p><b>Message</b> 
    The requested resource [&#47;WebApp&#47;AppServlet] is not available</p><p><b>Description<
    /b> The origin server did not find a current representation for the target resource or is 
    not willing to disclose that one exists.</p><hr class="line" /><h3>Apache Tomcat/8.5.58</h
    3></body></html>
Error -26627: HTTP Status-Code=404 (Not Found) for "http://localhost:8080/WebApp/AppServlet"  	[MsgId: MERR-26627]
End auto log messages stack.	[MsgId: MMSG-10544]


Start auto log messages stack - Iteration 1283.	[MsgId: MMSG-10545]
t=1330283ms: Closing connection [0] to localhost after receiving status code 404  	[MsgId: MMSG-26000]
t=1330283ms: Closed connection [0] to localhost:8080 after completing 0 request(s)  	[MsgId: MMSG-26000]
t=1330283ms: Request done "http://localhost:8080/WebApp/AppServlet"  	[MsgId: MMSG-26000]
Error -26377: No match found for the requested parameter "Final". Either the specified boundaries were not found in the response or the matched text is longer than current max html parameter size of 256 bytes. The total length of the response is 792 bytes. You can use "web_set_max_html_param_len" to increase the max parameter size.  	[MsgId: MERR-26377]
End auto log messages stack.	[MsgId: MMSG-10544]


Start auto log messages stack - Iteration 1223.	[MsgId: MMSG-10545]
Start auto log messages stack - Iteration 1330.	[MsgId: MMSG-10545]
    76;} h1 {font-size:22px;} h2 {font-size:16px;} h3 {font-size:14px;} p {font-size:12px;} a 
    76;} h1 {font-size:22px;} h2 {font-size:16px;} h3 {font-size:14px;} p {font-size:12px;} a 
    {color:black;} .line {height:1px;background-color:#525D76;border:none;}</style></head><bod
    {color:black;} .line {height:1px;background-color:#525D76;border:none;}</style></head><bod
    y><h1>HTTP Status 404 \xE2\x80\x93 \xD0\x9D\xD0\xB5 \xD0\xBD\xD0\xB0\xD0\xB9\xD0\xB4\xD0\xB5
    y><h1>HTTP Status 404 \xE2\x80\x93 \xD0\x9D\xD0\xB5 \xD0\xBD\xD0\xB0\xD0\xB9\xD0\xB4\xD0\xB5
    \xD0\xBD\xD0\xBE</h1><hr class="line" /><p><b>Type</b> Status Report</p><p><b>Message</b> 
    \xD0\xBD\xD0\xBE</h1><hr class="line" /><p><b>Type</b> Status Report</p><p><b>Message</b> 
    The requested resource [&#47;WebApp&#47;AppServlet] is not available</p><p><b>Description<
    The requested resource [&#47;WebApp&#47;AppServlet] is not available</p><p><b>Description<
    /b> The origin server did not find a current representation for the target resource or is 
    /b> The origin server did not find a current representation for the target resource or is 
Start auto log messages stack - Iteration 1187.	[MsgId: MMSG-10545]
    76;} h1 {font-size:22px;} h2 {font-size:16px;} h3 {font-size:14px;} p {font-size:12px;} a 
    {color:black;} .line {height:1px;background-color:#525D76;border:none;}</style></head><bod
    y><h1>HTTP Status 404 \xE2\x80\x93 \xD0\x9D\xD0\xB5 \xD0\xBD\xD0\xB0\xD0\xB9\xD0\xB4\xD0\xB5
    \xD0\xBD\xD0\xBE</h1><hr class="line" /><p><b>Type</b> Status Report</p><p><b>Message</b> 
    The requested resource [&#47;WebApp&#47;AppServlet] is not available</p><p><b>Description<
    /b> The origin server did not find a current representation for the target resource or is 
Start auto log messages stack - Iteration 1235.	[MsgId: MMSG-10545]
    not willing to disclose that one exists.</p><hr class="line" /><h3>Apache Tomcat/8.5.58</h
    not willing to disclose that one exists.</p><hr class="line" /><h3>Apache Tomcat/8.5.58</h
    not willing to disclose that one exists.</p><hr class="line" /><h3>Apache Tomcat/8.5.58</h
    3></body></html>
    3></body></html>
    3></body></html>
Error -26627: HTTP Status-Code=404 (Not Found) for "http://localhost:8080/WebApp/AppServlet"  	[MsgId: MERR-26627]
Error -26627: HTTP Status-Code=404 (Not Found) for "http://localhost:8080/WebApp/AppServlet"  	[MsgId: MERR-26627]
Error -26627: HTTP Status-Code=404 (Not Found) for "http://localhost:8080/WebApp/AppServlet"  	[MsgId: MERR-26627]
End auto log messages stack.	[MsgId: MMSG-10544]
End auto log messages stack.	[MsgId: MMSG-10544]
End auto log messages stack.	[MsgId: MMSG-10544]






    76;} h1 {font-size:22px;} h2 {font-size:16px;} h3 {font-size:14px;} p {font-size:12px;} a 
    {color:black;} .line {height:1px;background-color:#525D76;border:none;}</style></head><bod
    y><h1>HTTP Status 404 \xE2\x80\x93 \xD0\x9D\xD0\xB5 \xD0\xBD\xD0\xB0\xD0\xB9\xD0\xB4\xD0\xB5
Start auto log messages stack - Iteration 1223.	[MsgId: MMSG-10545]
Start auto log messages stack - Iteration 1330.	[MsgId: MMSG-10545]
Start auto log messages stack - Iteration 1187.	[MsgId: MMSG-10545]
t=1330427ms: Closing connection [0] to localhost after receiving status code 404  	[MsgId: MMSG-26000]
t=1330427ms: Closing connection [0] to localhost after receiving status code 404  	[MsgId: MMSG-26000]
    \xD0\xBD\xD0\xBE</h1><hr class="line" /><p><b>Type</b> Status Report</p><p><b>Message</b> 
t=1330427ms: Closing connection [0] to localhost after receiving status code 404  	[MsgId: MMSG-26000]
t=1330427ms: Closed connection [0] to localhost:8080 after completing 0 request(s)  	[MsgId: MMSG-26000]
t=1330427ms: Closed connection [0] to localhost:8080 after completing 0 request(s)  	[MsgId: MMSG-26000]
t=1330427ms: Closed connection [0] to localhost:8080 after completing 0 request(s)  	[MsgId: MMSG-26000]
t=1330427ms: Request done "http://localhost:8080/WebApp/AppServlet"  	[MsgId: MMSG-26000]
    The requested resource [&#47;WebApp&#47;AppServlet] is not available</p><p><b>Description<
t=1330427ms: Request done "http://localhost:8080/WebApp/AppServlet"  	[MsgId: MMSG-26000]
t=1330427ms: Request done "http://localhost:8080/WebApp/AppServlet"  	[MsgId: MMSG-26000]
Error -26377: No match found for the requested parameter "Final". Either the specified boundaries were not found in the response or the matched text is longer than current max html parameter size of 256 bytes. The total length of the response is 792 bytes. You can use "web_set_max_html_param_len" to increase the max parameter size.  	[MsgId: MERR-26377]
Error -26377: No match found for the requested parameter "Final". Either the specified boundaries were not found in the response or the matched text is longer than current max html parameter size of 256 bytes. The total length of the response is 792 bytes. You can use "web_set_max_html_param_len" to increase the max parameter size.  	[MsgId: MERR-26377]
    /b> The origin server did not find a current representation for the target resource or is 
Error -26377: No match found for the requested parameter "Final". Either the specified boundaries were not found in the response or the matched text is longer than current max html parameter size of 256 bytes. The total length of the response is 792 bytes. You can use "web_set_max_html_param_len" to increase the max parameter size.  	[MsgId: MERR-26377]
End auto log messages stack.	[MsgId: MMSG-10544]
End auto log messages stack.	[MsgId: MMSG-10544]




End auto log messages stack.	[MsgId: MMSG-10544]


    not willing to disclose that one exists.</p><hr class="line" /><h3>Apache Tomcat/8.5.58</h
    3></body></html>
Error -26627: HTTP Status-Code=404 (Not Found) for "http://localhost:8080/WebApp/AppServlet"  	[MsgId: MERR-26627]
End auto log messages stack.	[MsgId: MMSG-10544]


Start auto log messages stack - Iteration 1235.	[MsgId: MMSG-10545]
t=1330427ms: Closing connection [0] to localhost after receiving status code 404  	[MsgId: MMSG-26000]
t=1330427ms: Closed connection [0] to localhost:8080 after completing 0 request(s)  	[MsgId: MMSG-26000]
t=1330428ms: Request done "http://localhost:8080/WebApp/AppServlet"  	[MsgId: MMSG-26000]
Error -26377: No match found for the requested parameter "Final". Either the specified boundaries were not found in the response or the matched text is longer than current max html parameter size of 256 bytes. The total length of the response is 792 bytes. You can use "web_set_max_html_param_len" to increase the max parameter size.  	[MsgId: MERR-26377]
End auto log messages stack.	[MsgId: MMSG-10544]


Start auto log messages stack - Iteration 1211.	[MsgId: MMSG-10545]
Start auto log messages stack - Iteration 1247.	[MsgId: MMSG-10545]
    76;} h1 {font-size:22px;} h2 {font-size:16px;} h3 {font-size:14px;} p {font-size:12px;} a 
    76;} h1 {font-size:22px;} h2 {font-size:16px;} h3 {font-size:14px;} p {font-size:12px;} a 
    {color:black;} .line {height:1px;background-color:#525D76;border:none;}</style></head><bod
    {color:black;} .line {height:1px;background-color:#525D76;border:none;}</style></head><bod
    y><h1>HTTP Status 404 \xE2\x80\x93 \xD0\x9D\xD0\xB5 \xD0\xBD\xD0\xB0\xD0\xB9\xD0\xB4\xD0\xB5
    y><h1>HTTP Status 404 \xE2\x80\x93 \xD0\x9D\xD0\xB5 \xD0\xBD\xD0\xB0\xD0\xB9\xD0\xB4\xD0\xB5
    \xD0\xBD\xD0\xBE</h1><hr class="line" /><p><b>Type</b> Status Report</p><p><b>Message</b> 
    \xD0\xBD\xD0\xBE</h1><hr class="line" /><p><b>Type</b> Status Report</p><p><b>Message</b> 
    The requested resource [&#47;WebApp&#47;AppServlet] is not available</p><p><b>Description<
    The requested resource [&#47;WebApp&#47;AppServlet] is not available</p><p><b>Description<
    /b> The origin server did not find a current representation for the target resource or is 
    /b> The origin server did not find a current representation for the target resource or is 
    not willing to disclose that one exists.</p><hr class="line" /><h3>Apache Tomcat/8.5.58</h
    not willing to disclose that one exists.</p><hr class="line" /><h3>Apache Tomcat/8.5.58</h
    3></body></html>
    3></body></html>
Error -26627: HTTP Status-Code=404 (Not Found) for "http://localhost:8080/WebApp/AppServlet"  	[MsgId: MERR-26627]
Error -26627: HTTP Status-Code=404 (Not Found) for "http://localhost:8080/WebApp/AppServlet"  	[MsgId: MERR-26627]
End auto log messages stack.	[MsgId: MMSG-10544]
End auto log messages stack.	[MsgId: MMSG-10544]




Start auto log messages stack - Iteration 1247.	[MsgId: MMSG-10545]
Start auto log messages stack - Iteration 1211.	[MsgId: MMSG-10545]
t=1330451ms: Closing connection [0] to localhost after receiving status code 404  	[MsgId: MMSG-26000]
t=1330451ms: Closing connection [0] to localhost after receiving status code 404  	[MsgId: MMSG-26000]
t=1330451ms: Closed connection [0] to localhost:8080 after completing 0 request(s)  	[MsgId: MMSG-26000]
t=1330451ms: Closed connection [0] to localhost:8080 after completing 0 request(s)  	[MsgId: MMSG-26000]
t=1330451ms: Request done "http://localhost:8080/WebApp/AppServlet"  	[MsgId: MMSG-26000]
t=1330451ms: Request done "http://localhost:8080/WebApp/AppServlet"  	[MsgId: MMSG-26000]
Error -26377: No match found for the requested parameter "Final". Either the specified boundaries were not found in the response or the matched text is longer than current max html parameter size of 256 bytes. The total length of the response is 792 bytes. You can use "web_set_max_html_param_len" to increase the max parameter size.  	[MsgId: MERR-26377]
Error -26377: No match found for the requested parameter "Final". Either the specified boundaries were not found in the response or the matched text is longer than current max html parameter size of 256 bytes. The total length of the response is 792 bytes. You can use "web_set_max_html_param_len" to increase the max parameter size.  	[MsgId: MERR-26377]
End auto log messages stack.	[MsgId: MMSG-10544]


End auto log messages stack.	[MsgId: MMSG-10544]


Start auto log messages stack - Iteration 1199.	[MsgId: MMSG-10545]
    76;} h1 {font-size:22px;} h2 {font-size:16px;} h3 {font-size:14px;} p {font-size:12px;} a 
    {color:black;} .line {height:1px;background-color:#525D76;border:none;}</style></head><bod
    y><h1>HTTP Status 404 \xE2\x80\x93 \xD0\x9D\xD0\xB5 \xD0\xBD\xD0\xB0\xD0\xB9\xD0\xB4\xD0\xB5
    \xD0\xBD\xD0\xBE</h1><hr class="line" /><p><b>Type</b> Status Report</p><p><b>Message</b> 
    The requested resource [&#47;WebApp&#47;AppServlet] is not available</p><p><b>Description<
    /b> The origin server did not find a current representation for the target resource or is 
    not willing to disclose that one exists.</p><hr class="line" /><h3>Apache Tomcat/8.5.58</h
    3></body></html>
Error -26627: HTTP Status-Code=404 (Not Found) for "http://localhost:8080/WebApp/AppServlet"  	[MsgId: MERR-26627]
End auto log messages stack.	[MsgId: MMSG-10544]


Start auto log messages stack - Iteration 1199.	[MsgId: MMSG-10545]
t=1330464ms: Closing connection [0] to localhost after receiving status code 404  	[MsgId: MMSG-26000]
t=1330464ms: Closed connection [0] to localhost:8080 after completing 0 request(s)  	[MsgId: MMSG-26000]
t=1330464ms: Request done "http://localhost:8080/WebApp/AppServlet"  	[MsgId: MMSG-26000]
Error -26377: No match found for the requested parameter "Final". Either the specified boundaries were not found in the response or the matched text is longer than current max html parameter size of 256 bytes. The total length of the response is 792 bytes. You can use "web_set_max_html_param_len" to increase the max parameter size.  	[MsgId: MERR-26377]
End auto log messages stack.	[MsgId: MMSG-10544]


Start auto log messages stack - Iteration 1163.	[MsgId: MMSG-10545]
    76;} h1 {font-size:22px;} h2 {font-size:16px;} h3 {font-size:14px;} p {font-size:12px;} a 
    {color:black;} .line {height:1px;background-color:#525D76;border:none;}</style></head><bod
    y><h1>HTTP Status 404 \xE2\x80\x93 \xD0\x9D\xD0\xB5 \xD0\xBD\xD0\xB0\xD0\xB9\xD0\xB4\xD0\xB5
    \xD0\xBD\xD0\xBE</h1><hr class="line" /><p><b>Type</b> Status Report</p><p><b>Message</b> 
    The requested resource [&#47;WebApp&#47;AppServlet] is not available</p><p><b>Description<
    /b> The origin server did not find a current representation for the target resource or is 
    not willing to disclose that one exists.</p><hr class="line" /><h3>Apache Tomcat/8.5.58</h
    3></body></html>
Error -26627: HTTP Status-Code=404 (Not Found) for "http://localhost:8080/WebApp/AppServlet"  	[MsgId: MERR-26627]
End auto log messages stack.	[MsgId: MMSG-10544]


Start auto log messages stack - Iteration 1163.	[MsgId: MMSG-10545]
t=1330467ms: Closing connection [0] to localhost after receiving status code 404  	[MsgId: MMSG-26000]
t=1330467ms: Closed connection [0] to localhost:8080 after completing 0 request(s)  	[MsgId: MMSG-26000]
t=1330467ms: Request done "http://localhost:8080/WebApp/AppServlet"  	[MsgId: MMSG-26000]
Error -26377: No match found for the requested parameter "Final". Either the specified boundaries were not found in the response or the matched text is longer than current max html parameter size of 256 bytes. The total length of the response is 792 bytes. You can use "web_set_max_html_param_len" to increase the max parameter size.  	[MsgId: MERR-26377]
End auto log messages stack.	[MsgId: MMSG-10544]


Start auto log messages stack - Iteration 1175.	[MsgId: MMSG-10545]
    76;} h1 {font-size:22px;} h2 {font-size:16px;} h3 {font-size:14px;} p {font-size:12px;} a 
    {color:black;} .line {height:1px;background-color:#525D76;border:none;}</style></head><bod
    y><h1>HTTP Status 404 \xE2\x80\x93 \xD0\x9D\xD0\xB5 \xD0\xBD\xD0\xB0\xD0\xB9\xD0\xB4\xD0\xB5
    \xD0\xBD\xD0\xBE</h1><hr class="line" /><p><b>Type</b> Status Report</p><p><b>Message</b> 
    The requested resource [&#47;WebApp&#47;AppServlet] is not available</p><p><b>Description<
    /b> The origin server did not find a current representation for the target resource or is 
    not willing to disclose that one exists.</p><hr class="line" /><h3>Apache Tomcat/8.5.58</h
    3></body></html>
Error -26627: HTTP Status-Code=404 (Not Found) for "http://localhost:8080/WebApp/AppServlet"  	[MsgId: MERR-26627]
End auto log messages stack.	[MsgId: MMSG-10544]


Start auto log messages stack - Iteration 1175.	[MsgId: MMSG-10545]
t=1330476ms: Closing connection [0] to localhost after receiving status code 404  	[MsgId: MMSG-26000]
t=1330476ms: Closed connection [0] to localhost:8080 after completing 0 request(s)  	[MsgId: MMSG-26000]
t=1330476ms: Request done "http://localhost:8080/WebApp/AppServlet"  	[MsgId: MMSG-26000]
Error -26377: No match found for the requested parameter "Final". Either the specified boundaries were not found in the response or the matched text is longer than current max html parameter size of 256 bytes. The total length of the response is 792 bytes. You can use "web_set_max_html_param_len" to increase the max parameter size.  	[MsgId: MERR-26377]
End auto log messages stack.	[MsgId: MMSG-10544]


Start auto log messages stack - Iteration 1151.	[MsgId: MMSG-10545]
Start auto log messages stack - Iteration 1079.	[MsgId: MMSG-10545]
    76;} h1 {font-size:22px;} h2 {font-size:16px;} h3 {font-size:14px;} p {font-size:12px;} a 
    76;} h1 {font-size:22px;} h2 {font-size:16px;} h3 {font-size:14px;} p {font-size:12px;} a 
    {color:black;} .line {height:1px;background-color:#525D76;border:none;}</style></head><bod
    {color:black;} .line {height:1px;background-color:#525D76;border:none;}</style></head><bod
    y><h1>HTTP Status 404 \xE2\x80\x93 \xD0\x9D\xD0\xB5 \xD0\xBD\xD0\xB0\xD0\xB9\xD0\xB4\xD0\xB5
    y><h1>HTTP Status 404 \xE2\x80\x93 \xD0\x9D\xD0\xB5 \xD0\xBD\xD0\xB0\xD0\xB9\xD0\xB4\xD0\xB5
    \xD0\xBD\xD0\xBE</h1><hr class="line" /><p><b>Type</b> Status Report</p><p><b>Message</b> 
    \xD0\xBD\xD0\xBE</h1><hr class="line" /><p><b>Type</b> Status Report</p><p><b>Message</b> 
Start auto log messages stack - Iteration 1103.	[MsgId: MMSG-10545]
    The requested resource [&#47;WebApp&#47;AppServlet] is not available</p><p><b>Description<
    The requested resource [&#47;WebApp&#47;AppServlet] is not available</p><p><b>Description<
    /b> The origin server did not find a current representation for the target resource or is 
    /b> The origin server did not find a current representation for the target resource or is 
    not willing to disclose that one exists.</p><hr class="line" /><h3>Apache Tomcat/8.5.58</h
    not willing to disclose that one exists.</p><hr class="line" /><h3>Apache Tomcat/8.5.58</h
    3></body></html>
    3></body></html>
Error -26627: HTTP Status-Code=404 (Not Found) for "http://localhost:8080/WebApp/AppServlet"  	[MsgId: MERR-26627]
Error -26627: HTTP Status-Code=404 (Not Found) for "http://localhost:8080/WebApp/AppServlet"  	[MsgId: MERR-26627]
    76;} h1 {font-size:22px;} h2 {font-size:16px;} h3 {font-size:14px;} p {font-size:12px;} a 
    {color:black;} .line {height:1px;background-color:#525D76;border:none;}</style></head><bod
End auto log messages stack.	[MsgId: MMSG-10544]
End auto log messages stack.	[MsgId: MMSG-10544]
    y><h1>HTTP Status 404 \xE2\x80\x93 \xD0\x9D\xD0\xB5 \xD0\xBD\xD0\xB0\xD0\xB9\xD0\xB4\xD0\xB5




    \xD0\xBD\xD0\xBE</h1><hr class="line" /><p><b>Type</b> Status Report</p><p><b>Message</b> 
    The requested resource [&#47;WebApp&#47;AppServlet] is not available</p><p><b>Description<
    /b> The origin server did not find a current representation for the target resource or is 
Start auto log messages stack - Iteration 1079.	[MsgId: MMSG-10545]
Start auto log messages stack - Iteration 1151.	[MsgId: MMSG-10545]
t=1330524ms: Closing connection [0] to localhost after receiving status code 404  	[MsgId: MMSG-26000]
t=1330524ms: Closing connection [0] to localhost after receiving status code 404  	[MsgId: MMSG-26000]
t=1330524ms: Closed connection [0] to localhost:8080 after completing 0 request(s)  	[MsgId: MMSG-26000]
t=1330524ms: Closed connection [0] to localhost:8080 after completing 0 request(s)  	[MsgId: MMSG-26000]
t=1330524ms: Request done "http://localhost:8080/WebApp/AppServlet"  	[MsgId: MMSG-26000]
t=1330524ms: Request done "http://localhost:8080/WebApp/AppServlet"  	[MsgId: MMSG-26000]
    not willing to disclose that one exists.</p><hr class="line" /><h3>Apache Tomcat/8.5.58</h
Error -26377: No match found for the requested parameter "Final". Either the specified boundaries were not found in the response or the matched text is longer than current max html parameter size of 256 bytes. The total length of the response is 792 bytes. You can use "web_set_max_html_param_len" to increase the max parameter size.  	[MsgId: MERR-26377]
    3></body></html>
Error -26377: No match found for the requested parameter "Final". Either the specified boundaries were not found in the response or the matched text is longer than current max html parameter size of 256 bytes. The total length of the response is 792 bytes. You can use "web_set_max_html_param_len" to increase the max parameter size.  	[MsgId: MERR-26377]
Error -26627: HTTP Status-Code=404 (Not Found) for "http://localhost:8080/WebApp/AppServlet"  	[MsgId: MERR-26627]
End auto log messages stack.	[MsgId: MMSG-10544]
End auto log messages stack.	[MsgId: MMSG-10544]




End auto log messages stack.	[MsgId: MMSG-10544]


Start auto log messages stack - Iteration 1031.	[MsgId: MMSG-10545]
Start auto log messages stack - Iteration 1103.	[MsgId: MMSG-10545]
t=1330525ms: Closing connection [0] to localhost after receiving status code 404  	[MsgId: MMSG-26000]
t=1330525ms: Closed connection [0] to localhost:8080 after completing 0 request(s)  	[MsgId: MMSG-26000]
t=1330525ms: Request done "http://localhost:8080/WebApp/AppServlet"  	[MsgId: MMSG-26000]
Error -26377: No match found for the requested parameter "Final". Either the specified boundaries were not found in the response or the matched text is longer than current max html parameter size of 256 bytes. The total length of the response is 792 bytes. You can use "web_set_max_html_param_len" to increase the max parameter size.  	[MsgId: MERR-26377]
End auto log messages stack.	[MsgId: MMSG-10544]


    76;} h1 {font-size:22px;} h2 {font-size:16px;} h3 {font-size:14px;} p {font-size:12px;} a 
    {color:black;} .line {height:1px;background-color:#525D76;border:none;}</style></head><bod
    y><h1>HTTP Status 404 \xE2\x80\x93 \xD0\x9D\xD0\xB5 \xD0\xBD\xD0\xB0\xD0\xB9\xD0\xB4\xD0\xB5
    \xD0\xBD\xD0\xBE</h1><hr class="line" /><p><b>Type</b> Status Report</p><p><b>Message</b> 
    The requested resource [&#47;WebApp&#47;AppServlet] is not available</p><p><b>Description<
    /b> The origin server did not find a current representation for the target resource or is 
    not willing to disclose that one exists.</p><hr class="line" /><h3>Apache Tomcat/8.5.58</h
    3></body></html>
Error -26627: HTTP Status-Code=404 (Not Found) for "http://localhost:8080/WebApp/AppServlet"  	[MsgId: MERR-26627]
End auto log messages stack.	[MsgId: MMSG-10544]


Start auto log messages stack - Iteration 1031.	[MsgId: MMSG-10545]
t=1330526ms: Closing connection [0] to localhost after receiving status code 404  	[MsgId: MMSG-26000]
t=1330526ms: Closed connection [0] to localhost:8080 after completing 0 request(s)  	[MsgId: MMSG-26000]
t=1330526ms: Request done "http://localhost:8080/WebApp/AppServlet"  	[MsgId: MMSG-26000]
Error -26377: No match found for the requested parameter "Final". Either the specified boundaries were not found in the response or the matched text is longer than current max html parameter size of 256 bytes. The total length of the response is 792 bytes. You can use "web_set_max_html_param_len" to increase the max parameter size.  	[MsgId: MERR-26377]
End auto log messages stack.	[MsgId: MMSG-10544]


Start auto log messages stack - Iteration 1127.	[MsgId: MMSG-10545]
    76;} h1 {font-size:22px;} h2 {font-size:16px;} h3 {font-size:14px;} p {font-size:12px;} a 
    {color:black;} .line {height:1px;background-color:#525D76;border:none;}</style></head><bod
    y><h1>HTTP Status 404 \xE2\x80\x93 \xD0\x9D\xD0\xB5 \xD0\xBD\xD0\xB0\xD0\xB9\xD0\xB4\xD0\xB5
    \xD0\xBD\xD0\xBE</h1><hr class="line" /><p><b>Type</b> Status Report</p><p><b>Message</b> 
    The requested resource [&#47;WebApp&#47;AppServlet] is not available</p><p><b>Description<
    /b> The origin server did not find a current representation for the target resource or is 
    not willing to disclose that one exists.</p><hr class="line" /><h3>Apache Tomcat/8.5.58</h
    3></body></html>
Error -26627: HTTP Status-Code=404 (Not Found) for "http://localhost:8080/WebApp/AppServlet"  	[MsgId: MERR-26627]
End auto log messages stack.	[MsgId: MMSG-10544]


Start auto log messages stack - Iteration 1127.	[MsgId: MMSG-10545]
t=1330529ms: Closing connection [0] to localhost after receiving status code 404  	[MsgId: MMSG-26000]
t=1330529ms: Closed connection [0] to localhost:8080 after completing 0 request(s)  	[MsgId: MMSG-26000]
t=1330529ms: Request done "http://localhost:8080/WebApp/AppServlet"  	[MsgId: MMSG-26000]
Error -26377: No match found for the requested parameter "Final". Either the specified boundaries were not found in the response or the matched text is longer than current max html parameter size of 256 bytes. The total length of the response is 792 bytes. You can use "web_set_max_html_param_len" to increase the max parameter size.  	[MsgId: MERR-26377]
End auto log messages stack.	[MsgId: MMSG-10544]


Start auto log messages stack - Iteration 1055.	[MsgId: MMSG-10545]
    76;} h1 {font-size:22px;} h2 {font-size:16px;} h3 {font-size:14px;} p {font-size:12px;} a 
    {color:black;} .line {height:1px;background-color:#525D76;border:none;}</style></head><bod
    y><h1>HTTP Status 404 \xE2\x80\x93 \xD0\x9D\xD0\xB5 \xD0\xBD\xD0\xB0\xD0\xB9\xD0\xB4\xD0\xB5
    \xD0\xBD\xD0\xBE</h1><hr class="line" /><p><b>Type</b> Status Report</p><p><b>Message</b> 
    The requested resource [&#47;WebApp&#47;AppServlet] is not available</p><p><b>Description<
    /b> The origin server did not find a current representation for the target resource or is 
    not willing to disclose that one exists.</p><hr class="line" /><h3>Apache Tomcat/8.5.58</h
    3></body></html>
Error -26627: HTTP Status-Code=404 (Not Found) for "http://localhost:8080/WebApp/AppServlet"  	[MsgId: MERR-26627]
End auto log messages stack.	[MsgId: MMSG-10544]


Start auto log messages stack - Iteration 1055.	[MsgId: MMSG-10545]
t=1330538ms: Closing connection [0] to localhost after receiving status code 404  	[MsgId: MMSG-26000]
t=1330538ms: Closed connection [0] to localhost:8080 after completing 0 request(s)  	[MsgId: MMSG-26000]
t=1330538ms: Request done "http://localhost:8080/WebApp/AppServlet"  	[MsgId: MMSG-26000]
Error -26377: No match found for the requested parameter "Final". Either the specified boundaries were not found in the response or the matched text is longer than current max html parameter size of 256 bytes. The total length of the response is 792 bytes. You can use "web_set_max_html_param_len" to increase the max parameter size.  	[MsgId: MERR-26377]
End auto log messages stack.	[MsgId: MMSG-10544]


Start auto log messages stack - Iteration 1043.	[MsgId: MMSG-10545]
    76;} h1 {font-size:22px;} h2 {font-size:16px;} h3 {font-size:14px;} p {font-size:12px;} a 
    {color:black;} .line {height:1px;background-color:#525D76;border:none;}</style></head><bod
    y><h1>HTTP Status 404 \xE2\x80\x93 \xD0\x9D\xD0\xB5 \xD0\xBD\xD0\xB0\xD0\xB9\xD0\xB4\xD0\xB5
    \xD0\xBD\xD0\xBE</h1><hr class="line" /><p><b>Type</b> Status Report</p><p><b>Message</b> 
    The requested resource [&#47;WebApp&#47;AppServlet] is not available</p><p><b>Description<
    /b> The origin server did not find a current representation for the target resource or is 
    not willing to disclose that one exists.</p><hr class="line" /><h3>Apache Tomcat/8.5.58</h
    3></body></html>
Error -26627: HTTP Status-Code=404 (Not Found) for "http://localhost:8080/WebApp/AppServlet"  	[MsgId: MERR-26627]
End auto log messages stack.	[MsgId: MMSG-10544]


Start auto log messages stack - Iteration 1043.	[MsgId: MMSG-10545]
t=1330541ms: Closing connection [0] to localhost after receiving status code 404  	[MsgId: MMSG-26000]
t=1330541ms: Closed connection [0] to localhost:8080 after completing 0 request(s)  	[MsgId: MMSG-26000]
t=1330541ms: Request done "http://localhost:8080/WebApp/AppServlet"  	[MsgId: MMSG-26000]
Error -26377: No match found for the requested parameter "Final". Either the specified boundaries were not found in the response or the matched text is longer than current max html parameter size of 256 bytes. The total length of the response is 792 bytes. You can use "web_set_max_html_param_len" to increase the max parameter size.  	[MsgId: MERR-26377]
End auto log messages stack.	[MsgId: MMSG-10544]


Start auto log messages stack - Iteration 1067.	[MsgId: MMSG-10545]
    76;} h1 {font-size:22px;} h2 {font-size:16px;} h3 {font-size:14px;} p {font-size:12px;} a 
    {color:black;} .line {height:1px;background-color:#525D76;border:none;}</style></head><bod
    y><h1>HTTP Status 404 \xE2\x80\x93 \xD0\x9D\xD0\xB5 \xD0\xBD\xD0\xB0\xD0\xB9\xD0\xB4\xD0\xB5
    \xD0\xBD\xD0\xBE</h1><hr class="line" /><p><b>Type</b> Status Report</p><p><b>Message</b> 
    The requested resource [&#47;WebApp&#47;AppServlet] is not available</p><p><b>Description<
    /b> The origin server did not find a current representation for the target resource or is 
    not willing to disclose that one exists.</p><hr class="line" /><h3>Apache Tomcat/8.5.58</h
    3></body></html>
Error -26627: HTTP Status-Code=404 (Not Found) for "http://localhost:8080/WebApp/AppServlet"  	[MsgId: MERR-26627]
End auto log messages stack.	[MsgId: MMSG-10544]


Start auto log messages stack - Iteration 1067.	[MsgId: MMSG-10545]
t=1330545ms: Closing connection [0] to localhost after receiving status code 404  	[MsgId: MMSG-26000]
t=1330545ms: Closed connection [0] to localhost:8080 after completing 0 request(s)  	[MsgId: MMSG-26000]
t=1330545ms: Request done "http://localhost:8080/WebApp/AppServlet"  	[MsgId: MMSG-26000]
Error -26377: No match found for the requested parameter "Final". Either the specified boundaries were not found in the response or the matched text is longer than current max html parameter size of 256 bytes. The total length of the response is 792 bytes. You can use "web_set_max_html_param_len" to increase the max parameter size.  	[MsgId: MERR-26377]
End auto log messages stack.	[MsgId: MMSG-10544]


Start auto log messages stack - Iteration 1115.	[MsgId: MMSG-10545]
    76;} h1 {font-size:22px;} h2 {font-size:16px;} h3 {font-size:14px;} p {font-size:12px;} a 
    {color:black;} .line {height:1px;background-color:#525D76;border:none;}</style></head><bod
    y><h1>HTTP Status 404 \xE2\x80\x93 \xD0\x9D\xD0\xB5 \xD0\xBD\xD0\xB0\xD0\xB9\xD0\xB4\xD0\xB5
    \xD0\xBD\xD0\xBE</h1><hr class="line" /><p><b>Type</b> Status Report</p><p><b>Message</b> 
    The requested resource [&#47;WebApp&#47;AppServlet] is not available</p><p><b>Description<
    /b> The origin server did not find a current representation for the target resource or is 
    not willing to disclose that one exists.</p><hr class="line" /><h3>Apache Tomcat/8.5.58</h
    3></body></html>
Error -26627: HTTP Status-Code=404 (Not Found) for "http://localhost:8080/WebApp/AppServlet"  	[MsgId: MERR-26627]
End auto log messages stack.	[MsgId: MMSG-10544]


Start auto log messages stack - Iteration 1115.	[MsgId: MMSG-10545]
t=1330561ms: Closing connection [0] to localhost after receiving status code 404  	[MsgId: MMSG-26000]
t=1330561ms: Closed connection [0] to localhost:8080 after completing 0 request(s)  	[MsgId: MMSG-26000]
t=1330561ms: Request done "http://localhost:8080/WebApp/AppServlet"  	[MsgId: MMSG-26000]
Error -26377: No match found for the requested parameter "Final". Either the specified boundaries were not found in the response or the matched text is longer than current max html parameter size of 256 bytes. The total length of the response is 792 bytes. You can use "web_set_max_html_param_len" to increase the max parameter size.  	[MsgId: MERR-26377]
End auto log messages stack.	[MsgId: MMSG-10544]


Start auto log messages stack - Iteration 1007.	[MsgId: MMSG-10545]
    76;} h1 {font-size:22px;} h2 {font-size:16px;} h3 {font-size:14px;} p {font-size:12px;} a 
    {color:black;} .line {height:1px;background-color:#525D76;border:none;}</style></head><bod
    y><h1>HTTP Status 404 \xE2\x80\x93 \xD0\x9D\xD0\xB5 \xD0\xBD\xD0\xB0\xD0\xB9\xD0\xB4\xD0\xB5
    \xD0\xBD\xD0\xBE</h1><hr class="line" /><p><b>Type</b> Status Report</p><p><b>Message</b> 
    The requested resource [&#47;WebApp&#47;AppServlet] is not available</p><p><b>Description<
    /b> The origin server did not find a current representation for the target resource or is 
    not willing to disclose that one exists.</p><hr class="line" /><h3>Apache Tomcat/8.5.58</h
    3></body></html>
Error -26627: HTTP Status-Code=404 (Not Found) for "http://localhost:8080/WebApp/AppServlet"  	[MsgId: MERR-26627]
End auto log messages stack.	[MsgId: MMSG-10544]


Start auto log messages stack - Iteration 1007.	[MsgId: MMSG-10545]
t=1330586ms: Closing connection [0] to localhost after receiving status code 404  	[MsgId: MMSG-26000]
t=1330586ms: Closed connection [0] to localhost:8080 after completing 0 request(s)  	[MsgId: MMSG-26000]
t=1330586ms: Request done "http://localhost:8080/WebApp/AppServlet"  	[MsgId: MMSG-26000]
Error -26377: No match found for the requested parameter "Final". Either the specified boundaries were not found in the response or the matched text is longer than current max html parameter size of 256 bytes. The total length of the response is 792 bytes. You can use "web_set_max_html_param_len" to increase the max parameter size.  	[MsgId: MERR-26377]
End auto log messages stack.	[MsgId: MMSG-10544]


Start auto log messages stack - Iteration 1139.	[MsgId: MMSG-10545]
    76;} h1 {font-size:22px;} h2 {font-size:16px;} h3 {font-size:14px;} p {font-size:12px;} a 
    {color:black;} .line {height:1px;background-color:#525D76;border:none;}</style></head><bod
    y><h1>HTTP Status 404 \xE2\x80\x93 \xD0\x9D\xD0\xB5 \xD0\xBD\xD0\xB0\xD0\xB9\xD0\xB4\xD0\xB5
    \xD0\xBD\xD0\xBE</h1><hr class="line" /><p><b>Type</b> Status Report</p><p><b>Message</b> 
    The requested resource [&#47;WebApp&#47;AppServlet] is not available</p><p><b>Description<
    /b> The origin server did not find a current representation for the target resource or is 
    not willing to disclose that one exists.</p><hr class="line" /><h3>Apache Tomcat/8.5.58</h
    3></body></html>
Error -26627: HTTP Status-Code=404 (Not Found) for "http://localhost:8080/WebApp/AppServlet"  	[MsgId: MERR-26627]
End auto log messages stack.	[MsgId: MMSG-10544]


Start auto log messages stack - Iteration 1139.	[MsgId: MMSG-10545]
t=1330589ms: Closing connection [0] to localhost after receiving status code 404  	[MsgId: MMSG-26000]
t=1330589ms: Closed connection [0] to localhost:8080 after completing 0 request(s)  	[MsgId: MMSG-26000]
t=1330589ms: Request done "http://localhost:8080/WebApp/AppServlet"  	[MsgId: MMSG-26000]
Error -26377: No match found for the requested parameter "Final". Either the specified boundaries were not found in the response or the matched text is longer than current max html parameter size of 256 bytes. The total length of the response is 792 bytes. You can use "web_set_max_html_param_len" to increase the max parameter size.  	[MsgId: MERR-26377]
End auto log messages stack.	[MsgId: MMSG-10544]


Start auto log messages stack - Iteration 1019.	[MsgId: MMSG-10545]
    76;} h1 {font-size:22px;} h2 {font-size:16px;} h3 {font-size:14px;} p {font-size:12px;} a 
    {color:black;} .line {height:1px;background-color:#525D76;border:none;}</style></head><bod
    y><h1>HTTP Status 404 \xE2\x80\x93 \xD0\x9D\xD0\xB5 \xD0\xBD\xD0\xB0\xD0\xB9\xD0\xB4\xD0\xB5
    \xD0\xBD\xD0\xBE</h1><hr class="line" /><p><b>Type</b> Status Report</p><p><b>Message</b> 
    The requested resource [&#47;WebApp&#47;AppServlet] is not available</p><p><b>Description<
    /b> The origin server did not find a current representation for the target resource or is 
    not willing to disclose that one exists.</p><hr class="line" /><h3>Apache Tomcat/8.5.58</h
    3></body></html>
Error -26627: HTTP Status-Code=404 (Not Found) for "http://localhost:8080/WebApp/AppServlet"  	[MsgId: MERR-26627]
End auto log messages stack.	[MsgId: MMSG-10544]


Start auto log messages stack - Iteration 1019.	[MsgId: MMSG-10545]
t=1330608ms: Closing connection [0] to localhost after receiving status code 404  	[MsgId: MMSG-26000]
t=1330608ms: Closed connection [0] to localhost:8080 after completing 0 request(s)  	[MsgId: MMSG-26000]
t=1330608ms: Request done "http://localhost:8080/WebApp/AppServlet"  	[MsgId: MMSG-26000]
Error -26377: No match found for the requested parameter "Final". Either the specified boundaries were not found in the response or the matched text is longer than current max html parameter size of 256 bytes. The total length of the response is 792 bytes. You can use "web_set_max_html_param_len" to increase the max parameter size.  	[MsgId: MERR-26377]
End auto log messages stack.	[MsgId: MMSG-10544]


Start auto log messages stack - Iteration 1091.	[MsgId: MMSG-10545]
    76;} h1 {font-size:22px;} h2 {font-size:16px;} h3 {font-size:14px;} p {font-size:12px;} a 
    {color:black;} .line {height:1px;background-color:#525D76;border:none;}</style></head><bod
    y><h1>HTTP Status 404 \xE2\x80\x93 \xD0\x9D\xD0\xB5 \xD0\xBD\xD0\xB0\xD0\xB9\xD0\xB4\xD0\xB5
    \xD0\xBD\xD0\xBE</h1><hr class="line" /><p><b>Type</b> Status Report</p><p><b>Message</b> 
    The requested resource [&#47;WebApp&#47;AppServlet] is not available</p><p><b>Description<
    /b> The origin server did not find a current representation for the target resource or is 
    not willing to disclose that one exists.</p><hr class="line" /><h3>Apache Tomcat/8.5.58</h
    3></body></html>
Error -26627: HTTP Status-Code=404 (Not Found) for "http://localhost:8080/WebApp/AppServlet"  	[MsgId: MERR-26627]
End auto log messages stack.	[MsgId: MMSG-10544]


Start auto log messages stack - Iteration 1091.	[MsgId: MMSG-10545]
t=1330613ms: Closing connection [0] to localhost after receiving status code 404  	[MsgId: MMSG-26000]
t=1330613ms: Closed connection [0] to localhost:8080 after completing 0 request(s)  	[MsgId: MMSG-26000]
t=1330613ms: Request done "http://localhost:8080/WebApp/AppServlet"  	[MsgId: MMSG-26000]
Error -26377: No match found for the requested parameter "Final". Either the specified boundaries were not found in the response or the matched text is longer than current max html parameter size of 256 bytes. The total length of the response is 792 bytes. You can use "web_set_max_html_param_len" to increase the max parameter size.  	[MsgId: MERR-26377]
End auto log messages stack.	[MsgId: MMSG-10544]


Start auto log messages stack - Iteration 995.	[MsgId: MMSG-10545]
    76;} h1 {font-size:22px;} h2 {font-size:16px;} h3 {font-size:14px;} p {font-size:12px;} a 
    {color:black;} .line {height:1px;background-color:#525D76;border:none;}</style></head><bod
    y><h1>HTTP Status 404 \xE2\x80\x93 \xD0\x9D\xD0\xB5 \xD0\xBD\xD0\xB0\xD0\xB9\xD0\xB4\xD0\xB5
    \xD0\xBD\xD0\xBE</h1><hr class="line" /><p><b>Type</b> Status Report</p><p><b>Message</b> 
    The requested resource [&#47;WebApp&#47;AppServlet] is not available</p><p><b>Description<
    /b> The origin server did not find a current representation for the target resource or is 
    not willing to disclose that one exists.</p><hr class="line" /><h3>Apache Tomcat/8.5.58</h
    3></body></html>
Error -26627: HTTP Status-Code=404 (Not Found) for "http://localhost:8080/WebApp/AppServlet"  	[MsgId: MERR-26627]
End auto log messages stack.	[MsgId: MMSG-10544]


Start auto log messages stack - Iteration 995.	[MsgId: MMSG-10545]
t=1330660ms: Closing connection [0] to localhost after receiving status code 404  	[MsgId: MMSG-26000]
t=1330660ms: Closed connection [0] to localhost:8080 after completing 0 request(s)  	[MsgId: MMSG-26000]
t=1330660ms: Request done "http://localhost:8080/WebApp/AppServlet"  	[MsgId: MMSG-26000]
Error -26377: No match found for the requested parameter "Final". Either the specified boundaries were not found in the response or the matched text is longer than current max html parameter size of 256 bytes. The total length of the response is 792 bytes. You can use "web_set_max_html_param_len" to increase the max parameter size.  	[MsgId: MERR-26377]
End auto log messages stack.	[MsgId: MMSG-10544]


Start auto log messages stack - Iteration 983.	[MsgId: MMSG-10545]
    76;} h1 {font-size:22px;} h2 {font-size:16px;} h3 {font-size:14px;} p {font-size:12px;} a 
    {color:black;} .line {height:1px;background-color:#525D76;border:none;}</style></head><bod
    y><h1>HTTP Status 404 \xE2\x80\x93 \xD0\x9D\xD0\xB5 \xD0\xBD\xD0\xB0\xD0\xB9\xD0\xB4\xD0\xB5
    \xD0\xBD\xD0\xBE</h1><hr class="line" /><p><b>Type</b> Status Report</p><p><b>Message</b> 
    The requested resource [&#47;WebApp&#47;AppServlet] is not available</p><p><b>Description<
    /b> The origin server did not find a current representation for the target resource or is 
    not willing to disclose that one exists.</p><hr class="line" /><h3>Apache Tomcat/8.5.58</h
    3></body></html>
Error -26627: HTTP Status-Code=404 (Not Found) for "http://localhost:8080/WebApp/AppServlet"  	[MsgId: MERR-26627]
End auto log messages stack.	[MsgId: MMSG-10544]


Start auto log messages stack - Iteration 983.	[MsgId: MMSG-10545]
t=1330678ms: Closing connection [0] to localhost after receiving status code 404  	[MsgId: MMSG-26000]
t=1330678ms: Closed connection [0] to localhost:8080 after completing 0 request(s)  	[MsgId: MMSG-26000]
t=1330678ms: Request done "http://localhost:8080/WebApp/AppServlet"  	[MsgId: MMSG-26000]
Error -26377: No match found for the requested parameter "Final". Either the specified boundaries were not found in the response or the matched text is longer than current max html parameter size of 256 bytes. The total length of the response is 792 bytes. You can use "web_set_max_html_param_len" to increase the max parameter size.  	[MsgId: MERR-26377]
End auto log messages stack.	[MsgId: MMSG-10544]


Start auto log messages stack - Iteration 971.	[MsgId: MMSG-10545]
    76;} h1 {font-size:22px;} h2 {font-size:16px;} h3 {font-size:14px;} p {font-size:12px;} a 
    {color:black;} .line {height:1px;background-color:#525D76;border:none;}</style></head><bod
    y><h1>HTTP Status 404 \xE2\x80\x93 \xD0\x9D\xD0\xB5 \xD0\xBD\xD0\xB0\xD0\xB9\xD0\xB4\xD0\xB5
    \xD0\xBD\xD0\xBE</h1><hr class="line" /><p><b>Type</b> Status Report</p><p><b>Message</b> 
    The requested resource [&#47;WebApp&#47;AppServlet] is not available</p><p><b>Description<
    /b> The origin server did not find a current representation for the target resource or is 
    not willing to disclose that one exists.</p><hr class="line" /><h3>Apache Tomcat/8.5.58</h
    3></body></html>
Error -26627: HTTP Status-Code=404 (Not Found) for "http://localhost:8080/WebApp/AppServlet"  	[MsgId: MERR-26627]
End auto log messages stack.	[MsgId: MMSG-10544]


Start auto log messages stack - Iteration 935.	[MsgId: MMSG-10545]
Start auto log messages stack - Iteration 971.	[MsgId: MMSG-10545]
t=1330699ms: Closing connection [0] to localhost after receiving status code 404  	[MsgId: MMSG-26000]
t=1330699ms: Closed connection [0] to localhost:8080 after completing 0 request(s)  	[MsgId: MMSG-26000]
t=1330699ms: Request done "http://localhost:8080/WebApp/AppServlet"  	[MsgId: MMSG-26000]
Error -26377: No match found for the requested parameter "Final". Either the specified boundaries were not found in the response or the matched text is longer than current max html parameter size of 256 bytes. The total length of the response is 792 bytes. You can use "web_set_max_html_param_len" to increase the max parameter size.  	[MsgId: MERR-26377]
End auto log messages stack.	[MsgId: MMSG-10544]


    76;} h1 {font-size:22px;} h2 {font-size:16px;} h3 {font-size:14px;} p {font-size:12px;} a 
    {color:black;} .line {height:1px;background-color:#525D76;border:none;}</style></head><bod
    y><h1>HTTP Status 404 \xE2\x80\x93 \xD0\x9D\xD0\xB5 \xD0\xBD\xD0\xB0\xD0\xB9\xD0\xB4\xD0\xB5
    \xD0\xBD\xD0\xBE</h1><hr class="line" /><p><b>Type</b> Status Report</p><p><b>Message</b> 
    The requested resource [&#47;WebApp&#47;AppServlet] is not available</p><p><b>Description<
    /b> The origin server did not find a current representation for the target resource or is 
    not willing to disclose that one exists.</p><hr class="line" /><h3>Apache Tomcat/8.5.58</h
    3></body></html>
Error -26627: HTTP Status-Code=404 (Not Found) for "http://localhost:8080/WebApp/AppServlet"  	[MsgId: MERR-26627]
End auto log messages stack.	[MsgId: MMSG-10544]


Start auto log messages stack - Iteration 935.	[MsgId: MMSG-10545]
t=1330700ms: Closing connection [0] to localhost after receiving status code 404  	[MsgId: MMSG-26000]
t=1330700ms: Closed connection [0] to localhost:8080 after completing 0 request(s)  	[MsgId: MMSG-26000]
t=1330700ms: Request done "http://localhost:8080/WebApp/AppServlet"  	[MsgId: MMSG-26000]
Error -26377: No match found for the requested parameter "Final". Either the specified boundaries were not found in the response or the matched text is longer than current max html parameter size of 256 bytes. The total length of the response is 792 bytes. You can use "web_set_max_html_param_len" to increase the max parameter size.  	[MsgId: MERR-26377]
End auto log messages stack.	[MsgId: MMSG-10544]


Start auto log messages stack - Iteration 959.	[MsgId: MMSG-10545]
    76;} h1 {font-size:22px;} h2 {font-size:16px;} h3 {font-size:14px;} p {font-size:12px;} a 
    {color:black;} .line {height:1px;background-color:#525D76;border:none;}</style></head><bod
    y><h1>HTTP Status 404 \xE2\x80\x93 \xD0\x9D\xD0\xB5 \xD0\xBD\xD0\xB0\xD0\xB9\xD0\xB4\xD0\xB5
    \xD0\xBD\xD0\xBE</h1><hr class="line" /><p><b>Type</b> Status Report</p><p><b>Message</b> 
    The requested resource [&#47;WebApp&#47;AppServlet] is not available</p><p><b>Description<
    /b> The origin server did not find a current representation for the target resource or is 
    not willing to disclose that one exists.</p><hr class="line" /><h3>Apache Tomcat/8.5.58</h
    3></body></html>
Error -26627: HTTP Status-Code=404 (Not Found) for "http://localhost:8080/WebApp/AppServlet"  	[MsgId: MERR-26627]
End auto log messages stack.	[MsgId: MMSG-10544]


Start auto log messages stack - Iteration 959.	[MsgId: MMSG-10545]
t=1330714ms: Closing connection [0] to localhost after receiving status code 404  	[MsgId: MMSG-26000]
t=1330715ms: Closed connection [0] to localhost:8080 after completing 0 request(s)  	[MsgId: MMSG-26000]
t=1330715ms: Request done "http://localhost:8080/WebApp/AppServlet"  	[MsgId: MMSG-26000]
Error -26377: No match found for the requested parameter "Final". Either the specified boundaries were not found in the response or the matched text is longer than current max html parameter size of 256 bytes. The total length of the response is 792 bytes. You can use "web_set_max_html_param_len" to increase the max parameter size.  	[MsgId: MERR-26377]
End auto log messages stack.	[MsgId: MMSG-10544]


Start auto log messages stack - Iteration 947.	[MsgId: MMSG-10545]
    76;} h1 {font-size:22px;} h2 {font-size:16px;} h3 {font-size:14px;} p {font-size:12px;} a 
    {color:black;} .line {height:1px;background-color:#525D76;border:none;}</style></head><bod
    y><h1>HTTP Status 404 \xE2\x80\x93 \xD0\x9D\xD0\xB5 \xD0\xBD\xD0\xB0\xD0\xB9\xD0\xB4\xD0\xB5
    \xD0\xBD\xD0\xBE</h1><hr class="line" /><p><b>Type</b> Status Report</p><p><b>Message</b> 
    The requested resource [&#47;WebApp&#47;AppServlet] is not available</p><p><b>Description<
    /b> The origin server did not find a current representation for the target resource or is 
    not willing to disclose that one exists.</p><hr class="line" /><h3>Apache Tomcat/8.5.58</h
    3></body></html>
Error -26627: HTTP Status-Code=404 (Not Found) for "http://localhost:8080/WebApp/AppServlet"  	[MsgId: MERR-26627]
End auto log messages stack.	[MsgId: MMSG-10544]


Start auto log messages stack - Iteration 947.	[MsgId: MMSG-10545]
t=1330737ms: Closing connection [0] to localhost after receiving status code 404  	[MsgId: MMSG-26000]
t=1330737ms: Closed connection [0] to localhost:8080 after completing 0 request(s)  	[MsgId: MMSG-26000]
t=1330737ms: Request done "http://localhost:8080/WebApp/AppServlet"  	[MsgId: MMSG-26000]
Error -26377: No match found for the requested parameter "Final". Either the specified boundaries were not found in the response or the matched text is longer than current max html parameter size of 256 bytes. The total length of the response is 792 bytes. You can use "web_set_max_html_param_len" to increase the max parameter size.  	[MsgId: MERR-26377]
End auto log messages stack.	[MsgId: MMSG-10544]


Start auto log messages stack - Iteration 923.	[MsgId: MMSG-10545]
    76;} h1 {font-size:22px;} h2 {font-size:16px;} h3 {font-size:14px;} p {font-size:12px;} a 
    {color:black;} .line {height:1px;background-color:#525D76;border:none;}</style></head><bod
    y><h1>HTTP Status 404 \xE2\x80\x93 \xD0\x9D\xD0\xB5 \xD0\xBD\xD0\xB0\xD0\xB9\xD0\xB4\xD0\xB5
    \xD0\xBD\xD0\xBE</h1><hr class="line" /><p><b>Type</b> Status Report</p><p><b>Message</b> 
    The requested resource [&#47;WebApp&#47;AppServlet] is not available</p><p><b>Description<
    /b> The origin server did not find a current representation for the target resource or is 
    not willing to disclose that one exists.</p><hr class="line" /><h3>Apache Tomcat/8.5.58</h
    3></body></html>
Error -26627: HTTP Status-Code=404 (Not Found) for "http://localhost:8080/WebApp/AppServlet"  	[MsgId: MERR-26627]
End auto log messages stack.	[MsgId: MMSG-10544]


Start auto log messages stack - Iteration 923.	[MsgId: MMSG-10545]
t=1330757ms: Closing connection [0] to localhost after receiving status code 404  	[MsgId: MMSG-26000]
t=1330757ms: Closed connection [0] to localhost:8080 after completing 0 request(s)  	[MsgId: MMSG-26000]
t=1330757ms: Request done "http://localhost:8080/WebApp/AppServlet"  	[MsgId: MMSG-26000]
Error -26377: No match found for the requested parameter "Final". Either the specified boundaries were not found in the response or the matched text is longer than current max html parameter size of 256 bytes. The total length of the response is 792 bytes. You can use "web_set_max_html_param_len" to increase the max parameter size.  	[MsgId: MERR-26377]
End auto log messages stack.	[MsgId: MMSG-10544]


Start auto log messages stack - Iteration 899.	[MsgId: MMSG-10545]
    76;} h1 {font-size:22px;} h2 {font-size:16px;} h3 {font-size:14px;} p {font-size:12px;} a 
    {color:black;} .line {height:1px;background-color:#525D76;border:none;}</style></head><bod
    y><h1>HTTP Status 404 \xE2\x80\x93 \xD0\x9D\xD0\xB5 \xD0\xBD\xD0\xB0\xD0\xB9\xD0\xB4\xD0\xB5
    \xD0\xBD\xD0\xBE</h1><hr class="line" /><p><b>Type</b> Status Report</p><p><b>Message</b> 
    The requested resource [&#47;WebApp&#47;AppServlet] is not available</p><p><b>Description<
    /b> The origin server did not find a current representation for the target resource or is 
    not willing to disclose that one exists.</p><hr class="line" /><h3>Apache Tomcat/8.5.58</h
    3></body></html>
Error -26627: HTTP Status-Code=404 (Not Found) for "http://localhost:8080/WebApp/AppServlet"  	[MsgId: MERR-26627]
End auto log messages stack.	[MsgId: MMSG-10544]


Start auto log messages stack - Iteration 899.	[MsgId: MMSG-10545]
t=1330772ms: Closing connection [0] to localhost after receiving status code 404  	[MsgId: MMSG-26000]
t=1330772ms: Closed connection [0] to localhost:8080 after completing 0 request(s)  	[MsgId: MMSG-26000]
t=1330772ms: Request done "http://localhost:8080/WebApp/AppServlet"  	[MsgId: MMSG-26000]
Error -26377: No match found for the requested parameter "Final". Either the specified boundaries were not found in the response or the matched text is longer than current max html parameter size of 256 bytes. The total length of the response is 792 bytes. You can use "web_set_max_html_param_len" to increase the max parameter size.  	[MsgId: MERR-26377]
End auto log messages stack.	[MsgId: MMSG-10544]


Start auto log messages stack - Iteration 911.	[MsgId: MMSG-10545]
    76;} h1 {font-size:22px;} h2 {font-size:16px;} h3 {font-size:14px;} p {font-size:12px;} a 
    {color:black;} .line {height:1px;background-color:#525D76;border:none;}</style></head><bod
    y><h1>HTTP Status 404 \xE2\x80\x93 \xD0\x9D\xD0\xB5 \xD0\xBD\xD0\xB0\xD0\xB9\xD0\xB4\xD0\xB5
    \xD0\xBD\xD0\xBE</h1><hr class="line" /><p><b>Type</b> Status Report</p><p><b>Message</b> 
    The requested resource [&#47;WebApp&#47;AppServlet] is not available</p><p><b>Description<
    /b> The origin server did not find a current representation for the target resource or is 
    not willing to disclose that one exists.</p><hr class="line" /><h3>Apache Tomcat/8.5.58</h
    3></body></html>
Error -26627: HTTP Status-Code=404 (Not Found) for "http://localhost:8080/WebApp/AppServlet"  	[MsgId: MERR-26627]
End auto log messages stack.	[MsgId: MMSG-10544]


Start auto log messages stack - Iteration 911.	[MsgId: MMSG-10545]
t=1330776ms: Closing connection [0] to localhost after receiving status code 404  	[MsgId: MMSG-26000]
t=1330776ms: Closed connection [0] to localhost:8080 after completing 0 request(s)  	[MsgId: MMSG-26000]
t=1330776ms: Request done "http://localhost:8080/WebApp/AppServlet"  	[MsgId: MMSG-26000]
Error -26377: No match found for the requested parameter "Final". Either the specified boundaries were not found in the response or the matched text is longer than current max html parameter size of 256 bytes. The total length of the response is 792 bytes. You can use "web_set_max_html_param_len" to increase the max parameter size.  	[MsgId: MERR-26377]
End auto log messages stack.	[MsgId: MMSG-10544]


Start auto log messages stack - Iteration 887.	[MsgId: MMSG-10545]
    76;} h1 {font-size:22px;} h2 {font-size:16px;} h3 {font-size:14px;} p {font-size:12px;} a 
    {color:black;} .line {height:1px;background-color:#525D76;border:none;}</style></head><bod
    y><h1>HTTP Status 404 \xE2\x80\x93 \xD0\x9D\xD0\xB5 \xD0\xBD\xD0\xB0\xD0\xB9\xD0\xB4\xD0\xB5
    \xD0\xBD\xD0\xBE</h1><hr class="line" /><p><b>Type</b> Status Report</p><p><b>Message</b> 
    The requested resource [&#47;WebApp&#47;AppServlet] is not available</p><p><b>Description<
    /b> The origin server did not find a current representation for the target resource or is 
    not willing to disclose that one exists.</p><hr class="line" /><h3>Apache Tomcat/8.5.58</h
    3></body></html>
Error -26627: HTTP Status-Code=404 (Not Found) for "http://localhost:8080/WebApp/AppServlet"  	[MsgId: MERR-26627]
End auto log messages stack.	[MsgId: MMSG-10544]


Start auto log messages stack - Iteration 887.	[MsgId: MMSG-10545]
t=1330792ms: Closing connection [0] to localhost after receiving status code 404  	[MsgId: MMSG-26000]
t=1330792ms: Closed connection [0] to localhost:8080 after completing 0 request(s)  	[MsgId: MMSG-26000]
t=1330792ms: Request done "http://localhost:8080/WebApp/AppServlet"  	[MsgId: MMSG-26000]
Error -26377: No match found for the requested parameter "Final". Either the specified boundaries were not found in the response or the matched text is longer than current max html parameter size of 256 bytes. The total length of the response is 792 bytes. You can use "web_set_max_html_param_len" to increase the max parameter size.  	[MsgId: MERR-26377]
End auto log messages stack.	[MsgId: MMSG-10544]


Start auto log messages stack - Iteration 863.	[MsgId: MMSG-10545]
    76;} h1 {font-size:22px;} h2 {font-size:16px;} h3 {font-size:14px;} p {font-size:12px;} a 
    {color:black;} .line {height:1px;background-color:#525D76;border:none;}</style></head><bod
    y><h1>HTTP Status 404 \xE2\x80\x93 \xD0\x9D\xD0\xB5 \xD0\xBD\xD0\xB0\xD0\xB9\xD0\xB4\xD0\xB5
    \xD0\xBD\xD0\xBE</h1><hr class="line" /><p><b>Type</b> Status Report</p><p><b>Message</b> 
    The requested resource [&#47;WebApp&#47;AppServlet] is not available</p><p><b>Description<
    /b> The origin server did not find a current representation for the target resource or is 
    not willing to disclose that one exists.</p><hr class="line" /><h3>Apache Tomcat/8.5.58</h
    3></body></html>
Error -26627: HTTP Status-Code=404 (Not Found) for "http://localhost:8080/WebApp/AppServlet"  	[MsgId: MERR-26627]
End auto log messages stack.	[MsgId: MMSG-10544]


Start auto log messages stack - Iteration 863.	[MsgId: MMSG-10545]
t=1330800ms: Closing connection [0] to localhost after receiving status code 404  	[MsgId: MMSG-26000]
t=1330800ms: Closed connection [0] to localhost:8080 after completing 0 request(s)  	[MsgId: MMSG-26000]
t=1330800ms: Request done "http://localhost:8080/WebApp/AppServlet"  	[MsgId: MMSG-26000]
Error -26377: No match found for the requested parameter "Final". Either the specified boundaries were not found in the response or the matched text is longer than current max html parameter size of 256 bytes. The total length of the response is 792 bytes. You can use "web_set_max_html_param_len" to increase the max parameter size.  	[MsgId: MERR-26377]
End auto log messages stack.	[MsgId: MMSG-10544]
Start auto log messages stack - Iteration 875.	[MsgId: MMSG-10545]


    76;} h1 {font-size:22px;} h2 {font-size:16px;} h3 {font-size:14px;} p {font-size:12px;} a 
    {color:black;} .line {height:1px;background-color:#525D76;border:none;}</style></head><bod
    y><h1>HTTP Status 404 \xE2\x80\x93 \xD0\x9D\xD0\xB5 \xD0\xBD\xD0\xB0\xD0\xB9\xD0\xB4\xD0\xB5
    \xD0\xBD\xD0\xBE</h1><hr class="line" /><p><b>Type</b> Status Report</p><p><b>Message</b> 
    The requested resource [&#47;WebApp&#47;AppServlet] is not available</p><p><b>Description<
    /b> The origin server did not find a current representation for the target resource or is 
    not willing to disclose that one exists.</p><hr class="line" /><h3>Apache Tomcat/8.5.58</h
    3></body></html>
Error -26627: HTTP Status-Code=404 (Not Found) for "http://localhost:8080/WebApp/AppServlet"  	[MsgId: MERR-26627]
End auto log messages stack.	[MsgId: MMSG-10544]


Start auto log messages stack - Iteration 875.	[MsgId: MMSG-10545]
t=1330801ms: Closing connection [0] to localhost after receiving status code 404  	[MsgId: MMSG-26000]
t=1330801ms: Closed connection [0] to localhost:8080 after completing 0 request(s)  	[MsgId: MMSG-26000]
t=1330801ms: Request done "http://localhost:8080/WebApp/AppServlet"  	[MsgId: MMSG-26000]
Error -26377: No match found for the requested parameter "Final". Either the specified boundaries were not found in the response or the matched text is longer than current max html parameter size of 256 bytes. The total length of the response is 792 bytes. You can use "web_set_max_html_param_len" to increase the max parameter size.  	[MsgId: MERR-26377]
End auto log messages stack.	[MsgId: MMSG-10544]


Start auto log messages stack - Iteration 851.	[MsgId: MMSG-10545]
    76;} h1 {font-size:22px;} h2 {font-size:16px;} h3 {font-size:14px;} p {font-size:12px;} a 
    {color:black;} .line {height:1px;background-color:#525D76;border:none;}</style></head><bod
    y><h1>HTTP Status 404 \xE2\x80\x93 \xD0\x9D\xD0\xB5 \xD0\xBD\xD0\xB0\xD0\xB9\xD0\xB4\xD0\xB5
    \xD0\xBD\xD0\xBE</h1><hr class="line" /><p><b>Type</b> Status Report</p><p><b>Message</b> 
    The requested resource [&#47;WebApp&#47;AppServlet] is not available</p><p><b>Description<
    /b> The origin server did not find a current representation for the target resource or is 
    not willing to disclose that one exists.</p><hr class="line" /><h3>Apache Tomcat/8.5.58</h
    3></body></html>
Error -26627: HTTP Status-Code=404 (Not Found) for "http://localhost:8080/WebApp/AppServlet"  	[MsgId: MERR-26627]
End auto log messages stack.	[MsgId: MMSG-10544]


Start auto log messages stack - Iteration 851.	[MsgId: MMSG-10545]
t=1330811ms: Closing connection [0] to localhost after receiving status code 404  	[MsgId: MMSG-26000]
t=1330811ms: Closed connection [0] to localhost:8080 after completing 0 request(s)  	[MsgId: MMSG-26000]
t=1330811ms: Request done "http://localhost:8080/WebApp/AppServlet"  	[MsgId: MMSG-26000]
Error -26377: No match found for the requested parameter "Final". Either the specified boundaries were not found in the response or the matched text is longer than current max html parameter size of 256 bytes. The total length of the response is 792 bytes. You can use "web_set_max_html_param_len" to increase the max parameter size.  	[MsgId: MERR-26377]
End auto log messages stack.	[MsgId: MMSG-10544]


Start auto log messages stack - Iteration 839.	[MsgId: MMSG-10545]
    76;} h1 {font-size:22px;} h2 {font-size:16px;} h3 {font-size:14px;} p {font-size:12px;} a 
    {color:black;} .line {height:1px;background-color:#525D76;border:none;}</style></head><bod
    y><h1>HTTP Status 404 \xE2\x80\x93 \xD0\x9D\xD0\xB5 \xD0\xBD\xD0\xB0\xD0\xB9\xD0\xB4\xD0\xB5
    \xD0\xBD\xD0\xBE</h1><hr class="line" /><p><b>Type</b> Status Report</p><p><b>Message</b> 
    The requested resource [&#47;WebApp&#47;AppServlet] is not available</p><p><b>Description<
    /b> The origin server did not find a current representation for the target resource or is 
    not willing to disclose that one exists.</p><hr class="line" /><h3>Apache Tomcat/8.5.58</h
    3></body></html>
Error -26627: HTTP Status-Code=404 (Not Found) for "http://localhost:8080/WebApp/AppServlet"  	[MsgId: MERR-26627]
End auto log messages stack.	[MsgId: MMSG-10544]


Start auto log messages stack - Iteration 839.	[MsgId: MMSG-10545]
t=1330856ms: Closing connection [0] to localhost after receiving status code 404  	[MsgId: MMSG-26000]
t=1330856ms: Closed connection [0] to localhost:8080 after completing 0 request(s)  	[MsgId: MMSG-26000]
t=1330856ms: Request done "http://localhost:8080/WebApp/AppServlet"  	[MsgId: MMSG-26000]
Error -26377: No match found for the requested parameter "Final". Either the specified boundaries were not found in the response or the matched text is longer than current max html parameter size of 256 bytes. The total length of the response is 792 bytes. You can use "web_set_max_html_param_len" to increase the max parameter size.  	[MsgId: MERR-26377]
End auto log messages stack.	[MsgId: MMSG-10544]


Start auto log messages stack - Iteration 815.	[MsgId: MMSG-10545]
    76;} h1 {font-size:22px;} h2 {font-size:16px;} h3 {font-size:14px;} p {font-size:12px;} a 
    {color:black;} .line {height:1px;background-color:#525D76;border:none;}</style></head><bod
    y><h1>HTTP Status 404 \xE2\x80\x93 \xD0\x9D\xD0\xB5 \xD0\xBD\xD0\xB0\xD0\xB9\xD0\xB4\xD0\xB5
    \xD0\xBD\xD0\xBE</h1><hr class="line" /><p><b>Type</b> Status Report</p><p><b>Message</b> 
    The requested resource [&#47;WebApp&#47;AppServlet] is not available</p><p><b>Description<
    /b> The origin server did not find a current representation for the target resource or is 
    not willing to disclose that one exists.</p><hr class="line" /><h3>Apache Tomcat/8.5.58</h
    3></body></html>
Error -26627: HTTP Status-Code=404 (Not Found) for "http://localhost:8080/WebApp/AppServlet"  	[MsgId: MERR-26627]
End auto log messages stack.	[MsgId: MMSG-10544]


Start auto log messages stack - Iteration 815.	[MsgId: MMSG-10545]
t=1330880ms: Closing connection [0] to localhost after receiving status code 404  	[MsgId: MMSG-26000]
t=1330880ms: Closed connection [0] to localhost:8080 after completing 0 request(s)  	[MsgId: MMSG-26000]
t=1330880ms: Request done "http://localhost:8080/WebApp/AppServlet"  	[MsgId: MMSG-26000]
Error -26377: No match found for the requested parameter "Final". Either the specified boundaries were not found in the response or the matched text is longer than current max html parameter size of 256 bytes. The total length of the response is 792 bytes. You can use "web_set_max_html_param_len" to increase the max parameter size.  	[MsgId: MERR-26377]
End auto log messages stack.	[MsgId: MMSG-10544]


Start auto log messages stack - Iteration 803.	[MsgId: MMSG-10545]
    76;} h1 {font-size:22px;} h2 {font-size:16px;} h3 {font-size:14px;} p {font-size:12px;} a 
    {color:black;} .line {height:1px;background-color:#525D76;border:none;}</style></head><bod
    y><h1>HTTP Status 404 \xE2\x80\x93 \xD0\x9D\xD0\xB5 \xD0\xBD\xD0\xB0\xD0\xB9\xD0\xB4\xD0\xB5
    \xD0\xBD\xD0\xBE</h1><hr class="line" /><p><b>Type</b> Status Report</p><p><b>Message</b> 
    The requested resource [&#47;WebApp&#47;AppServlet] is not available</p><p><b>Description<
    /b> The origin server did not find a current representation for the target resource or is 
    not willing to disclose that one exists.</p><hr class="line" /><h3>Apache Tomcat/8.5.58</h
    3></body></html>
Error -26627: HTTP Status-Code=404 (Not Found) for "http://localhost:8080/WebApp/AppServlet"  	[MsgId: MERR-26627]
End auto log messages stack.	[MsgId: MMSG-10544]


Start auto log messages stack - Iteration 803.	[MsgId: MMSG-10545]
t=1330892ms: Closing connection [0] to localhost after receiving status code 404  	[MsgId: MMSG-26000]
t=1330892ms: Closed connection [0] to localhost:8080 after completing 0 request(s)  	[MsgId: MMSG-26000]
t=1330892ms: Request done "http://localhost:8080/WebApp/AppServlet"  	[MsgId: MMSG-26000]
Error -26377: No match found for the requested parameter "Final". Either the specified boundaries were not found in the response or the matched text is longer than current max html parameter size of 256 bytes. The total length of the response is 792 bytes. You can use "web_set_max_html_param_len" to increase the max parameter size.  	[MsgId: MERR-26377]
End auto log messages stack.	[MsgId: MMSG-10544]


